<?xml version="1.0" encoding="UTF-8"?>
<TestRun id="2a7a0984-f6c1-4b1f-84f8-7fe463734268" name="Administrator@WINDOWS-NET012 2015-09-10 19:08:25" runUser="WINDOWS-NET012\Administrator" xmlns="http://microsoft.com/schemas/VisualStudio/TeamTest/2010">
  <TestSettings name="本地" id="c6ce192d-70fe-4e52-ba5a-da7ab56ebd22">
    <Description>这些设置为本地测试运行的默认测试设置。</Description>
    <Execution>
      <TestTypeSpecific />
      <AgentRule name="Execution Agents">
      </AgentRule>
    </Execution>
    <Deployment runDeploymentRoot="Administrator_WINDOWS-NET012 2015-09-10 19_08_25" />
    <Properties />
  </TestSettings>
  <Times creation="2015-09-10T19:08:25.0293772+08:00" queuing="2015-09-10T19:08:25.2923922+08:00" start="2015-09-10T19:08:25.3893978+08:00" finish="2015-09-10T19:10:01.8289138+08:00" />
  <ResultSummary outcome="Completed">
    <Counters total="1" executed="1" passed="1" error="0" failed="0" timeout="0" aborted="0" inconclusive="0" passedButRunAborted="0" notRunnable="0" notExecuted="0" disconnected="0" warning="0" completed="0" inProgress="0" pending="0" />
  </ResultSummary>
  <TestDefinitions>
    <WebTest name="WebTest2" storage="d:\logindemo\mylogindemo\logindemo\logindemo.web.webandloadtest\webtest2.webtest" id="8d274bfb-7f23-4a76-9359-8d14cb3dd4c0" persistedWebTest="77u/PD94bWwgdmVyc2lvbj0iMS4wIiBlbmNvZGluZz0iVVRGLTgiIHN0YW5kYWxvbmU9InllcyI/Pg0KPFdlYlRlc3QgTmFtZT0iV2ViVGVzdDIiIElkPSI4ZDI3NGJmYi03ZjIzLTRhNzYtOTM1OS04ZDE0Y2IzZGQ0YzAiIE93bmVyPSIiIFByaW9yaXR5PSIyMTQ3NDgzNjQ3IiBFbmFibGVkPSJUcnVlIiBDc3NQcm9qZWN0U3RydWN0dXJlPSIiIENzc0l0ZXJhdGlvbj0iIiBUaW1lb3V0PSIwIiBXb3JrSXRlbUlkcz0iIiB4bWxucz0iaHR0cDovL21pY3Jvc29mdC5jb20vc2NoZW1hcy9WaXN1YWxTdHVkaW8vVGVhbVRlc3QvMjAxMCIgRGVzY3JpcHRpb249IiIgQ3JlZGVudGlhbFVzZXJOYW1lPSIiIENyZWRlbnRpYWxQYXNzd29yZD0iIiBQcmVBdXRoZW50aWNhdGU9IlRydWUiIFByb3h5PSJkZWZhdWx0IiBTdG9wT25FcnJvcj0iRmFsc2UiIFJlY29yZGVkUmVzdWx0RmlsZT0iV2ViVGVzdDIuNWIxZjMwNzItYzY5MS00NDVkLThmZDEtNWY1MTQ1ODAxOWVlLnJlYy53ZWJ0ZXN0cmVzdWx0IiBSZXN1bHRzTG9jYWxlPSIiPg0KICA8SXRlbXM+DQogICAgPFJlcXVlc3QgTWV0aG9kPSJHRVQiIEd1aWQ9IjVhMDZjNzJiLWVjMTAtNDdlYi05Y2JiLWRhMzZjNmZkMzU3MCIgVmVyc2lvbj0iMS4xIiBVcmw9Imh0dHA6Ly93d3cubG9naW5kZW1vLmNvbS91c2Vycy91c2VyL3VzZXJsaXN0IiBUaGlua1RpbWU9IjAiIFRpbWVvdXQ9IjMwMCIgUGFyc2VEZXBlbmRlbnRSZXF1ZXN0cz0iVHJ1ZSIgRm9sbG93UmVkaXJlY3RzPSJUcnVlIiBSZWNvcmRSZXN1bHQ9IlRydWUiIENhY2hlPSJGYWxzZSIgUmVzcG9uc2VUaW1lR29hbD0iMCIgRW5jb2Rpbmc9InV0Zi04IiBFeHBlY3RlZEh0dHBTdGF0dXNDb2RlPSIwIiBFeHBlY3RlZFJlc3BvbnNlVXJsPSIiIFJlcG9ydGluZ05hbWU9IiIgSWdub3JlSHR0cFN0YXR1c0NvZGU9IkZhbHNlIj4NCiAgICAgIDxDb3JyZWxhdGlvbkV4dHJhY3Rpb25SdWxlcz4NCiAgICAgICAgPEV4dHJhY3Rpb25SdWxlIENsYXNzbmFtZT0iTWljcm9zb2Z0LlZpc3VhbFN0dWRpby5UZXN0VG9vbHMuV2ViVGVzdGluZy5SdWxlcy5FeHRyYWN0VGV4dCwgTWljcm9zb2Z0LlZpc3VhbFN0dWRpby5RdWFsaXR5VG9vbHMuV2ViVGVzdEZyYW1ld29yaywgVmVyc2lvbj0xMC4wLjAuMCwgQ3VsdHVyZT1uZXV0cmFsLCBQdWJsaWNLZXlUb2tlbj1iMDNmNWY3ZjExZDUwYTNhIiBWYXJpYWJsZU5hbWU9IlF1ZXJ5U3RyaW5nUGFyYW0yLnBhZ2VJbmRleCIgRGlzcGxheU5hbWU9IiIgRGVzY3JpcHRpb249IiI+DQogICAgICAgICAgPFJ1bGVQYXJhbWV0ZXJzPg0KICAgICAgICAgICAgPFJ1bGVQYXJhbWV0ZXIgTmFtZT0iU3RhcnRzV2l0aCIgVmFsdWU9Ij9wYWdlSW5kZXg9IiAvPg0KICAgICAgICAgICAgPFJ1bGVQYXJhbWV0ZXIgTmFtZT0iRW5kc1dpdGgiIFZhbHVlPSImcXVvdDsiIC8+DQogICAgICAgICAgICA8UnVsZVBhcmFtZXRlciBOYW1lPSJJbmRleCIgVmFsdWU9IjEiIC8+DQogICAgICAgICAgICA8UnVsZVBhcmFtZXRlciBOYW1lPSJJZ25vcmVDYXNlIiBWYWx1ZT0iRmFsc2UiIC8+DQogICAgICAgICAgICA8UnVsZVBhcmFtZXRlciBOYW1lPSJVc2VSZWd1bGFyRXhwcmVzc2lvbiIgVmFsdWU9IkZhbHNlIiAvPg0KICAgICAgICAgICAgPFJ1bGVQYXJhbWV0ZXIgTmFtZT0iSHRtbERlY29kZSIgVmFsdWU9IlRydWUiIC8+DQogICAgICAgICAgICA8UnVsZVBhcmFtZXRlciBOYW1lPSJSZXF1aXJlZCIgVmFsdWU9IkZhbHNlIiAvPg0KICAgICAgICAgIDwvUnVsZVBhcmFtZXRlcnM+DQogICAgICAgIDwvRXh0cmFjdGlvblJ1bGU+DQogICAgICA8L0NvcnJlbGF0aW9uRXh0cmFjdGlvblJ1bGVzPg0KICAgIDwvUmVxdWVzdD4NCiAgICA8UmVxdWVzdCBNZXRob2Q9IkdFVCIgR3VpZD0iYzZhM2ZkYzktOTljYy00ODg1LWI0NzMtN2NiMjA0OWI4YTQwIiBWZXJzaW9uPSIxLjEiIFVybD0iaHR0cDovL2xvY2FsaG9zdDoyNjE3MS81ZWYzZmYzYzkzNzM0NTJhODEzMzlmMzBhZDkyODdiNS9hcnRlcnlTaWduYWxSL25lZ290aWF0ZSIgVGhpbmtUaW1lPSIwIiBUaW1lb3V0PSIzMDAiIFBhcnNlRGVwZW5kZW50UmVxdWVzdHM9IlRydWUiIEZvbGxvd1JlZGlyZWN0cz0iVHJ1ZSIgUmVjb3JkUmVzdWx0PSJUcnVlIiBDYWNoZT0iRmFsc2UiIFJlc3BvbnNlVGltZUdvYWw9IjAiIEVuY29kaW5nPSJ1dGYtOCIgRXhwZWN0ZWRIdHRwU3RhdHVzQ29kZT0iMCIgRXhwZWN0ZWRSZXNwb25zZVVybD0iIiBSZXBvcnRpbmdOYW1lPSIiIElnbm9yZUh0dHBTdGF0dXNDb2RlPSJGYWxzZSI+DQogICAgICA8SGVhZGVycz4NCiAgICAgICAgPEhlYWRlciBOYW1lPSJSZWZlcmVyIiBWYWx1ZT0iaHR0cDovL3d3dy5sb2dpbmRlbW8uY29tL3VzZXJzL3VzZXIvdXNlcmxpc3QiIC8+DQogICAgICA8L0hlYWRlcnM+DQogICAgICA8UXVlcnlTdHJpbmdQYXJhbWV0ZXJzPg0KICAgICAgICA8UXVlcnlTdHJpbmdQYXJhbWV0ZXIgTmFtZT0icmVxdWVzdFVybCIgVmFsdWU9Imh0dHAlM0ElMkYlMkZ3d3cubG9naW5kZW1vLmNvbSUyRnVzZXJzJTJGdXNlciUyRnVzZXJsaXN0IiBSZWNvcmRlZFZhbHVlPSJodHRwJTNBJTJGJTJGd3d3LmxvZ2luZGVtby5jb20lMkZ1c2VycyUyRnVzZXIlMkZ1c2VybGlzdCIgQ29ycmVsYXRpb25CaW5kaW5nPSIiIFVybEVuY29kZT0iRmFsc2UiIFVzZVRvR3JvdXBSZXN1bHRzPSJGYWxzZSIgLz4NCiAgICAgICAgPFF1ZXJ5U3RyaW5nUGFyYW1ldGVyIE5hbWU9ImJyb3dzZXJOYW1lIiBWYWx1ZT0iSW50ZXJuZXRFeHBsb3JlciIgUmVjb3JkZWRWYWx1ZT0iSW50ZXJuZXRFeHBsb3JlciIgQ29ycmVsYXRpb25CaW5kaW5nPSIiIFVybEVuY29kZT0iRmFsc2UiIFVzZVRvR3JvdXBSZXN1bHRzPSJGYWxzZSIgLz4NCiAgICAgICAgPFF1ZXJ5U3RyaW5nUGFyYW1ldGVyIE5hbWU9ImNsaWVudFByb3RvY29sIiBWYWx1ZT0iMS4zIiBSZWNvcmRlZFZhbHVlPSIxLjMiIENvcnJlbGF0aW9uQmluZGluZz0iIiBVcmxFbmNvZGU9IkZhbHNlIiBVc2VUb0dyb3VwUmVzdWx0cz0iRmFsc2UiIC8+DQogICAgICAgIDxRdWVyeVN0cmluZ1BhcmFtZXRlciBOYW1lPSJjYWxsYmFjayIgVmFsdWU9ImpRdWVyeTE4MjAzMjkxNDA0MTE3NjI4NDE3NV8xNDQxODgzMjYxNzg4IiBSZWNvcmRlZFZhbHVlPSJqUXVlcnkxODIwMzI5MTQwNDExNzYyODQxNzVfMTQ0MTg4MzI2MTc4OCIgQ29ycmVsYXRpb25CaW5kaW5nPSIiIFVybEVuY29kZT0iRmFsc2UiIFVzZVRvR3JvdXBSZXN1bHRzPSJGYWxzZSIgLz4NCiAgICAgICAgPFF1ZXJ5U3RyaW5nUGFyYW1ldGVyIE5hbWU9Il8iIFZhbHVlPSIxNDQxODgzMjYxODQ3IiBSZWNvcmRlZFZhbHVlPSIxNDQxODgzMjYxODQ3IiBDb3JyZWxhdGlvbkJpbmRpbmc9IiIgVXJsRW5jb2RlPSJGYWxzZSIgVXNlVG9Hcm91cFJlc3VsdHM9IkZhbHNlIiAvPg0KICAgICAgPC9RdWVyeVN0cmluZ1BhcmFtZXRlcnM+DQogICAgPC9SZXF1ZXN0Pg0KICAgIDxSZXF1ZXN0IE1ldGhvZD0iR0VUIiBHdWlkPSI0MTFlNjM1Yy1hYzE4LTQ1MDQtYmI0NS1iNDAyZjU0ODI2Y2QiIFZlcnNpb249IjEuMSIgVXJsPSJodHRwOi8vbG9jYWxob3N0OjI2MTcxLzVlZjNmZjNjOTM3MzQ1MmE4MTMzOWYzMGFkOTI4N2I1L2FydGVyeVNpZ25hbFIvY29ubmVjdCIgVGhpbmtUaW1lPSIwIiBUaW1lb3V0PSIzMDAiIFBhcnNlRGVwZW5kZW50UmVxdWVzdHM9IlRydWUiIEZvbGxvd1JlZGlyZWN0cz0iVHJ1ZSIgUmVjb3JkUmVzdWx0PSJUcnVlIiBDYWNoZT0iRmFsc2UiIFJlc3BvbnNlVGltZUdvYWw9IjAiIEVuY29kaW5nPSJ1dGYtOCIgRXhwZWN0ZWRIdHRwU3RhdHVzQ29kZT0iMCIgRXhwZWN0ZWRSZXNwb25zZVVybD0iIiBSZXBvcnRpbmdOYW1lPSIiIElnbm9yZUh0dHBTdGF0dXNDb2RlPSJGYWxzZSI+DQogICAgICA8SGVhZGVycz4NCiAgICAgICAgPEhlYWRlciBOYW1lPSJSZWZlcmVyIiBWYWx1ZT0iaHR0cDovL3d3dy5sb2dpbmRlbW8uY29tL3VzZXJzL3VzZXIvdXNlcmxpc3QiIC8+DQogICAgICA8L0hlYWRlcnM+DQogICAgICA8UXVlcnlTdHJpbmdQYXJhbWV0ZXJzPg0KICAgICAgICA8UXVlcnlTdHJpbmdQYXJhbWV0ZXIgTmFtZT0idHJhbnNwb3J0IiBWYWx1ZT0ibG9uZ1BvbGxpbmciIFJlY29yZGVkVmFsdWU9ImxvbmdQb2xsaW5nIiBDb3JyZWxhdGlvbkJpbmRpbmc9IiIgVXJsRW5jb2RlPSJGYWxzZSIgVXNlVG9Hcm91cFJlc3VsdHM9IkZhbHNlIiAvPg0KICAgICAgICA8UXVlcnlTdHJpbmdQYXJhbWV0ZXIgTmFtZT0iY29ubmVjdGlvblRva2VuIiBWYWx1ZT0iQVFBQUFOQ01uZDhCRmRFUmpIb0F3RSUyRkNsJTJCc0JBQUFBSW9qT3AlMkJxc1ZFJTJCckYwdVVUN3RXZ0FBQUFBQUNBQUFBQUFBUVpnQUFBQUVBQUNBQUFBQUJaVjNsdFozbTQ0JTJGSnA3ZDZoTmRNSk1RaFBVTEolMkJGbkJxYU5oUm1QTWZBQUFBQUFPZ0FBQUFBSUFBQ0FBQUFESDNSUGF1NjQ4SVo1RU1iMU5IcHU0RGRVM3BkY1doTzR2UldRaHB6MDVXakFBQUFBU09iNkMzMGN3NSUyQkw4WkpDTnhoTkhMJTJCelhNZnF4Q283YkpOVmFycm5PZiUyQm9ZcmxMTFdmNGdwUSUyRjloQ3JxTnhkQUFBQUE5elM3NHFHRHQlMkJVQnBSJTJCZ1BFS2pJTURuN1RMd2R4VHElMkJhbnIxVUU3Z2ljdEtBYXFMZXpwZEJwS05sSWZQcDU1MmRsZXdIc29Hdmk2dERqRENZM0VmUSUzRCUzRCIgUmVjb3JkZWRWYWx1ZT0iQVFBQUFOQ01uZDhCRmRFUmpIb0F3RSUyRkNsJTJCc0JBQUFBSW9qT3AlMkJxc1ZFJTJCckYwdVVUN3RXZ0FBQUFBQUNBQUFBQUFBUVpnQUFBQUVBQUNBQUFBQUJaVjNsdFozbTQ0JTJGSnA3ZDZoTmRNSk1RaFBVTEolMkJGbkJxYU5oUm1QTWZBQUFBQUFPZ0FBQUFBSUFBQ0FBQUFESDNSUGF1NjQ4SVo1RU1iMU5IcHU0RGRVM3BkY1doTzR2UldRaHB6MDVXakFBQUFBU09iNkMzMGN3NSUyQkw4WkpDTnhoTkhMJTJCelhNZnF4Q283YkpOVmFycm5PZiUyQm9ZcmxMTFdmNGdwUSUyRjloQ3JxTnhkQUFBQUE5elM3NHFHRHQlMkJVQnBSJTJCZ1BFS2pJTURuN1RMd2R4VHElMkJhbnIxVUU3Z2ljdEtBYXFMZXpwZEJwS05sSWZQcDU1MmRsZXdIc29Hdmk2dERqRENZM0VmUSUzRCUzRCIgQ29ycmVsYXRpb25CaW5kaW5nPSIiIFVybEVuY29kZT0iRmFsc2UiIFVzZVRvR3JvdXBSZXN1bHRzPSJGYWxzZSIgLz4NCiAgICAgICAgPFF1ZXJ5U3RyaW5nUGFyYW1ldGVyIE5hbWU9InJlcXVlc3RVcmwiIFZhbHVlPSJodHRwJTNBJTJGJTJGd3d3LmxvZ2luZGVtby5jb20lMkZ1c2VycyUyRnVzZXIlMkZ1c2VybGlzdCIgUmVjb3JkZWRWYWx1ZT0iaHR0cCUzQSUyRiUyRnd3dy5sb2dpbmRlbW8uY29tJTJGdXNlcnMlMkZ1c2VyJTJGdXNlcmxpc3QiIENvcnJlbGF0aW9uQmluZGluZz0iIiBVcmxFbmNvZGU9IkZhbHNlIiBVc2VUb0dyb3VwUmVzdWx0cz0iRmFsc2UiIC8+DQogICAgICAgIDxRdWVyeVN0cmluZ1BhcmFtZXRlciBOYW1lPSJicm93c2VyTmFtZSIgVmFsdWU9IkludGVybmV0RXhwbG9yZXIiIFJlY29yZGVkVmFsdWU9IkludGVybmV0RXhwbG9yZXIiIENvcnJlbGF0aW9uQmluZGluZz0iIiBVcmxFbmNvZGU9IkZhbHNlIiBVc2VUb0dyb3VwUmVzdWx0cz0iRmFsc2UiIC8+DQogICAgICAgIDxRdWVyeVN0cmluZ1BhcmFtZXRlciBOYW1lPSJ0aWQiIFZhbHVlPSI5IiBSZWNvcmRlZFZhbHVlPSI5IiBDb3JyZWxhdGlvbkJpbmRpbmc9IiIgVXJsRW5jb2RlPSJGYWxzZSIgVXNlVG9Hcm91cFJlc3VsdHM9IkZhbHNlIiAvPg0KICAgICAgICA8UXVlcnlTdHJpbmdQYXJhbWV0ZXIgTmFtZT0iY2FsbGJhY2siIFZhbHVlPSJqUXVlcnkxODIwMzI5MTQwNDExNzYyODQxNzVfMTQ0MTg4MzI2MTc4OCIgUmVjb3JkZWRWYWx1ZT0ialF1ZXJ5MTgyMDMyOTE0MDQxMTc2Mjg0MTc1XzE0NDE4ODMyNjE3ODgiIENvcnJlbGF0aW9uQmluZGluZz0iIiBVcmxFbmNvZGU9IkZhbHNlIiBVc2VUb0dyb3VwUmVzdWx0cz0iRmFsc2UiIC8+DQogICAgICAgIDxRdWVyeVN0cmluZ1BhcmFtZXRlciBOYW1lPSJfIiBWYWx1ZT0iMTQ0MTg4MzI2MjM0MCIgUmVjb3JkZWRWYWx1ZT0iMTQ0MTg4MzI2MjM0MCIgQ29ycmVsYXRpb25CaW5kaW5nPSIiIFVybEVuY29kZT0iRmFsc2UiIFVzZVRvR3JvdXBSZXN1bHRzPSJGYWxzZSIgLz4NCiAgICAgIDwvUXVlcnlTdHJpbmdQYXJhbWV0ZXJzPg0KICAgIDwvUmVxdWVzdD4NCiAgICA8UmVxdWVzdCBNZXRob2Q9IkdFVCIgR3VpZD0iMzRmNDg1MDAtOGRkYS00MTc0LWEzNDUtMTc2NWNlODBiZTkwIiBWZXJzaW9uPSIxLjEiIFVybD0iaHR0cDovL2xvY2FsaG9zdDoyNjE3MS81ZWYzZmYzYzkzNzM0NTJhODEzMzlmMzBhZDkyODdiNS9hcnRlcnlTaWduYWxSL3NlbmQiIFRoaW5rVGltZT0iMCIgVGltZW91dD0iMzAwIiBQYXJzZURlcGVuZGVudFJlcXVlc3RzPSJUcnVlIiBGb2xsb3dSZWRpcmVjdHM9IlRydWUiIFJlY29yZFJlc3VsdD0iVHJ1ZSIgQ2FjaGU9IkZhbHNlIiBSZXNwb25zZVRpbWVHb2FsPSIwIiBFbmNvZGluZz0idXRmLTgiIEV4cGVjdGVkSHR0cFN0YXR1c0NvZGU9IjAiIEV4cGVjdGVkUmVzcG9uc2VVcmw9IiIgUmVwb3J0aW5nTmFtZT0iIiBJZ25vcmVIdHRwU3RhdHVzQ29kZT0iRmFsc2UiPg0KICAgICAgPEhlYWRlcnM+DQogICAgICAgIDxIZWFkZXIgTmFtZT0iUmVmZXJlciIgVmFsdWU9Imh0dHA6Ly93d3cubG9naW5kZW1vLmNvbS91c2Vycy91c2VyL3VzZXJsaXN0IiAvPg0KICAgICAgPC9IZWFkZXJzPg0KICAgICAgPFF1ZXJ5U3RyaW5nUGFyYW1ldGVycz4NCiAgICAgICAgPFF1ZXJ5U3RyaW5nUGFyYW1ldGVyIE5hbWU9InRyYW5zcG9ydCIgVmFsdWU9ImxvbmdQb2xsaW5nIiBSZWNvcmRlZFZhbHVlPSJsb25nUG9sbGluZyIgQ29ycmVsYXRpb25CaW5kaW5nPSIiIFVybEVuY29kZT0iRmFsc2UiIFVzZVRvR3JvdXBSZXN1bHRzPSJGYWxzZSIgLz4NCiAgICAgICAgPFF1ZXJ5U3RyaW5nUGFyYW1ldGVyIE5hbWU9ImNvbm5lY3Rpb25Ub2tlbiIgVmFsdWU9IkFRQUFBTkNNbmQ4QkZkRVJqSG9Bd0UlMkZDbCUyQnNCQUFBQUlvak9wJTJCcXNWRSUyQnJGMHVVVDd0V2dBQUFBQUFDQUFBQUFBQVFaZ0FBQUFFQUFDQUFBQUFCWlYzbHRaM200NCUyRkpwN2Q2aE5kTUpNUWhQVUxKJTJCRm5CcWFOaFJtUE1mQUFBQUFBT2dBQUFBQUlBQUNBQUFBREgzUlBhdTY0OElaNUVNYjFOSHB1NERkVTNwZGNXaE80dlJXUWhwejA1V2pBQUFBQVNPYjZDMzBjdzUlMkJMOFpKQ054aE5ITCUyQnpYTWZxeENvN2JKTlZhcnJuT2YlMkJvWXJsTExXZjRncFElMkY5aENycU54ZEFBQUFBOXpTNzRxR0R0JTJCVUJwUiUyQmdQRUtqSU1EbjdUTHdkeFRxJTJCYW5yMVVFN2dpY3RLQWFxTGV6cGRCcEtObElmUHA1NTJkbGV3SHNvR3ZpNnREakRDWTNFZlElM0QlM0QiIFJlY29yZGVkVmFsdWU9IkFRQUFBTkNNbmQ4QkZkRVJqSG9Bd0UlMkZDbCUyQnNCQUFBQUlvak9wJTJCcXNWRSUyQnJGMHVVVDd0V2dBQUFBQUFDQUFBQUFBQVFaZ0FBQUFFQUFDQUFBQUFCWlYzbHRaM200NCUyRkpwN2Q2aE5kTUpNUWhQVUxKJTJCRm5CcWFOaFJtUE1mQUFBQUFBT2dBQUFBQUlBQUNBQUFBREgzUlBhdTY0OElaNUVNYjFOSHB1NERkVTNwZGNXaE80dlJXUWhwejA1V2pBQUFBQVNPYjZDMzBjdzUlMkJMOFpKQ054aE5ITCUyQnpYTWZxeENvN2JKTlZhcnJuT2YlMkJvWXJsTExXZjRncFElMkY5aENycU54ZEFBQUFBOXpTNzRxR0R0JTJCVUJwUiUyQmdQRUtqSU1EbjdUTHdkeFRxJTJCYW5yMVVFN2dpY3RLQWFxTGV6cGRCcEtObElmUHA1NTJkbGV3SHNvR3ZpNnREakRDWTNFZlElM0QlM0QiIENvcnJlbGF0aW9uQmluZGluZz0iIiBVcmxFbmNvZGU9IkZhbHNlIiBVc2VUb0dyb3VwUmVzdWx0cz0iRmFsc2UiIC8+DQogICAgICAgIDxRdWVyeVN0cmluZ1BhcmFtZXRlciBOYW1lPSJyZXF1ZXN0VXJsIiBWYWx1ZT0iaHR0cCUzQSUyRiUyRnd3dy5sb2dpbmRlbW8uY29tJTJGdXNlcnMlMkZ1c2VyJTJGdXNlcmxpc3QiIFJlY29yZGVkVmFsdWU9Imh0dHAlM0ElMkYlMkZ3d3cubG9naW5kZW1vLmNvbSUyRnVzZXJzJTJGdXNlciUyRnVzZXJsaXN0IiBDb3JyZWxhdGlvbkJpbmRpbmc9IiIgVXJsRW5jb2RlPSJGYWxzZSIgVXNlVG9Hcm91cFJlc3VsdHM9IkZhbHNlIiAvPg0KICAgICAgICA8UXVlcnlTdHJpbmdQYXJhbWV0ZXIgTmFtZT0iYnJvd3Nlck5hbWUiIFZhbHVlPSJJbnRlcm5ldEV4cGxvcmVyIiBSZWNvcmRlZFZhbHVlPSJJbnRlcm5ldEV4cGxvcmVyIiBDb3JyZWxhdGlvbkJpbmRpbmc9IiIgVXJsRW5jb2RlPSJGYWxzZSIgVXNlVG9Hcm91cFJlc3VsdHM9IkZhbHNlIiAvPg0KICAgICAgICA8UXVlcnlTdHJpbmdQYXJhbWV0ZXIgTmFtZT0iY2FsbGJhY2siIFZhbHVlPSJqUXVlcnkxODIwMzI5MTQwNDExNzYyODQxNzVfMTQ0MTg4MzI2MTc4OCIgUmVjb3JkZWRWYWx1ZT0ialF1ZXJ5MTgyMDMyOTE0MDQxMTc2Mjg0MTc1XzE0NDE4ODMyNjE3ODgiIENvcnJlbGF0aW9uQmluZGluZz0iIiBVcmxFbmNvZGU9IkZhbHNlIiBVc2VUb0dyb3VwUmVzdWx0cz0iRmFsc2UiIC8+DQogICAgICAgIDxRdWVyeVN0cmluZ1BhcmFtZXRlciBOYW1lPSJkYXRhIiBWYWx1ZT0iJTdCJTIybmFtZSUyMiUzQSUyMk1pY3Jvc29mdC5WaXN1YWxTdHVkaW8uV2ViLkJyb3dzZXJMaW5rLkNvcmVFeHRlbnNpb25GYWN0b3J5LmNvbm5lY3RlZCUyMiUyQyUyMmNhbGxiYWNrSWQlMjIlM0ExJTdEIiBSZWNvcmRlZFZhbHVlPSIlN0IlMjJuYW1lJTIyJTNBJTIyTWljcm9zb2Z0LlZpc3VhbFN0dWRpby5XZWIuQnJvd3NlckxpbmsuQ29yZUV4dGVuc2lvbkZhY3RvcnkuY29ubmVjdGVkJTIyJTJDJTIyY2FsbGJhY2tJZCUyMiUzQTElN0QiIENvcnJlbGF0aW9uQmluZGluZz0iIiBVcmxFbmNvZGU9IkZhbHNlIiBVc2VUb0dyb3VwUmVzdWx0cz0iRmFsc2UiIC8+DQogICAgICAgIDxRdWVyeVN0cmluZ1BhcmFtZXRlciBOYW1lPSJfIiBWYWx1ZT0iMTQ0MTg4MzI2MjQ4MyIgUmVjb3JkZWRWYWx1ZT0iMTQ0MTg4MzI2MjQ4MyIgQ29ycmVsYXRpb25CaW5kaW5nPSIiIFVybEVuY29kZT0iRmFsc2UiIFVzZVRvR3JvdXBSZXN1bHRzPSJGYWxzZSIgLz4NCiAgICAgIDwvUXVlcnlTdHJpbmdQYXJhbWV0ZXJzPg0KICAgIDwvUmVxdWVzdD4NCiAgICA8UmVxdWVzdCBNZXRob2Q9IkdFVCIgR3VpZD0iOTdlNjhhODUtOGZjYy00M2IwLWI4Y2QtN2Q2Y2I5OTdkNzM0IiBWZXJzaW9uPSIxLjEiIFVybD0iaHR0cDovL2xvY2FsaG9zdDoyNjE3MS81ZWYzZmYzYzkzNzM0NTJhODEzMzlmMzBhZDkyODdiNS9hcnRlcnlTaWduYWxSL3BvbGwiIFRoaW5rVGltZT0iMCIgVGltZW91dD0iMzAwIiBQYXJzZURlcGVuZGVudFJlcXVlc3RzPSJUcnVlIiBGb2xsb3dSZWRpcmVjdHM9IlRydWUiIFJlY29yZFJlc3VsdD0iVHJ1ZSIgQ2FjaGU9IkZhbHNlIiBSZXNwb25zZVRpbWVHb2FsPSIwIiBFbmNvZGluZz0idXRmLTgiIEV4cGVjdGVkSHR0cFN0YXR1c0NvZGU9IjAiIEV4cGVjdGVkUmVzcG9uc2VVcmw9IiIgUmVwb3J0aW5nTmFtZT0iIiBJZ25vcmVIdHRwU3RhdHVzQ29kZT0iRmFsc2UiPg0KICAgICAgPEhlYWRlcnM+DQogICAgICAgIDxIZWFkZXIgTmFtZT0iUmVmZXJlciIgVmFsdWU9Imh0dHA6Ly93d3cubG9naW5kZW1vLmNvbS91c2Vycy91c2VyL3VzZXJsaXN0IiAvPg0KICAgICAgPC9IZWFkZXJzPg0KICAgICAgPFF1ZXJ5U3RyaW5nUGFyYW1ldGVycz4NCiAgICAgICAgPFF1ZXJ5U3RyaW5nUGFyYW1ldGVyIE5hbWU9InRyYW5zcG9ydCIgVmFsdWU9ImxvbmdQb2xsaW5nIiBSZWNvcmRlZFZhbHVlPSJsb25nUG9sbGluZyIgQ29ycmVsYXRpb25CaW5kaW5nPSIiIFVybEVuY29kZT0iRmFsc2UiIFVzZVRvR3JvdXBSZXN1bHRzPSJGYWxzZSIgLz4NCiAgICAgICAgPFF1ZXJ5U3RyaW5nUGFyYW1ldGVyIE5hbWU9ImNvbm5lY3Rpb25Ub2tlbiIgVmFsdWU9IkFRQUFBTkNNbmQ4QkZkRVJqSG9Bd0UlMkZDbCUyQnNCQUFBQUlvak9wJTJCcXNWRSUyQnJGMHVVVDd0V2dBQUFBQUFDQUFBQUFBQVFaZ0FBQUFFQUFDQUFBQUFCWlYzbHRaM200NCUyRkpwN2Q2aE5kTUpNUWhQVUxKJTJCRm5CcWFOaFJtUE1mQUFBQUFBT2dBQUFBQUlBQUNBQUFBREgzUlBhdTY0OElaNUVNYjFOSHB1NERkVTNwZGNXaE80dlJXUWhwejA1V2pBQUFBQVNPYjZDMzBjdzUlMkJMOFpKQ054aE5ITCUyQnpYTWZxeENvN2JKTlZhcnJuT2YlMkJvWXJsTExXZjRncFElMkY5aENycU54ZEFBQUFBOXpTNzRxR0R0JTJCVUJwUiUyQmdQRUtqSU1EbjdUTHdkeFRxJTJCYW5yMVVFN2dpY3RLQWFxTGV6cGRCcEtObElmUHA1NTJkbGV3SHNvR3ZpNnREakRDWTNFZlElM0QlM0QiIFJlY29yZGVkVmFsdWU9IkFRQUFBTkNNbmQ4QkZkRVJqSG9Bd0UlMkZDbCUyQnNCQUFBQUlvak9wJTJCcXNWRSUyQnJGMHVVVDd0V2dBQUFBQUFDQUFBQUFBQVFaZ0FBQUFFQUFDQUFBQUFCWlYzbHRaM200NCUyRkpwN2Q2aE5kTUpNUWhQVUxKJTJCRm5CcWFOaFJtUE1mQUFBQUFBT2dBQUFBQUlBQUNBQUFBREgzUlBhdTY0OElaNUVNYjFOSHB1NERkVTNwZGNXaE80dlJXUWhwejA1V2pBQUFBQVNPYjZDMzBjdzUlMkJMOFpKQ054aE5ITCUyQnpYTWZxeENvN2JKTlZhcnJuT2YlMkJvWXJsTExXZjRncFElMkY5aENycU54ZEFBQUFBOXpTNzRxR0R0JTJCVUJwUiUyQmdQRUtqSU1EbjdUTHdkeFRxJTJCYW5yMVVFN2dpY3RLQWFxTGV6cGRCcEtObElmUHA1NTJkbGV3SHNvR3ZpNnREakRDWTNFZlElM0QlM0QiIENvcnJlbGF0aW9uQmluZGluZz0iIiBVcmxFbmNvZGU9IkZhbHNlIiBVc2VUb0dyb3VwUmVzdWx0cz0iRmFsc2UiIC8+DQogICAgICAgIDxRdWVyeVN0cmluZ1BhcmFtZXRlciBOYW1lPSJtZXNzYWdlSWQiIFZhbHVlPSJkLTY2NDVFRDA4LUIlMkMwJTdDQyUyQzElN0NEJTJDMCIgUmVjb3JkZWRWYWx1ZT0iZC02NjQ1RUQwOC1CJTJDMCU3Q0MlMkMxJTdDRCUyQzAiIENvcnJlbGF0aW9uQmluZGluZz0iIiBVcmxFbmNvZGU9IkZhbHNlIiBVc2VUb0dyb3VwUmVzdWx0cz0iRmFsc2UiIC8+DQogICAgICAgIDxRdWVyeVN0cmluZ1BhcmFtZXRlciBOYW1lPSJyZXF1ZXN0VXJsIiBWYWx1ZT0iaHR0cCUzQSUyRiUyRnd3dy5sb2dpbmRlbW8uY29tJTJGdXNlcnMlMkZ1c2VyJTJGdXNlcmxpc3QiIFJlY29yZGVkVmFsdWU9Imh0dHAlM0ElMkYlMkZ3d3cubG9naW5kZW1vLmNvbSUyRnVzZXJzJTJGdXNlciUyRnVzZXJsaXN0IiBDb3JyZWxhdGlvbkJpbmRpbmc9IiIgVXJsRW5jb2RlPSJGYWxzZSIgVXNlVG9Hcm91cFJlc3VsdHM9IkZhbHNlIiAvPg0KICAgICAgICA8UXVlcnlTdHJpbmdQYXJhbWV0ZXIgTmFtZT0iYnJvd3Nlck5hbWUiIFZhbHVlPSJJbnRlcm5ldEV4cGxvcmVyIiBSZWNvcmRlZFZhbHVlPSJJbnRlcm5ldEV4cGxvcmVyIiBDb3JyZWxhdGlvbkJpbmRpbmc9IiIgVXJsRW5jb2RlPSJGYWxzZSIgVXNlVG9Hcm91cFJlc3VsdHM9IkZhbHNlIiAvPg0KICAgICAgICA8UXVlcnlTdHJpbmdQYXJhbWV0ZXIgTmFtZT0idGlkIiBWYWx1ZT0iNyIgUmVjb3JkZWRWYWx1ZT0iNyIgQ29ycmVsYXRpb25CaW5kaW5nPSIiIFVybEVuY29kZT0iRmFsc2UiIFVzZVRvR3JvdXBSZXN1bHRzPSJGYWxzZSIgLz4NCiAgICAgICAgPFF1ZXJ5U3RyaW5nUGFyYW1ldGVyIE5hbWU9ImNhbGxiYWNrIiBWYWx1ZT0ialF1ZXJ5MTgyMDMyOTE0MDQxMTc2Mjg0MTc1XzE0NDE4ODMyNjE3ODkiIFJlY29yZGVkVmFsdWU9ImpRdWVyeTE4MjAzMjkxNDA0MTE3NjI4NDE3NV8xNDQxODgzMjYxNzg5IiBDb3JyZWxhdGlvbkJpbmRpbmc9IiIgVXJsRW5jb2RlPSJGYWxzZSIgVXNlVG9Hcm91cFJlc3VsdHM9IkZhbHNlIiAvPg0KICAgICAgICA8UXVlcnlTdHJpbmdQYXJhbWV0ZXIgTmFtZT0iXyIgVmFsdWU9IjE0NDE4ODMyNjI0ODUiIFJlY29yZGVkVmFsdWU9IjE0NDE4ODMyNjI0ODUiIENvcnJlbGF0aW9uQmluZGluZz0iIiBVcmxFbmNvZGU9IkZhbHNlIiBVc2VUb0dyb3VwUmVzdWx0cz0iRmFsc2UiIC8+DQogICAgICA8L1F1ZXJ5U3RyaW5nUGFyYW1ldGVycz4NCiAgICA8L1JlcXVlc3Q+DQogICAgPFJlcXVlc3QgTWV0aG9kPSJHRVQiIEd1aWQ9ImM1MmRjNjkxLWZiOGEtNDRiYi1hNDUxLWY2NjVjZjA1NjQzYiIgVmVyc2lvbj0iMS4xIiBVcmw9Imh0dHA6Ly9sb2NhbGhvc3Q6MjYxNzEvNWVmM2ZmM2M5MzczNDUyYTgxMzM5ZjMwYWQ5Mjg3YjUvYXJ0ZXJ5U2lnbmFsUi9zZW5kIiBUaGlua1RpbWU9IjAiIFRpbWVvdXQ9IjMwMCIgUGFyc2VEZXBlbmRlbnRSZXF1ZXN0cz0iVHJ1ZSIgRm9sbG93UmVkaXJlY3RzPSJUcnVlIiBSZWNvcmRSZXN1bHQ9IlRydWUiIENhY2hlPSJGYWxzZSIgUmVzcG9uc2VUaW1lR29hbD0iMCIgRW5jb2Rpbmc9InV0Zi04IiBFeHBlY3RlZEh0dHBTdGF0dXNDb2RlPSIwIiBFeHBlY3RlZFJlc3BvbnNlVXJsPSIiIFJlcG9ydGluZ05hbWU9IiIgSWdub3JlSHR0cFN0YXR1c0NvZGU9IkZhbHNlIj4NCiAgICAgIDxIZWFkZXJzPg0KICAgICAgICA8SGVhZGVyIE5hbWU9IlJlZmVyZXIiIFZhbHVlPSJodHRwOi8vd3d3LmxvZ2luZGVtby5jb20vdXNlcnMvdXNlci91c2VybGlzdCIgLz4NCiAgICAgIDwvSGVhZGVycz4NCiAgICAgIDxRdWVyeVN0cmluZ1BhcmFtZXRlcnM+DQogICAgICAgIDxRdWVyeVN0cmluZ1BhcmFtZXRlciBOYW1lPSJ0cmFuc3BvcnQiIFZhbHVlPSJsb25nUG9sbGluZyIgUmVjb3JkZWRWYWx1ZT0ibG9uZ1BvbGxpbmciIENvcnJlbGF0aW9uQmluZGluZz0iIiBVcmxFbmNvZGU9IkZhbHNlIiBVc2VUb0dyb3VwUmVzdWx0cz0iRmFsc2UiIC8+DQogICAgICAgIDxRdWVyeVN0cmluZ1BhcmFtZXRlciBOYW1lPSJjb25uZWN0aW9uVG9rZW4iIFZhbHVlPSJBUUFBQU5DTW5kOEJGZEVSakhvQXdFJTJGQ2wlMkJzQkFBQUFJb2pPcCUyQnFzVkUlMkJyRjB1VVQ3dFdnQUFBQUFBQ0FBQUFBQUFRWmdBQUFBRUFBQ0FBQUFBQlpWM2x0WjNtNDQlMkZKcDdkNmhOZE1KTVFoUFVMSiUyQkZuQnFhTmhSbVBNZkFBQUFBQU9nQUFBQUFJQUFDQUFBQURIM1JQYXU2NDhJWjVFTWIxTkhwdTREZFUzcGRjV2hPNHZSV1FocHowNVdqQUFBQUFTT2I2QzMwY3c1JTJCTDhaSkNOeGhOSEwlMkJ6WE1mcXhDbzdiSk5WYXJybk9mJTJCb1lybExMV2Y0Z3BRJTJGOWhDcnFOeGRBQUFBQTl6Uzc0cUdEdCUyQlVCcFIlMkJnUEVLaklNRG43VEx3ZHhUcSUyQmFucjFVRTdnaWN0S0FhcUxlenBkQnBLTmxJZlBwNTUyZGxld0hzb0d2aTZ0RGpEQ1kzRWZRJTNEJTNEIiBSZWNvcmRlZFZhbHVlPSJBUUFBQU5DTW5kOEJGZEVSakhvQXdFJTJGQ2wlMkJzQkFBQUFJb2pPcCUyQnFzVkUlMkJyRjB1VVQ3dFdnQUFBQUFBQ0FBQUFBQUFRWmdBQUFBRUFBQ0FBQUFBQlpWM2x0WjNtNDQlMkZKcDdkNmhOZE1KTVFoUFVMSiUyQkZuQnFhTmhSbVBNZkFBQUFBQU9nQUFBQUFJQUFDQUFBQURIM1JQYXU2NDhJWjVFTWIxTkhwdTREZFUzcGRjV2hPNHZSV1FocHowNVdqQUFBQUFTT2I2QzMwY3c1JTJCTDhaSkNOeGhOSEwlMkJ6WE1mcXhDbzdiSk5WYXJybk9mJTJCb1lybExMV2Y0Z3BRJTJGOWhDcnFOeGRBQUFBQTl6Uzc0cUdEdCUyQlVCcFIlMkJnUEVLaklNRG43VEx3ZHhUcSUyQmFucjFVRTdnaWN0S0FhcUxlenBkQnBLTmxJZlBwNTUyZGxld0hzb0d2aTZ0RGpEQ1kzRWZRJTNEJTNEIiBDb3JyZWxhdGlvbkJpbmRpbmc9IiIgVXJsRW5jb2RlPSJGYWxzZSIgVXNlVG9Hcm91cFJlc3VsdHM9IkZhbHNlIiAvPg0KICAgICAgICA8UXVlcnlTdHJpbmdQYXJhbWV0ZXIgTmFtZT0icmVxdWVzdFVybCIgVmFsdWU9Imh0dHAlM0ElMkYlMkZ3d3cubG9naW5kZW1vLmNvbSUyRnVzZXJzJTJGdXNlciUyRnVzZXJsaXN0IiBSZWNvcmRlZFZhbHVlPSJodHRwJTNBJTJGJTJGd3d3LmxvZ2luZGVtby5jb20lMkZ1c2VycyUyRnVzZXIlMkZ1c2VybGlzdCIgQ29ycmVsYXRpb25CaW5kaW5nPSIiIFVybEVuY29kZT0iRmFsc2UiIFVzZVRvR3JvdXBSZXN1bHRzPSJGYWxzZSIgLz4NCiAgICAgICAgPFF1ZXJ5U3RyaW5nUGFyYW1ldGVyIE5hbWU9ImJyb3dzZXJOYW1lIiBWYWx1ZT0iSW50ZXJuZXRFeHBsb3JlciIgUmVjb3JkZWRWYWx1ZT0iSW50ZXJuZXRFeHBsb3JlciIgQ29ycmVsYXRpb25CaW5kaW5nPSIiIFVybEVuY29kZT0iRmFsc2UiIFVzZVRvR3JvdXBSZXN1bHRzPSJGYWxzZSIgLz4NCiAgICAgICAgPFF1ZXJ5U3RyaW5nUGFyYW1ldGVyIE5hbWU9ImNhbGxiYWNrIiBWYWx1ZT0ialF1ZXJ5MTgyMDMyOTE0MDQxMTc2Mjg0MTc1XzE0NDE4ODMyNjE3ODkiIFJlY29yZGVkVmFsdWU9ImpRdWVyeTE4MjAzMjkxNDA0MTE3NjI4NDE3NV8xNDQxODgzMjYxNzg5IiBDb3JyZWxhdGlvbkJpbmRpbmc9IiIgVXJsRW5jb2RlPSJGYWxzZSIgVXNlVG9Hcm91cFJlc3VsdHM9IkZhbHNlIiAvPg0KICAgICAgICA8UXVlcnlTdHJpbmdQYXJhbWV0ZXIgTmFtZT0iZGF0YSIgVmFsdWU9IiU3QiUyMm5hbWUlMjIlM0ElMjJtaWNyb3NvZnQudmlzdWFsc3R1ZGlvLndlYi5icm93c2VybGluay5odG1sbWFwcGluZ2V4dGVuc2lvbmZhY3RvcnkucmVzb2x2ZVVybCUyMiUyQyUyMmFyZ3MlMjIlM0ElNUIlMjJ+JTJGX19icm93c2VyTGluayUyRnJlcXVlc3REYXRhJTJGYWRkYWM5Mzk4Yjk2NGI1M2IxZTNhYTRjY2EyZTFjNmQlMjIlNUQlMkMlMjJjYWxsYmFja0lkJTIyJTNBMiU3RCIgUmVjb3JkZWRWYWx1ZT0iJTdCJTIybmFtZSUyMiUzQSUyMm1pY3Jvc29mdC52aXN1YWxzdHVkaW8ud2ViLmJyb3dzZXJsaW5rLmh0bWxtYXBwaW5nZXh0ZW5zaW9uZmFjdG9yeS5yZXNvbHZlVXJsJTIyJTJDJTIyYXJncyUyMiUzQSU1QiUyMn4lMkZfX2Jyb3dzZXJMaW5rJTJGcmVxdWVzdERhdGElMkZhZGRhYzkzOThiOTY0YjUzYjFlM2FhNGNjYTJlMWM2ZCUyMiU1RCUyQyUyMmNhbGxiYWNrSWQlMjIlM0EyJTdEIiBDb3JyZWxhdGlvbkJpbmRpbmc9IiIgVXJsRW5jb2RlPSJGYWxzZSIgVXNlVG9Hcm91cFJlc3VsdHM9IkZhbHNlIiAvPg0KICAgICAgICA8UXVlcnlTdHJpbmdQYXJhbWV0ZXIgTmFtZT0iXyIgVmFsdWU9IjE0NDE4ODMyNjI1NTMiIFJlY29yZGVkVmFsdWU9IjE0NDE4ODMyNjI1NTMiIENvcnJlbGF0aW9uQmluZGluZz0iIiBVcmxFbmNvZGU9IkZhbHNlIiBVc2VUb0dyb3VwUmVzdWx0cz0iRmFsc2UiIC8+DQogICAgICA8L1F1ZXJ5U3RyaW5nUGFyYW1ldGVycz4NCiAgICA8L1JlcXVlc3Q+DQogICAgPFJlcXVlc3QgTWV0aG9kPSJHRVQiIEd1aWQ9IjRhZmY2OWQ1LTgzMWYtNDViYS1hMzAzLTA1MDI3ZDA5NmI3NiIgVmVyc2lvbj0iMS4xIiBVcmw9Imh0dHA6Ly9sb2NhbGhvc3Q6MjYxNzEvNWVmM2ZmM2M5MzczNDUyYTgxMzM5ZjMwYWQ5Mjg3YjUvYXJ0ZXJ5U2lnbmFsUi9wb2xsIiBUaGlua1RpbWU9IjYiIFRpbWVvdXQ9IjMwMCIgUGFyc2VEZXBlbmRlbnRSZXF1ZXN0cz0iVHJ1ZSIgRm9sbG93UmVkaXJlY3RzPSJUcnVlIiBSZWNvcmRSZXN1bHQ9IlRydWUiIENhY2hlPSJGYWxzZSIgUmVzcG9uc2VUaW1lR29hbD0iMCIgRW5jb2Rpbmc9InV0Zi04IiBFeHBlY3RlZEh0dHBTdGF0dXNDb2RlPSIwIiBFeHBlY3RlZFJlc3BvbnNlVXJsPSIiIFJlcG9ydGluZ05hbWU9IiIgSWdub3JlSHR0cFN0YXR1c0NvZGU9IkZhbHNlIj4NCiAgICAgIDxIZWFkZXJzPg0KICAgICAgICA8SGVhZGVyIE5hbWU9IlJlZmVyZXIiIFZhbHVlPSJodHRwOi8vd3d3LmxvZ2luZGVtby5jb20vdXNlcnMvdXNlci91c2VybGlzdCIgLz4NCiAgICAgIDwvSGVhZGVycz4NCiAgICAgIDxRdWVyeVN0cmluZ1BhcmFtZXRlcnM+DQogICAgICAgIDxRdWVyeVN0cmluZ1BhcmFtZXRlciBOYW1lPSJ0cmFuc3BvcnQiIFZhbHVlPSJsb25nUG9sbGluZyIgUmVjb3JkZWRWYWx1ZT0ibG9uZ1BvbGxpbmciIENvcnJlbGF0aW9uQmluZGluZz0iIiBVcmxFbmNvZGU9IkZhbHNlIiBVc2VUb0dyb3VwUmVzdWx0cz0iRmFsc2UiIC8+DQogICAgICAgIDxRdWVyeVN0cmluZ1BhcmFtZXRlciBOYW1lPSJjb25uZWN0aW9uVG9rZW4iIFZhbHVlPSJBUUFBQU5DTW5kOEJGZEVSakhvQXdFJTJGQ2wlMkJzQkFBQUFJb2pPcCUyQnFzVkUlMkJyRjB1VVQ3dFdnQUFBQUFBQ0FBQUFBQUFRWmdBQUFBRUFBQ0FBQUFBQlpWM2x0WjNtNDQlMkZKcDdkNmhOZE1KTVFoUFVMSiUyQkZuQnFhTmhSbVBNZkFBQUFBQU9nQUFBQUFJQUFDQUFBQURIM1JQYXU2NDhJWjVFTWIxTkhwdTREZFUzcGRjV2hPNHZSV1FocHowNVdqQUFBQUFTT2I2QzMwY3c1JTJCTDhaSkNOeGhOSEwlMkJ6WE1mcXhDbzdiSk5WYXJybk9mJTJCb1lybExMV2Y0Z3BRJTJGOWhDcnFOeGRBQUFBQTl6Uzc0cUdEdCUyQlVCcFIlMkJnUEVLaklNRG43VEx3ZHhUcSUyQmFucjFVRTdnaWN0S0FhcUxlenBkQnBLTmxJZlBwNTUyZGxld0hzb0d2aTZ0RGpEQ1kzRWZRJTNEJTNEIiBSZWNvcmRlZFZhbHVlPSJBUUFBQU5DTW5kOEJGZEVSakhvQXdFJTJGQ2wlMkJzQkFBQUFJb2pPcCUyQnFzVkUlMkJyRjB1VVQ3dFdnQUFBQUFBQ0FBQUFBQUFRWmdBQUFBRUFBQ0FBQUFBQlpWM2x0WjNtNDQlMkZKcDdkNmhOZE1KTVFoUFVMSiUyQkZuQnFhTmhSbVBNZkFBQUFBQU9nQUFBQUFJQUFDQUFBQURIM1JQYXU2NDhJWjVFTWIxTkhwdTREZFUzcGRjV2hPNHZSV1FocHowNVdqQUFBQUFTT2I2QzMwY3c1JTJCTDhaSkNOeGhOSEwlMkJ6WE1mcXhDbzdiSk5WYXJybk9mJTJCb1lybExMV2Y0Z3BRJTJGOWhDcnFOeGRBQUFBQTl6Uzc0cUdEdCUyQlVCcFIlMkJnUEVLaklNRG43VEx3ZHhUcSUyQmFucjFVRTdnaWN0S0FhcUxlenBkQnBLTmxJZlBwNTUyZGxld0hzb0d2aTZ0RGpEQ1kzRWZRJTNEJTNEIiBDb3JyZWxhdGlvbkJpbmRpbmc9IiIgVXJsRW5jb2RlPSJGYWxzZSIgVXNlVG9Hcm91cFJlc3VsdHM9IkZhbHNlIiAvPg0KICAgICAgICA8UXVlcnlTdHJpbmdQYXJhbWV0ZXIgTmFtZT0ibWVzc2FnZUlkIiBWYWx1ZT0iZC02NjQ1RUQwOC1CJTJDMCU3Q0MlMkMyJTdDRCUyQzAiIFJlY29yZGVkVmFsdWU9ImQtNjY0NUVEMDgtQiUyQzAlN0NDJTJDMiU3Q0QlMkMwIiBDb3JyZWxhdGlvbkJpbmRpbmc9IiIgVXJsRW5jb2RlPSJGYWxzZSIgVXNlVG9Hcm91cFJlc3VsdHM9IkZhbHNlIiAvPg0KICAgICAgICA8UXVlcnlTdHJpbmdQYXJhbWV0ZXIgTmFtZT0icmVxdWVzdFVybCIgVmFsdWU9Imh0dHAlM0ElMkYlMkZ3d3cubG9naW5kZW1vLmNvbSUyRnVzZXJzJTJGdXNlciUyRnVzZXJsaXN0IiBSZWNvcmRlZFZhbHVlPSJodHRwJTNBJTJGJTJGd3d3LmxvZ2luZGVtby5jb20lMkZ1c2VycyUyRnVzZXIlMkZ1c2VybGlzdCIgQ29ycmVsYXRpb25CaW5kaW5nPSIiIFVybEVuY29kZT0iRmFsc2UiIFVzZVRvR3JvdXBSZXN1bHRzPSJGYWxzZSIgLz4NCiAgICAgICAgPFF1ZXJ5U3RyaW5nUGFyYW1ldGVyIE5hbWU9ImJyb3dzZXJOYW1lIiBWYWx1ZT0iSW50ZXJuZXRFeHBsb3JlciIgUmVjb3JkZWRWYWx1ZT0iSW50ZXJuZXRFeHBsb3JlciIgQ29ycmVsYXRpb25CaW5kaW5nPSIiIFVybEVuY29kZT0iRmFsc2UiIFVzZVRvR3JvdXBSZXN1bHRzPSJGYWxzZSIgLz4NCiAgICAgICAgPFF1ZXJ5U3RyaW5nUGFyYW1ldGVyIE5hbWU9InRpZCIgVmFsdWU9IjIiIFJlY29yZGVkVmFsdWU9IjIiIENvcnJlbGF0aW9uQmluZGluZz0iIiBVcmxFbmNvZGU9IkZhbHNlIiBVc2VUb0dyb3VwUmVzdWx0cz0iRmFsc2UiIC8+DQogICAgICAgIDxRdWVyeVN0cmluZ1BhcmFtZXRlciBOYW1lPSJjYWxsYmFjayIgVmFsdWU9ImpRdWVyeTE4MjAzMjkxNDA0MTE3NjI4NDE3NV8xNDQxODgzMjYxNzg4IiBSZWNvcmRlZFZhbHVlPSJqUXVlcnkxODIwMzI5MTQwNDExNzYyODQxNzVfMTQ0MTg4MzI2MTc4OCIgQ29ycmVsYXRpb25CaW5kaW5nPSIiIFVybEVuY29kZT0iRmFsc2UiIFVzZVRvR3JvdXBSZXN1bHRzPSJGYWxzZSIgLz4NCiAgICAgICAgPFF1ZXJ5U3RyaW5nUGFyYW1ldGVyIE5hbWU9Il8iIFZhbHVlPSIxNDQxODgzMjYyNTU0IiBSZWNvcmRlZFZhbHVlPSIxNDQxODgzMjYyNTU0IiBDb3JyZWxhdGlvbkJpbmRpbmc9IiIgVXJsRW5jb2RlPSJGYWxzZSIgVXNlVG9Hcm91cFJlc3VsdHM9IkZhbHNlIiAvPg0KICAgICAgPC9RdWVyeVN0cmluZ1BhcmFtZXRlcnM+DQogICAgPC9SZXF1ZXN0Pg0KICAgIDxSZXF1ZXN0IE1ldGhvZD0iR0VUIiBHdWlkPSIzYzFhYzQ2NC1jYmZjLTQ5MWEtYTEyZC00NjAzZDQ2ODBiNDIiIFZlcnNpb249IjEuMSIgVXJsPSJodHRwOi8vd3d3LmxvZ2luZGVtby5jb20vVXNlcnMvVXNlci9Vc2VyTGlzdCIgVGhpbmtUaW1lPSIwIiBUaW1lb3V0PSIzMDAiIFBhcnNlRGVwZW5kZW50UmVxdWVzdHM9IlRydWUiIEZvbGxvd1JlZGlyZWN0cz0iVHJ1ZSIgUmVjb3JkUmVzdWx0PSJUcnVlIiBDYWNoZT0iRmFsc2UiIFJlc3BvbnNlVGltZUdvYWw9IjAiIEVuY29kaW5nPSJ1dGYtOCIgRXhwZWN0ZWRIdHRwU3RhdHVzQ29kZT0iMCIgRXhwZWN0ZWRSZXNwb25zZVVybD0iIiBSZXBvcnRpbmdOYW1lPSIiIElnbm9yZUh0dHBTdGF0dXNDb2RlPSJGYWxzZSI+DQogICAgICA8SGVhZGVycz4NCiAgICAgICAgPEhlYWRlciBOYW1lPSJSZWZlcmVyIiBWYWx1ZT0iaHR0cDovL3d3dy5sb2dpbmRlbW8uY29tL3VzZXJzL3VzZXIvdXNlcmxpc3QiIC8+DQogICAgICA8L0hlYWRlcnM+DQogICAgICA8Q29ycmVsYXRpb25FeHRyYWN0aW9uUnVsZXM+DQogICAgICAgIDxFeHRyYWN0aW9uUnVsZSBDbGFzc25hbWU9Ik1pY3Jvc29mdC5WaXN1YWxTdHVkaW8uVGVzdFRvb2xzLldlYlRlc3RpbmcuUnVsZXMuRXh0cmFjdFRleHQsIE1pY3Jvc29mdC5WaXN1YWxTdHVkaW8uUXVhbGl0eVRvb2xzLldlYlRlc3RGcmFtZXdvcmssIFZlcnNpb249MTAuMC4wLjAsIEN1bHR1cmU9bmV1dHJhbCwgUHVibGljS2V5VG9rZW49YjAzZjVmN2YxMWQ1MGEzYSIgVmFyaWFibGVOYW1lPSJRdWVyeVN0cmluZ1BhcmFtMS5wYWdlSW5kZXgiIERpc3BsYXlOYW1lPSIiIERlc2NyaXB0aW9uPSIiPg0KICAgICAgICAgIDxSdWxlUGFyYW1ldGVycz4NCiAgICAgICAgICAgIDxSdWxlUGFyYW1ldGVyIE5hbWU9IlN0YXJ0c1dpdGgiIFZhbHVlPSI/cGFnZUluZGV4PSIgLz4NCiAgICAgICAgICAgIDxSdWxlUGFyYW1ldGVyIE5hbWU9IkVuZHNXaXRoIiBWYWx1ZT0iJnF1b3Q7IiAvPg0KICAgICAgICAgICAgPFJ1bGVQYXJhbWV0ZXIgTmFtZT0iSW5kZXgiIFZhbHVlPSIyIiAvPg0KICAgICAgICAgICAgPFJ1bGVQYXJhbWV0ZXIgTmFtZT0iSWdub3JlQ2FzZSIgVmFsdWU9IkZhbHNlIiAvPg0KICAgICAgICAgICAgPFJ1bGVQYXJhbWV0ZXIgTmFtZT0iVXNlUmVndWxhckV4cHJlc3Npb24iIFZhbHVlPSJGYWxzZSIgLz4NCiAgICAgICAgICAgIDxSdWxlUGFyYW1ldGVyIE5hbWU9Ikh0bWxEZWNvZGUiIFZhbHVlPSJUcnVlIiAvPg0KICAgICAgICAgICAgPFJ1bGVQYXJhbWV0ZXIgTmFtZT0iUmVxdWlyZWQiIFZhbHVlPSJGYWxzZSIgLz4NCiAgICAgICAgICA8L1J1bGVQYXJhbWV0ZXJzPg0KICAgICAgICA8L0V4dHJhY3Rpb25SdWxlPg0KICAgICAgPC9Db3JyZWxhdGlvbkV4dHJhY3Rpb25SdWxlcz4NCiAgICAgIDxRdWVyeVN0cmluZ1BhcmFtZXRlcnM+DQogICAgICAgIDxRdWVyeVN0cmluZ1BhcmFtZXRlciBOYW1lPSJwYWdlSW5kZXgiIFZhbHVlPSIyIiBSZWNvcmRlZFZhbHVlPSIyIiBDb3JyZWxhdGlvbkJpbmRpbmc9Int7UXVlcnlTdHJpbmdQYXJhbTIucGFnZUluZGV4fX0iIFVybEVuY29kZT0iRmFsc2UiIFVzZVRvR3JvdXBSZXN1bHRzPSJGYWxzZSIgLz4NCiAgICAgIDwvUXVlcnlTdHJpbmdQYXJhbWV0ZXJzPg0KICAgIDwvUmVxdWVzdD4NCiAgICA8UmVxdWVzdCBNZXRob2Q9IkdFVCIgR3VpZD0iZjA3Mjg2MzEtMzU2OS00NzI1LTg2MzgtNzhkOTAzNzc4YTE0IiBWZXJzaW9uPSIxLjEiIFVybD0iaHR0cDovL2xvY2FsaG9zdDoyNjE3MS81ZWYzZmYzYzkzNzM0NTJhODEzMzlmMzBhZDkyODdiNS9hcnRlcnlTaWduYWxSL25lZ290aWF0ZSIgVGhpbmtUaW1lPSIwIiBUaW1lb3V0PSIzMDAiIFBhcnNlRGVwZW5kZW50UmVxdWVzdHM9IlRydWUiIEZvbGxvd1JlZGlyZWN0cz0iVHJ1ZSIgUmVjb3JkUmVzdWx0PSJUcnVlIiBDYWNoZT0iRmFsc2UiIFJlc3BvbnNlVGltZUdvYWw9IjAiIEVuY29kaW5nPSJ1dGYtOCIgRXhwZWN0ZWRIdHRwU3RhdHVzQ29kZT0iMCIgRXhwZWN0ZWRSZXNwb25zZVVybD0iIiBSZXBvcnRpbmdOYW1lPSIiIElnbm9yZUh0dHBTdGF0dXNDb2RlPSJGYWxzZSI+DQogICAgICA8SGVhZGVycz4NCiAgICAgICAgPEhlYWRlciBOYW1lPSJSZWZlcmVyIiBWYWx1ZT0iaHR0cDovL3d3dy5sb2dpbmRlbW8uY29tL1VzZXJzL1VzZXIvVXNlckxpc3Q/cGFnZUluZGV4PTIiIC8+DQogICAgICA8L0hlYWRlcnM+DQogICAgICA8UXVlcnlTdHJpbmdQYXJhbWV0ZXJzPg0KICAgICAgICA8UXVlcnlTdHJpbmdQYXJhbWV0ZXIgTmFtZT0icmVxdWVzdFVybCIgVmFsdWU9Imh0dHAlM0ElMkYlMkZ3d3cubG9naW5kZW1vLmNvbSUyRlVzZXJzJTJGVXNlciUyRlVzZXJMaXN0JTNGcGFnZUluZGV4JTNEMiIgUmVjb3JkZWRWYWx1ZT0iaHR0cCUzQSUyRiUyRnd3dy5sb2dpbmRlbW8uY29tJTJGVXNlcnMlMkZVc2VyJTJGVXNlckxpc3QlM0ZwYWdlSW5kZXglM0QyIiBDb3JyZWxhdGlvbkJpbmRpbmc9IiIgVXJsRW5jb2RlPSJGYWxzZSIgVXNlVG9Hcm91cFJlc3VsdHM9IkZhbHNlIiAvPg0KICAgICAgICA8UXVlcnlTdHJpbmdQYXJhbWV0ZXIgTmFtZT0iYnJvd3Nlck5hbWUiIFZhbHVlPSJJbnRlcm5ldEV4cGxvcmVyIiBSZWNvcmRlZFZhbHVlPSJJbnRlcm5ldEV4cGxvcmVyIiBDb3JyZWxhdGlvbkJpbmRpbmc9IiIgVXJsRW5jb2RlPSJGYWxzZSIgVXNlVG9Hcm91cFJlc3VsdHM9IkZhbHNlIiAvPg0KICAgICAgICA8UXVlcnlTdHJpbmdQYXJhbWV0ZXIgTmFtZT0iY2xpZW50UHJvdG9jb2wiIFZhbHVlPSIxLjMiIFJlY29yZGVkVmFsdWU9IjEuMyIgQ29ycmVsYXRpb25CaW5kaW5nPSIiIFVybEVuY29kZT0iRmFsc2UiIFVzZVRvR3JvdXBSZXN1bHRzPSJGYWxzZSIgLz4NCiAgICAgICAgPFF1ZXJ5U3RyaW5nUGFyYW1ldGVyIE5hbWU9ImNhbGxiYWNrIiBWYWx1ZT0ialF1ZXJ5MTgyMDk1NTUzMjE4NzQ5MDE2NzdfMTQ0MTg4MzI2ODIxOSIgUmVjb3JkZWRWYWx1ZT0ialF1ZXJ5MTgyMDk1NTUzMjE4NzQ5MDE2NzdfMTQ0MTg4MzI2ODIxOSIgQ29ycmVsYXRpb25CaW5kaW5nPSIiIFVybEVuY29kZT0iRmFsc2UiIFVzZVRvR3JvdXBSZXN1bHRzPSJGYWxzZSIgLz4NCiAgICAgICAgPFF1ZXJ5U3RyaW5nUGFyYW1ldGVyIE5hbWU9Il8iIFZhbHVlPSIxNDQxODgzMjY4MjU4IiBSZWNvcmRlZFZhbHVlPSIxNDQxODgzMjY4MjU4IiBDb3JyZWxhdGlvbkJpbmRpbmc9IiIgVXJsRW5jb2RlPSJGYWxzZSIgVXNlVG9Hcm91cFJlc3VsdHM9IkZhbHNlIiAvPg0KICAgICAgPC9RdWVyeVN0cmluZ1BhcmFtZXRlcnM+DQogICAgPC9SZXF1ZXN0Pg0KICAgIDxSZXF1ZXN0IE1ldGhvZD0iR0VUIiBHdWlkPSI3YmIyYTVmMy03YmVhLTQ2NGUtYWM5Mi03MzVlZTk2MmQ3NzMiIFZlcnNpb249IjEuMSIgVXJsPSJodHRwOi8vbG9jYWxob3N0OjI2MTcxLzVlZjNmZjNjOTM3MzQ1MmE4MTMzOWYzMGFkOTI4N2I1L2FydGVyeVNpZ25hbFIvY29ubmVjdCIgVGhpbmtUaW1lPSIwIiBUaW1lb3V0PSIzMDAiIFBhcnNlRGVwZW5kZW50UmVxdWVzdHM9IlRydWUiIEZvbGxvd1JlZGlyZWN0cz0iVHJ1ZSIgUmVjb3JkUmVzdWx0PSJUcnVlIiBDYWNoZT0iRmFsc2UiIFJlc3BvbnNlVGltZUdvYWw9IjAiIEVuY29kaW5nPSJ1dGYtOCIgRXhwZWN0ZWRIdHRwU3RhdHVzQ29kZT0iMCIgRXhwZWN0ZWRSZXNwb25zZVVybD0iIiBSZXBvcnRpbmdOYW1lPSIiIElnbm9yZUh0dHBTdGF0dXNDb2RlPSJGYWxzZSI+DQogICAgICA8SGVhZGVycz4NCiAgICAgICAgPEhlYWRlciBOYW1lPSJSZWZlcmVyIiBWYWx1ZT0iaHR0cDovL3d3dy5sb2dpbmRlbW8uY29tL1VzZXJzL1VzZXIvVXNlckxpc3Q/cGFnZUluZGV4PTIiIC8+DQogICAgICA8L0hlYWRlcnM+DQogICAgICA8UXVlcnlTdHJpbmdQYXJhbWV0ZXJzPg0KICAgICAgICA8UXVlcnlTdHJpbmdQYXJhbWV0ZXIgTmFtZT0idHJhbnNwb3J0IiBWYWx1ZT0ibG9uZ1BvbGxpbmciIFJlY29yZGVkVmFsdWU9ImxvbmdQb2xsaW5nIiBDb3JyZWxhdGlvbkJpbmRpbmc9IiIgVXJsRW5jb2RlPSJGYWxzZSIgVXNlVG9Hcm91cFJlc3VsdHM9IkZhbHNlIiAvPg0KICAgICAgICA8UXVlcnlTdHJpbmdQYXJhbWV0ZXIgTmFtZT0iY29ubmVjdGlvblRva2VuIiBWYWx1ZT0iQVFBQUFOQ01uZDhCRmRFUmpIb0F3RSUyRkNsJTJCc0JBQUFBSW9qT3AlMkJxc1ZFJTJCckYwdVVUN3RXZ0FBQUFBQUNBQUFBQUFBUVpnQUFBQUVBQUNBQUFBQXBsJTJCckgwdlVFZ3lUMnpycE5wZGM3JTJGRlJ1VyUyRnIlMkZaNnQ5TXhIcFJvOGU1Z0FBQUFBT2dBQUFBQUlBQUNBQUFBQnhsQUpIVlhrVXhNQ2tSMmJMZVEwOU9tV3h5VkRvQjNEZHdocWZQQ0hsb2pBQUFBRHNHZzAxVUNQb055NG9rNXNRdWdYJTJCNk5ycHpjeDBIZEFRSFJWcXBxSUJqMjVrb2o0dkhYNHlGRTJYZnpUdmZvcEFBQUFBJTJGSkJpNkhaY3ZGZEtOeWZzSWF0UEIydUF6OVNGeDloZ1N1clFIWWI1R0FrSDFET1NNMm5oYk8ySG1ndmF6ZktUJTJGVUMzcFVxOVNWbFU5SU9rcCUyQkNLR1ElM0QlM0QiIFJlY29yZGVkVmFsdWU9IkFRQUFBTkNNbmQ4QkZkRVJqSG9Bd0UlMkZDbCUyQnNCQUFBQUlvak9wJTJCcXNWRSUyQnJGMHVVVDd0V2dBQUFBQUFDQUFBQUFBQVFaZ0FBQUFFQUFDQUFBQUFwbCUyQnJIMHZVRWd5VDJ6cnBOcGRjNyUyRkZSdVclMkZyJTJGWjZ0OU14SHBSbzhlNWdBQUFBQU9nQUFBQUFJQUFDQUFBQUJ4bEFKSFZYa1V4TUNrUjJiTGVRMDlPbVd4eVZEb0IzRGR3aHFmUENIbG9qQUFBQURzR2cwMVVDUG9OeTRvazVzUXVnWCUyQjZOcnB6Y3gwSGRBUUhSVnFwcUlCajI1a29qNHZIWDR5RkUyWGZ6VHZmb3BBQUFBQSUyRkpCaTZIWmN2RmRLTnlmc0lhdFBCMnVBejlTRng5aGdTdXJRSFliNUdBa0gxRE9TTTJuaGJPMkhtZ3ZhemZLVCUyRlVDM3BVcTlTVmxVOUlPa3AlMkJDS0dRJTNEJTNEIiBDb3JyZWxhdGlvbkJpbmRpbmc9IiIgVXJsRW5jb2RlPSJGYWxzZSIgVXNlVG9Hcm91cFJlc3VsdHM9IkZhbHNlIiAvPg0KICAgICAgICA8UXVlcnlTdHJpbmdQYXJhbWV0ZXIgTmFtZT0icmVxdWVzdFVybCIgVmFsdWU9Imh0dHAlM0ElMkYlMkZ3d3cubG9naW5kZW1vLmNvbSUyRlVzZXJzJTJGVXNlciUyRlVzZXJMaXN0JTNGcGFnZUluZGV4JTNEMiIgUmVjb3JkZWRWYWx1ZT0iaHR0cCUzQSUyRiUyRnd3dy5sb2dpbmRlbW8uY29tJTJGVXNlcnMlMkZVc2VyJTJGVXNlckxpc3QlM0ZwYWdlSW5kZXglM0QyIiBDb3JyZWxhdGlvbkJpbmRpbmc9IiIgVXJsRW5jb2RlPSJGYWxzZSIgVXNlVG9Hcm91cFJlc3VsdHM9IkZhbHNlIiAvPg0KICAgICAgICA8UXVlcnlTdHJpbmdQYXJhbWV0ZXIgTmFtZT0iYnJvd3Nlck5hbWUiIFZhbHVlPSJJbnRlcm5ldEV4cGxvcmVyIiBSZWNvcmRlZFZhbHVlPSJJbnRlcm5ldEV4cGxvcmVyIiBDb3JyZWxhdGlvbkJpbmRpbmc9IiIgVXJsRW5jb2RlPSJGYWxzZSIgVXNlVG9Hcm91cFJlc3VsdHM9IkZhbHNlIiAvPg0KICAgICAgICA8UXVlcnlTdHJpbmdQYXJhbWV0ZXIgTmFtZT0idGlkIiBWYWx1ZT0iNSIgUmVjb3JkZWRWYWx1ZT0iNSIgQ29ycmVsYXRpb25CaW5kaW5nPSIiIFVybEVuY29kZT0iRmFsc2UiIFVzZVRvR3JvdXBSZXN1bHRzPSJGYWxzZSIgLz4NCiAgICAgICAgPFF1ZXJ5U3RyaW5nUGFyYW1ldGVyIE5hbWU9ImNhbGxiYWNrIiBWYWx1ZT0ialF1ZXJ5MTgyMDk1NTUzMjE4NzQ5MDE2NzdfMTQ0MTg4MzI2ODIxOSIgUmVjb3JkZWRWYWx1ZT0ialF1ZXJ5MTgyMDk1NTUzMjE4NzQ5MDE2NzdfMTQ0MTg4MzI2ODIxOSIgQ29ycmVsYXRpb25CaW5kaW5nPSIiIFVybEVuY29kZT0iRmFsc2UiIFVzZVRvR3JvdXBSZXN1bHRzPSJGYWxzZSIgLz4NCiAgICAgICAgPFF1ZXJ5U3RyaW5nUGFyYW1ldGVyIE5hbWU9Il8iIFZhbHVlPSIxNDQxODgzMjY4NTI3IiBSZWNvcmRlZFZhbHVlPSIxNDQxODgzMjY4NTI3IiBDb3JyZWxhdGlvbkJpbmRpbmc9IiIgVXJsRW5jb2RlPSJGYWxzZSIgVXNlVG9Hcm91cFJlc3VsdHM9IkZhbHNlIiAvPg0KICAgICAgPC9RdWVyeVN0cmluZ1BhcmFtZXRlcnM+DQogICAgPC9SZXF1ZXN0Pg0KICAgIDxSZXF1ZXN0IE1ldGhvZD0iR0VUIiBHdWlkPSJkMDc5NDEwZi1mYzBlLTRjNjQtYjk1Ny0zYzM1NzZiOWQ1YmYiIFZlcnNpb249IjEuMSIgVXJsPSJodHRwOi8vbG9jYWxob3N0OjI2MTcxLzVlZjNmZjNjOTM3MzQ1MmE4MTMzOWYzMGFkOTI4N2I1L2FydGVyeVNpZ25hbFIvc2VuZCIgVGhpbmtUaW1lPSIwIiBUaW1lb3V0PSIzMDAiIFBhcnNlRGVwZW5kZW50UmVxdWVzdHM9IlRydWUiIEZvbGxvd1JlZGlyZWN0cz0iVHJ1ZSIgUmVjb3JkUmVzdWx0PSJUcnVlIiBDYWNoZT0iRmFsc2UiIFJlc3BvbnNlVGltZUdvYWw9IjAiIEVuY29kaW5nPSJ1dGYtOCIgRXhwZWN0ZWRIdHRwU3RhdHVzQ29kZT0iMCIgRXhwZWN0ZWRSZXNwb25zZVVybD0iIiBSZXBvcnRpbmdOYW1lPSIiIElnbm9yZUh0dHBTdGF0dXNDb2RlPSJGYWxzZSI+DQogICAgICA8SGVhZGVycz4NCiAgICAgICAgPEhlYWRlciBOYW1lPSJSZWZlcmVyIiBWYWx1ZT0iaHR0cDovL3d3dy5sb2dpbmRlbW8uY29tL1VzZXJzL1VzZXIvVXNlckxpc3Q/cGFnZUluZGV4PTIiIC8+DQogICAgICA8L0hlYWRlcnM+DQogICAgICA8UXVlcnlTdHJpbmdQYXJhbWV0ZXJzPg0KICAgICAgICA8UXVlcnlTdHJpbmdQYXJhbWV0ZXIgTmFtZT0idHJhbnNwb3J0IiBWYWx1ZT0ibG9uZ1BvbGxpbmciIFJlY29yZGVkVmFsdWU9ImxvbmdQb2xsaW5nIiBDb3JyZWxhdGlvbkJpbmRpbmc9IiIgVXJsRW5jb2RlPSJGYWxzZSIgVXNlVG9Hcm91cFJlc3VsdHM9IkZhbHNlIiAvPg0KICAgICAgICA8UXVlcnlTdHJpbmdQYXJhbWV0ZXIgTmFtZT0iY29ubmVjdGlvblRva2VuIiBWYWx1ZT0iQVFBQUFOQ01uZDhCRmRFUmpIb0F3RSUyRkNsJTJCc0JBQUFBSW9qT3AlMkJxc1ZFJTJCckYwdVVUN3RXZ0FBQUFBQUNBQUFBQUFBUVpnQUFBQUVBQUNBQUFBQXBsJTJCckgwdlVFZ3lUMnpycE5wZGM3JTJGRlJ1VyUyRnIlMkZaNnQ5TXhIcFJvOGU1Z0FBQUFBT2dBQUFBQUlBQUNBQUFBQnhsQUpIVlhrVXhNQ2tSMmJMZVEwOU9tV3h5VkRvQjNEZHdocWZQQ0hsb2pBQUFBRHNHZzAxVUNQb055NG9rNXNRdWdYJTJCNk5ycHpjeDBIZEFRSFJWcXBxSUJqMjVrb2o0dkhYNHlGRTJYZnpUdmZvcEFBQUFBJTJGSkJpNkhaY3ZGZEtOeWZzSWF0UEIydUF6OVNGeDloZ1N1clFIWWI1R0FrSDFET1NNMm5oYk8ySG1ndmF6ZktUJTJGVUMzcFVxOVNWbFU5SU9rcCUyQkNLR1ElM0QlM0QiIFJlY29yZGVkVmFsdWU9IkFRQUFBTkNNbmQ4QkZkRVJqSG9Bd0UlMkZDbCUyQnNCQUFBQUlvak9wJTJCcXNWRSUyQnJGMHVVVDd0V2dBQUFBQUFDQUFBQUFBQVFaZ0FBQUFFQUFDQUFBQUFwbCUyQnJIMHZVRWd5VDJ6cnBOcGRjNyUyRkZSdVclMkZyJTJGWjZ0OU14SHBSbzhlNWdBQUFBQU9nQUFBQUFJQUFDQUFBQUJ4bEFKSFZYa1V4TUNrUjJiTGVRMDlPbVd4eVZEb0IzRGR3aHFmUENIbG9qQUFBQURzR2cwMVVDUG9OeTRvazVzUXVnWCUyQjZOcnB6Y3gwSGRBUUhSVnFwcUlCajI1a29qNHZIWDR5RkUyWGZ6VHZmb3BBQUFBQSUyRkpCaTZIWmN2RmRLTnlmc0lhdFBCMnVBejlTRng5aGdTdXJRSFliNUdBa0gxRE9TTTJuaGJPMkhtZ3ZhemZLVCUyRlVDM3BVcTlTVmxVOUlPa3AlMkJDS0dRJTNEJTNEIiBDb3JyZWxhdGlvbkJpbmRpbmc9IiIgVXJsRW5jb2RlPSJGYWxzZSIgVXNlVG9Hcm91cFJlc3VsdHM9IkZhbHNlIiAvPg0KICAgICAgICA8UXVlcnlTdHJpbmdQYXJhbWV0ZXIgTmFtZT0icmVxdWVzdFVybCIgVmFsdWU9Imh0dHAlM0ElMkYlMkZ3d3cubG9naW5kZW1vLmNvbSUyRlVzZXJzJTJGVXNlciUyRlVzZXJMaXN0JTNGcGFnZUluZGV4JTNEMiIgUmVjb3JkZWRWYWx1ZT0iaHR0cCUzQSUyRiUyRnd3dy5sb2dpbmRlbW8uY29tJTJGVXNlcnMlMkZVc2VyJTJGVXNlckxpc3QlM0ZwYWdlSW5kZXglM0QyIiBDb3JyZWxhdGlvbkJpbmRpbmc9IiIgVXJsRW5jb2RlPSJGYWxzZSIgVXNlVG9Hcm91cFJlc3VsdHM9IkZhbHNlIiAvPg0KICAgICAgICA8UXVlcnlTdHJpbmdQYXJhbWV0ZXIgTmFtZT0iYnJvd3Nlck5hbWUiIFZhbHVlPSJJbnRlcm5ldEV4cGxvcmVyIiBSZWNvcmRlZFZhbHVlPSJJbnRlcm5ldEV4cGxvcmVyIiBDb3JyZWxhdGlvbkJpbmRpbmc9IiIgVXJsRW5jb2RlPSJGYWxzZSIgVXNlVG9Hcm91cFJlc3VsdHM9IkZhbHNlIiAvPg0KICAgICAgICA8UXVlcnlTdHJpbmdQYXJhbWV0ZXIgTmFtZT0iY2FsbGJhY2siIFZhbHVlPSJqUXVlcnkxODIwOTU1NTMyMTg3NDkwMTY3N18xNDQxODgzMjY4MjE5IiBSZWNvcmRlZFZhbHVlPSJqUXVlcnkxODIwOTU1NTMyMTg3NDkwMTY3N18xNDQxODgzMjY4MjE5IiBDb3JyZWxhdGlvbkJpbmRpbmc9IiIgVXJsRW5jb2RlPSJGYWxzZSIgVXNlVG9Hcm91cFJlc3VsdHM9IkZhbHNlIiAvPg0KICAgICAgICA8UXVlcnlTdHJpbmdQYXJhbWV0ZXIgTmFtZT0iZGF0YSIgVmFsdWU9IiU3QiUyMm5hbWUlMjIlM0ElMjJNaWNyb3NvZnQuVmlzdWFsU3R1ZGlvLldlYi5Ccm93c2VyTGluay5Db3JlRXh0ZW5zaW9uRmFjdG9yeS5jb25uZWN0ZWQlMjIlMkMlMjJjYWxsYmFja0lkJTIyJTNBMSU3RCIgUmVjb3JkZWRWYWx1ZT0iJTdCJTIybmFtZSUyMiUzQSUyMk1pY3Jvc29mdC5WaXN1YWxTdHVkaW8uV2ViLkJyb3dzZXJMaW5rLkNvcmVFeHRlbnNpb25GYWN0b3J5LmNvbm5lY3RlZCUyMiUyQyUyMmNhbGxiYWNrSWQlMjIlM0ExJTdEIiBDb3JyZWxhdGlvbkJpbmRpbmc9IiIgVXJsRW5jb2RlPSJGYWxzZSIgVXNlVG9Hcm91cFJlc3VsdHM9IkZhbHNlIiAvPg0KICAgICAgICA8UXVlcnlTdHJpbmdQYXJhbWV0ZXIgTmFtZT0iXyIgVmFsdWU9IjE0NDE4ODMyNjg1MzYiIFJlY29yZGVkVmFsdWU9IjE0NDE4ODMyNjg1MzYiIENvcnJlbGF0aW9uQmluZGluZz0iIiBVcmxFbmNvZGU9IkZhbHNlIiBVc2VUb0dyb3VwUmVzdWx0cz0iRmFsc2UiIC8+DQogICAgICA8L1F1ZXJ5U3RyaW5nUGFyYW1ldGVycz4NCiAgICA8L1JlcXVlc3Q+DQogICAgPFJlcXVlc3QgTWV0aG9kPSJHRVQiIEd1aWQ9IjA4OTU4MDBmLWEyNzEtNGQwOC1hOGIxLTI3MTRlOWNhNTFlOSIgVmVyc2lvbj0iMS4xIiBVcmw9Imh0dHA6Ly9sb2NhbGhvc3Q6MjYxNzEvNWVmM2ZmM2M5MzczNDUyYTgxMzM5ZjMwYWQ5Mjg3YjUvYXJ0ZXJ5U2lnbmFsUi9wb2xsIiBUaGlua1RpbWU9IjAiIFRpbWVvdXQ9IjMwMCIgUGFyc2VEZXBlbmRlbnRSZXF1ZXN0cz0iVHJ1ZSIgRm9sbG93UmVkaXJlY3RzPSJUcnVlIiBSZWNvcmRSZXN1bHQ9IlRydWUiIENhY2hlPSJGYWxzZSIgUmVzcG9uc2VUaW1lR29hbD0iMCIgRW5jb2Rpbmc9InV0Zi04IiBFeHBlY3RlZEh0dHBTdGF0dXNDb2RlPSIwIiBFeHBlY3RlZFJlc3BvbnNlVXJsPSIiIFJlcG9ydGluZ05hbWU9IiIgSWdub3JlSHR0cFN0YXR1c0NvZGU9IkZhbHNlIj4NCiAgICAgIDxIZWFkZXJzPg0KICAgICAgICA8SGVhZGVyIE5hbWU9IlJlZmVyZXIiIFZhbHVlPSJodHRwOi8vd3d3LmxvZ2luZGVtby5jb20vVXNlcnMvVXNlci9Vc2VyTGlzdD9wYWdlSW5kZXg9MiIgLz4NCiAgICAgIDwvSGVhZGVycz4NCiAgICAgIDxRdWVyeVN0cmluZ1BhcmFtZXRlcnM+DQogICAgICAgIDxRdWVyeVN0cmluZ1BhcmFtZXRlciBOYW1lPSJ0cmFuc3BvcnQiIFZhbHVlPSJsb25nUG9sbGluZyIgUmVjb3JkZWRWYWx1ZT0ibG9uZ1BvbGxpbmciIENvcnJlbGF0aW9uQmluZGluZz0iIiBVcmxFbmNvZGU9IkZhbHNlIiBVc2VUb0dyb3VwUmVzdWx0cz0iRmFsc2UiIC8+DQogICAgICAgIDxRdWVyeVN0cmluZ1BhcmFtZXRlciBOYW1lPSJjb25uZWN0aW9uVG9rZW4iIFZhbHVlPSJBUUFBQU5DTW5kOEJGZEVSakhvQXdFJTJGQ2wlMkJzQkFBQUFJb2pPcCUyQnFzVkUlMkJyRjB1VVQ3dFdnQUFBQUFBQ0FBQUFBQUFRWmdBQUFBRUFBQ0FBQUFBcGwlMkJySDB2VUVneVQyenJwTnBkYzclMkZGUnVXJTJGciUyRlo2dDlNeEhwUm84ZTVnQUFBQUFPZ0FBQUFBSUFBQ0FBQUFCeGxBSkhWWGtVeE1Da1IyYkxlUTA5T21XeHlWRG9CM0Rkd2hxZlBDSGxvakFBQUFEc0dnMDFVQ1BvTnk0b2s1c1F1Z1glMkI2TnJwemN4MEhkQVFIUlZxcHFJQmoyNWtvajR2SFg0eUZFMlhmelR2Zm9wQUFBQUElMkZKQmk2SFpjdkZkS055ZnNJYXRQQjJ1QXo5U0Z4OWhnU3VyUUhZYjVHQWtIMURPU00ybmhiTzJIbWd2YXpmS1QlMkZVQzNwVXE5U1ZsVTlJT2twJTJCQ0tHUSUzRCUzRCIgUmVjb3JkZWRWYWx1ZT0iQVFBQUFOQ01uZDhCRmRFUmpIb0F3RSUyRkNsJTJCc0JBQUFBSW9qT3AlMkJxc1ZFJTJCckYwdVVUN3RXZ0FBQUFBQUNBQUFBQUFBUVpnQUFBQUVBQUNBQUFBQXBsJTJCckgwdlVFZ3lUMnpycE5wZGM3JTJGRlJ1VyUyRnIlMkZaNnQ5TXhIcFJvOGU1Z0FBQUFBT2dBQUFBQUlBQUNBQUFBQnhsQUpIVlhrVXhNQ2tSMmJMZVEwOU9tV3h5VkRvQjNEZHdocWZQQ0hsb2pBQUFBRHNHZzAxVUNQb055NG9rNXNRdWdYJTJCNk5ycHpjeDBIZEFRSFJWcXBxSUJqMjVrb2o0dkhYNHlGRTJYZnpUdmZvcEFBQUFBJTJGSkJpNkhaY3ZGZEtOeWZzSWF0UEIydUF6OVNGeDloZ1N1clFIWWI1R0FrSDFET1NNMm5oYk8ySG1ndmF6ZktUJTJGVUMzcFVxOVNWbFU5SU9rcCUyQkNLR1ElM0QlM0QiIENvcnJlbGF0aW9uQmluZGluZz0iIiBVcmxFbmNvZGU9IkZhbHNlIiBVc2VUb0dyb3VwUmVzdWx0cz0iRmFsc2UiIC8+DQogICAgICAgIDxRdWVyeVN0cmluZ1BhcmFtZXRlciBOYW1lPSJtZXNzYWdlSWQiIFZhbHVlPSJkLTY2NDVFRDA4LUIlMkMwJTdDRSUyQzElN0NGJTJDMCIgUmVjb3JkZWRWYWx1ZT0iZC02NjQ1RUQwOC1CJTJDMCU3Q0UlMkMxJTdDRiUyQzAiIENvcnJlbGF0aW9uQmluZGluZz0iIiBVcmxFbmNvZGU9IkZhbHNlIiBVc2VUb0dyb3VwUmVzdWx0cz0iRmFsc2UiIC8+DQogICAgICAgIDxRdWVyeVN0cmluZ1BhcmFtZXRlciBOYW1lPSJyZXF1ZXN0VXJsIiBWYWx1ZT0iaHR0cCUzQSUyRiUyRnd3dy5sb2dpbmRlbW8uY29tJTJGVXNlcnMlMkZVc2VyJTJGVXNlckxpc3QlM0ZwYWdlSW5kZXglM0QyIiBSZWNvcmRlZFZhbHVlPSJodHRwJTNBJTJGJTJGd3d3LmxvZ2luZGVtby5jb20lMkZVc2VycyUyRlVzZXIlMkZVc2VyTGlzdCUzRnBhZ2VJbmRleCUzRDIiIENvcnJlbGF0aW9uQmluZGluZz0iIiBVcmxFbmNvZGU9IkZhbHNlIiBVc2VUb0dyb3VwUmVzdWx0cz0iRmFsc2UiIC8+DQogICAgICAgIDxRdWVyeVN0cmluZ1BhcmFtZXRlciBOYW1lPSJicm93c2VyTmFtZSIgVmFsdWU9IkludGVybmV0RXhwbG9yZXIiIFJlY29yZGVkVmFsdWU9IkludGVybmV0RXhwbG9yZXIiIENvcnJlbGF0aW9uQmluZGluZz0iIiBVcmxFbmNvZGU9IkZhbHNlIiBVc2VUb0dyb3VwUmVzdWx0cz0iRmFsc2UiIC8+DQogICAgICAgIDxRdWVyeVN0cmluZ1BhcmFtZXRlciBOYW1lPSJ0aWQiIFZhbHVlPSI2IiBSZWNvcmRlZFZhbHVlPSI2IiBDb3JyZWxhdGlvbkJpbmRpbmc9IiIgVXJsRW5jb2RlPSJGYWxzZSIgVXNlVG9Hcm91cFJlc3VsdHM9IkZhbHNlIiAvPg0KICAgICAgICA8UXVlcnlTdHJpbmdQYXJhbWV0ZXIgTmFtZT0iY2FsbGJhY2siIFZhbHVlPSJqUXVlcnkxODIwOTU1NTMyMTg3NDkwMTY3N18xNDQxODgzMjY4MjIwIiBSZWNvcmRlZFZhbHVlPSJqUXVlcnkxODIwOTU1NTMyMTg3NDkwMTY3N18xNDQxODgzMjY4MjIwIiBDb3JyZWxhdGlvbkJpbmRpbmc9IiIgVXJsRW5jb2RlPSJGYWxzZSIgVXNlVG9Hcm91cFJlc3VsdHM9IkZhbHNlIiAvPg0KICAgICAgICA8UXVlcnlTdHJpbmdQYXJhbWV0ZXIgTmFtZT0iXyIgVmFsdWU9IjE0NDE4ODMyNjg1MzgiIFJlY29yZGVkVmFsdWU9IjE0NDE4ODMyNjg1MzgiIENvcnJlbGF0aW9uQmluZGluZz0iIiBVcmxFbmNvZGU9IkZhbHNlIiBVc2VUb0dyb3VwUmVzdWx0cz0iRmFsc2UiIC8+DQogICAgICA8L1F1ZXJ5U3RyaW5nUGFyYW1ldGVycz4NCiAgICA8L1JlcXVlc3Q+DQogICAgPFJlcXVlc3QgTWV0aG9kPSJHRVQiIEd1aWQ9IjExNWExYjQyLTI5ZTUtNGQ4ZS04YmUxLWY2YTY0NmMxNGU5YyIgVmVyc2lvbj0iMS4xIiBVcmw9Imh0dHA6Ly9sb2NhbGhvc3Q6MjYxNzEvNWVmM2ZmM2M5MzczNDUyYTgxMzM5ZjMwYWQ5Mjg3YjUvYXJ0ZXJ5U2lnbmFsUi9zZW5kIiBUaGlua1RpbWU9IjAiIFRpbWVvdXQ9IjMwMCIgUGFyc2VEZXBlbmRlbnRSZXF1ZXN0cz0iVHJ1ZSIgRm9sbG93UmVkaXJlY3RzPSJUcnVlIiBSZWNvcmRSZXN1bHQ9IlRydWUiIENhY2hlPSJGYWxzZSIgUmVzcG9uc2VUaW1lR29hbD0iMCIgRW5jb2Rpbmc9InV0Zi04IiBFeHBlY3RlZEh0dHBTdGF0dXNDb2RlPSIwIiBFeHBlY3RlZFJlc3BvbnNlVXJsPSIiIFJlcG9ydGluZ05hbWU9IiIgSWdub3JlSHR0cFN0YXR1c0NvZGU9IkZhbHNlIj4NCiAgICAgIDxIZWFkZXJzPg0KICAgICAgICA8SGVhZGVyIE5hbWU9IlJlZmVyZXIiIFZhbHVlPSJodHRwOi8vd3d3LmxvZ2luZGVtby5jb20vVXNlcnMvVXNlci9Vc2VyTGlzdD9wYWdlSW5kZXg9MiIgLz4NCiAgICAgIDwvSGVhZGVycz4NCiAgICAgIDxRdWVyeVN0cmluZ1BhcmFtZXRlcnM+DQogICAgICAgIDxRdWVyeVN0cmluZ1BhcmFtZXRlciBOYW1lPSJ0cmFuc3BvcnQiIFZhbHVlPSJsb25nUG9sbGluZyIgUmVjb3JkZWRWYWx1ZT0ibG9uZ1BvbGxpbmciIENvcnJlbGF0aW9uQmluZGluZz0iIiBVcmxFbmNvZGU9IkZhbHNlIiBVc2VUb0dyb3VwUmVzdWx0cz0iRmFsc2UiIC8+DQogICAgICAgIDxRdWVyeVN0cmluZ1BhcmFtZXRlciBOYW1lPSJjb25uZWN0aW9uVG9rZW4iIFZhbHVlPSJBUUFBQU5DTW5kOEJGZEVSakhvQXdFJTJGQ2wlMkJzQkFBQUFJb2pPcCUyQnFzVkUlMkJyRjB1VVQ3dFdnQUFBQUFBQ0FBQUFBQUFRWmdBQUFBRUFBQ0FBQUFBcGwlMkJySDB2VUVneVQyenJwTnBkYzclMkZGUnVXJTJGciUyRlo2dDlNeEhwUm84ZTVnQUFBQUFPZ0FBQUFBSUFBQ0FBQUFCeGxBSkhWWGtVeE1Da1IyYkxlUTA5T21XeHlWRG9CM0Rkd2hxZlBDSGxvakFBQUFEc0dnMDFVQ1BvTnk0b2s1c1F1Z1glMkI2TnJwemN4MEhkQVFIUlZxcHFJQmoyNWtvajR2SFg0eUZFMlhmelR2Zm9wQUFBQUElMkZKQmk2SFpjdkZkS055ZnNJYXRQQjJ1QXo5U0Z4OWhnU3VyUUhZYjVHQWtIMURPU00ybmhiTzJIbWd2YXpmS1QlMkZVQzNwVXE5U1ZsVTlJT2twJTJCQ0tHUSUzRCUzRCIgUmVjb3JkZWRWYWx1ZT0iQVFBQUFOQ01uZDhCRmRFUmpIb0F3RSUyRkNsJTJCc0JBQUFBSW9qT3AlMkJxc1ZFJTJCckYwdVVUN3RXZ0FBQUFBQUNBQUFBQUFBUVpnQUFBQUVBQUNBQUFBQXBsJTJCckgwdlVFZ3lUMnpycE5wZGM3JTJGRlJ1VyUyRnIlMkZaNnQ5TXhIcFJvOGU1Z0FBQUFBT2dBQUFBQUlBQUNBQUFBQnhsQUpIVlhrVXhNQ2tSMmJMZVEwOU9tV3h5VkRvQjNEZHdocWZQQ0hsb2pBQUFBRHNHZzAxVUNQb055NG9rNXNRdWdYJTJCNk5ycHpjeDBIZEFRSFJWcXBxSUJqMjVrb2o0dkhYNHlGRTJYZnpUdmZvcEFBQUFBJTJGSkJpNkhaY3ZGZEtOeWZzSWF0UEIydUF6OVNGeDloZ1N1clFIWWI1R0FrSDFET1NNMm5oYk8ySG1ndmF6ZktUJTJGVUMzcFVxOVNWbFU5SU9rcCUyQkNLR1ElM0QlM0QiIENvcnJlbGF0aW9uQmluZGluZz0iIiBVcmxFbmNvZGU9IkZhbHNlIiBVc2VUb0dyb3VwUmVzdWx0cz0iRmFsc2UiIC8+DQogICAgICAgIDxRdWVyeVN0cmluZ1BhcmFtZXRlciBOYW1lPSJyZXF1ZXN0VXJsIiBWYWx1ZT0iaHR0cCUzQSUyRiUyRnd3dy5sb2dpbmRlbW8uY29tJTJGVXNlcnMlMkZVc2VyJTJGVXNlckxpc3QlM0ZwYWdlSW5kZXglM0QyIiBSZWNvcmRlZFZhbHVlPSJodHRwJTNBJTJGJTJGd3d3LmxvZ2luZGVtby5jb20lMkZVc2VycyUyRlVzZXIlMkZVc2VyTGlzdCUzRnBhZ2VJbmRleCUzRDIiIENvcnJlbGF0aW9uQmluZGluZz0iIiBVcmxFbmNvZGU9IkZhbHNlIiBVc2VUb0dyb3VwUmVzdWx0cz0iRmFsc2UiIC8+DQogICAgICAgIDxRdWVyeVN0cmluZ1BhcmFtZXRlciBOYW1lPSJicm93c2VyTmFtZSIgVmFsdWU9IkludGVybmV0RXhwbG9yZXIiIFJlY29yZGVkVmFsdWU9IkludGVybmV0RXhwbG9yZXIiIENvcnJlbGF0aW9uQmluZGluZz0iIiBVcmxFbmNvZGU9IkZhbHNlIiBVc2VUb0dyb3VwUmVzdWx0cz0iRmFsc2UiIC8+DQogICAgICAgIDxRdWVyeVN0cmluZ1BhcmFtZXRlciBOYW1lPSJjYWxsYmFjayIgVmFsdWU9ImpRdWVyeTE4MjA5NTU1MzIxODc0OTAxNjc3XzE0NDE4ODMyNjgyMjAiIFJlY29yZGVkVmFsdWU9ImpRdWVyeTE4MjA5NTU1MzIxODc0OTAxNjc3XzE0NDE4ODMyNjgyMjAiIENvcnJlbGF0aW9uQmluZGluZz0iIiBVcmxFbmNvZGU9IkZhbHNlIiBVc2VUb0dyb3VwUmVzdWx0cz0iRmFsc2UiIC8+DQogICAgICAgIDxRdWVyeVN0cmluZ1BhcmFtZXRlciBOYW1lPSJkYXRhIiBWYWx1ZT0iJTdCJTIybmFtZSUyMiUzQSUyMm1pY3Jvc29mdC52aXN1YWxzdHVkaW8ud2ViLmJyb3dzZXJsaW5rLmh0bWxtYXBwaW5nZXh0ZW5zaW9uZmFjdG9yeS5yZXNvbHZlVXJsJTIyJTJDJTIyYXJncyUyMiUzQSU1QiUyMn4lMkZfX2Jyb3dzZXJMaW5rJTJGcmVxdWVzdERhdGElMkY2ZjNjYTg1MGZiODE0NzgxOWVlZTg4MTUxMTY5NzQ3YiUyMiU1RCUyQyUyMmNhbGxiYWNrSWQlMjIlM0EyJTdEIiBSZWNvcmRlZFZhbHVlPSIlN0IlMjJuYW1lJTIyJTNBJTIybWljcm9zb2Z0LnZpc3VhbHN0dWRpby53ZWIuYnJvd3NlcmxpbmsuaHRtbG1hcHBpbmdleHRlbnNpb25mYWN0b3J5LnJlc29sdmVVcmwlMjIlMkMlMjJhcmdzJTIyJTNBJTVCJTIyfiUyRl9fYnJvd3NlckxpbmslMkZyZXF1ZXN0RGF0YSUyRjZmM2NhODUwZmI4MTQ3ODE5ZWVlODgxNTExNjk3NDdiJTIyJTVEJTJDJTIyY2FsbGJhY2tJZCUyMiUzQTIlN0QiIENvcnJlbGF0aW9uQmluZGluZz0iIiBVcmxFbmNvZGU9IkZhbHNlIiBVc2VUb0dyb3VwUmVzdWx0cz0iRmFsc2UiIC8+DQogICAgICAgIDxRdWVyeVN0cmluZ1BhcmFtZXRlciBOYW1lPSJfIiBWYWx1ZT0iMTQ0MTg4MzI2ODU2MiIgUmVjb3JkZWRWYWx1ZT0iMTQ0MTg4MzI2ODU2MiIgQ29ycmVsYXRpb25CaW5kaW5nPSIiIFVybEVuY29kZT0iRmFsc2UiIFVzZVRvR3JvdXBSZXN1bHRzPSJGYWxzZSIgLz4NCiAgICAgIDwvUXVlcnlTdHJpbmdQYXJhbWV0ZXJzPg0KICAgIDwvUmVxdWVzdD4NCiAgICA8UmVxdWVzdCBNZXRob2Q9IkdFVCIgR3VpZD0iOWI1Nzg2N2YtNGU1OC00NWVlLWFhNTQtZjJiNjhlM2Q2OGFlIiBWZXJzaW9uPSIxLjEiIFVybD0iaHR0cDovL2xvY2FsaG9zdDoyNjE3MS81ZWYzZmYzYzkzNzM0NTJhODEzMzlmMzBhZDkyODdiNS9hcnRlcnlTaWduYWxSL3BvbGwiIFRoaW5rVGltZT0iMSIgVGltZW91dD0iMzAwIiBQYXJzZURlcGVuZGVudFJlcXVlc3RzPSJUcnVlIiBGb2xsb3dSZWRpcmVjdHM9IlRydWUiIFJlY29yZFJlc3VsdD0iVHJ1ZSIgQ2FjaGU9IkZhbHNlIiBSZXNwb25zZVRpbWVHb2FsPSIwIiBFbmNvZGluZz0idXRmLTgiIEV4cGVjdGVkSHR0cFN0YXR1c0NvZGU9IjAiIEV4cGVjdGVkUmVzcG9uc2VVcmw9IiIgUmVwb3J0aW5nTmFtZT0iIiBJZ25vcmVIdHRwU3RhdHVzQ29kZT0iRmFsc2UiPg0KICAgICAgPEhlYWRlcnM+DQogICAgICAgIDxIZWFkZXIgTmFtZT0iUmVmZXJlciIgVmFsdWU9Imh0dHA6Ly93d3cubG9naW5kZW1vLmNvbS9Vc2Vycy9Vc2VyL1VzZXJMaXN0P3BhZ2VJbmRleD0yIiAvPg0KICAgICAgPC9IZWFkZXJzPg0KICAgICAgPFF1ZXJ5U3RyaW5nUGFyYW1ldGVycz4NCiAgICAgICAgPFF1ZXJ5U3RyaW5nUGFyYW1ldGVyIE5hbWU9InRyYW5zcG9ydCIgVmFsdWU9ImxvbmdQb2xsaW5nIiBSZWNvcmRlZFZhbHVlPSJsb25nUG9sbGluZyIgQ29ycmVsYXRpb25CaW5kaW5nPSIiIFVybEVuY29kZT0iRmFsc2UiIFVzZVRvR3JvdXBSZXN1bHRzPSJGYWxzZSIgLz4NCiAgICAgICAgPFF1ZXJ5U3RyaW5nUGFyYW1ldGVyIE5hbWU9ImNvbm5lY3Rpb25Ub2tlbiIgVmFsdWU9IkFRQUFBTkNNbmQ4QkZkRVJqSG9Bd0UlMkZDbCUyQnNCQUFBQUlvak9wJTJCcXNWRSUyQnJGMHVVVDd0V2dBQUFBQUFDQUFBQUFBQVFaZ0FBQUFFQUFDQUFBQUFwbCUyQnJIMHZVRWd5VDJ6cnBOcGRjNyUyRkZSdVclMkZyJTJGWjZ0OU14SHBSbzhlNWdBQUFBQU9nQUFBQUFJQUFDQUFBQUJ4bEFKSFZYa1V4TUNrUjJiTGVRMDlPbVd4eVZEb0IzRGR3aHFmUENIbG9qQUFBQURzR2cwMVVDUG9OeTRvazVzUXVnWCUyQjZOcnB6Y3gwSGRBUUhSVnFwcUlCajI1a29qNHZIWDR5RkUyWGZ6VHZmb3BBQUFBQSUyRkpCaTZIWmN2RmRLTnlmc0lhdFBCMnVBejlTRng5aGdTdXJRSFliNUdBa0gxRE9TTTJuaGJPMkhtZ3ZhemZLVCUyRlVDM3BVcTlTVmxVOUlPa3AlMkJDS0dRJTNEJTNEIiBSZWNvcmRlZFZhbHVlPSJBUUFBQU5DTW5kOEJGZEVSakhvQXdFJTJGQ2wlMkJzQkFBQUFJb2pPcCUyQnFzVkUlMkJyRjB1VVQ3dFdnQUFBQUFBQ0FBQUFBQUFRWmdBQUFBRUFBQ0FBQUFBcGwlMkJySDB2VUVneVQyenJwTnBkYzclMkZGUnVXJTJGciUyRlo2dDlNeEhwUm84ZTVnQUFBQUFPZ0FBQUFBSUFBQ0FBQUFCeGxBSkhWWGtVeE1Da1IyYkxlUTA5T21XeHlWRG9CM0Rkd2hxZlBDSGxvakFBQUFEc0dnMDFVQ1BvTnk0b2s1c1F1Z1glMkI2TnJwemN4MEhkQVFIUlZxcHFJQmoyNWtvajR2SFg0eUZFMlhmelR2Zm9wQUFBQUElMkZKQmk2SFpjdkZkS055ZnNJYXRQQjJ1QXo5U0Z4OWhnU3VyUUhZYjVHQWtIMURPU00ybmhiTzJIbWd2YXpmS1QlMkZVQzNwVXE5U1ZsVTlJT2twJTJCQ0tHUSUzRCUzRCIgQ29ycmVsYXRpb25CaW5kaW5nPSIiIFVybEVuY29kZT0iRmFsc2UiIFVzZVRvR3JvdXBSZXN1bHRzPSJGYWxzZSIgLz4NCiAgICAgICAgPFF1ZXJ5U3RyaW5nUGFyYW1ldGVyIE5hbWU9Im1lc3NhZ2VJZCIgVmFsdWU9ImQtNjY0NUVEMDgtQiUyQzAlN0NFJTJDMiU3Q0YlMkMwIiBSZWNvcmRlZFZhbHVlPSJkLTY2NDVFRDA4LUIlMkMwJTdDRSUyQzIlN0NGJTJDMCIgQ29ycmVsYXRpb25CaW5kaW5nPSIiIFVybEVuY29kZT0iRmFsc2UiIFVzZVRvR3JvdXBSZXN1bHRzPSJGYWxzZSIgLz4NCiAgICAgICAgPFF1ZXJ5U3RyaW5nUGFyYW1ldGVyIE5hbWU9InJlcXVlc3RVcmwiIFZhbHVlPSJodHRwJTNBJTJGJTJGd3d3LmxvZ2luZGVtby5jb20lMkZVc2VycyUyRlVzZXIlMkZVc2VyTGlzdCUzRnBhZ2VJbmRleCUzRDIiIFJlY29yZGVkVmFsdWU9Imh0dHAlM0ElMkYlMkZ3d3cubG9naW5kZW1vLmNvbSUyRlVzZXJzJTJGVXNlciUyRlVzZXJMaXN0JTNGcGFnZUluZGV4JTNEMiIgQ29ycmVsYXRpb25CaW5kaW5nPSIiIFVybEVuY29kZT0iRmFsc2UiIFVzZVRvR3JvdXBSZXN1bHRzPSJGYWxzZSIgLz4NCiAgICAgICAgPFF1ZXJ5U3RyaW5nUGFyYW1ldGVyIE5hbWU9ImJyb3dzZXJOYW1lIiBWYWx1ZT0iSW50ZXJuZXRFeHBsb3JlciIgUmVjb3JkZWRWYWx1ZT0iSW50ZXJuZXRFeHBsb3JlciIgQ29ycmVsYXRpb25CaW5kaW5nPSIiIFVybEVuY29kZT0iRmFsc2UiIFVzZVRvR3JvdXBSZXN1bHRzPSJGYWxzZSIgLz4NCiAgICAgICAgPFF1ZXJ5U3RyaW5nUGFyYW1ldGVyIE5hbWU9InRpZCIgVmFsdWU9IjEiIFJlY29yZGVkVmFsdWU9IjEiIENvcnJlbGF0aW9uQmluZGluZz0iIiBVcmxFbmNvZGU9IkZhbHNlIiBVc2VUb0dyb3VwUmVzdWx0cz0iRmFsc2UiIC8+DQogICAgICAgIDxRdWVyeVN0cmluZ1BhcmFtZXRlciBOYW1lPSJjYWxsYmFjayIgVmFsdWU9ImpRdWVyeTE4MjA5NTU1MzIxODc0OTAxNjc3XzE0NDE4ODMyNjgyMTkiIFJlY29yZGVkVmFsdWU9ImpRdWVyeTE4MjA5NTU1MzIxODc0OTAxNjc3XzE0NDE4ODMyNjgyMTkiIENvcnJlbGF0aW9uQmluZGluZz0iIiBVcmxFbmNvZGU9IkZhbHNlIiBVc2VUb0dyb3VwUmVzdWx0cz0iRmFsc2UiIC8+DQogICAgICAgIDxRdWVyeVN0cmluZ1BhcmFtZXRlciBOYW1lPSJfIiBWYWx1ZT0iMTQ0MTg4MzI2ODU2MyIgUmVjb3JkZWRWYWx1ZT0iMTQ0MTg4MzI2ODU2MyIgQ29ycmVsYXRpb25CaW5kaW5nPSIiIFVybEVuY29kZT0iRmFsc2UiIFVzZVRvR3JvdXBSZXN1bHRzPSJGYWxzZSIgLz4NCiAgICAgIDwvUXVlcnlTdHJpbmdQYXJhbWV0ZXJzPg0KICAgIDwvUmVxdWVzdD4NCiAgICA8UmVxdWVzdCBNZXRob2Q9IkdFVCIgR3VpZD0iMTBkYmY3NjEtZDUyNC00ZTQ4LWEwOWQtZWViYzI2ZDcyNDk0IiBWZXJzaW9uPSIxLjEiIFVybD0iaHR0cDovL3d3dy5sb2dpbmRlbW8uY29tL1VzZXJzL1VzZXIvVXNlckxpc3QiIFRoaW5rVGltZT0iMCIgVGltZW91dD0iMzAwIiBQYXJzZURlcGVuZGVudFJlcXVlc3RzPSJUcnVlIiBGb2xsb3dSZWRpcmVjdHM9IlRydWUiIFJlY29yZFJlc3VsdD0iVHJ1ZSIgQ2FjaGU9IkZhbHNlIiBSZXNwb25zZVRpbWVHb2FsPSIwIiBFbmNvZGluZz0idXRmLTgiIEV4cGVjdGVkSHR0cFN0YXR1c0NvZGU9IjAiIEV4cGVjdGVkUmVzcG9uc2VVcmw9IiIgUmVwb3J0aW5nTmFtZT0iIiBJZ25vcmVIdHRwU3RhdHVzQ29kZT0iRmFsc2UiPg0KICAgICAgPEhlYWRlcnM+DQogICAgICAgIDxIZWFkZXIgTmFtZT0iUmVmZXJlciIgVmFsdWU9Imh0dHA6Ly93d3cubG9naW5kZW1vLmNvbS9Vc2Vycy9Vc2VyL1VzZXJMaXN0P3BhZ2VJbmRleD0yIiAvPg0KICAgICAgPC9IZWFkZXJzPg0KICAgICAgPFF1ZXJ5U3RyaW5nUGFyYW1ldGVycz4NCiAgICAgICAgPFF1ZXJ5U3RyaW5nUGFyYW1ldGVyIE5hbWU9InBhZ2VJbmRleCIgVmFsdWU9IjMiIFJlY29yZGVkVmFsdWU9IjMiIENvcnJlbGF0aW9uQmluZGluZz0ie3tRdWVyeVN0cmluZ1BhcmFtMS5wYWdlSW5kZXh9fSIgVXJsRW5jb2RlPSJGYWxzZSIgVXNlVG9Hcm91cFJlc3VsdHM9IkZhbHNlIiAvPg0KICAgICAgPC9RdWVyeVN0cmluZ1BhcmFtZXRlcnM+DQogICAgPC9SZXF1ZXN0Pg0KICAgIDxSZXF1ZXN0IE1ldGhvZD0iR0VUIiBHdWlkPSI0ZTY4ZmQyNi1mMDZkLTRlZDAtOTI4MS01YTIxZWIwZjU0YmEiIFZlcnNpb249IjEuMSIgVXJsPSJodHRwOi8vbG9jYWxob3N0OjI2MTcxLzVlZjNmZjNjOTM3MzQ1MmE4MTMzOWYzMGFkOTI4N2I1L2FydGVyeVNpZ25hbFIvbmVnb3RpYXRlIiBUaGlua1RpbWU9IjAiIFRpbWVvdXQ9IjMwMCIgUGFyc2VEZXBlbmRlbnRSZXF1ZXN0cz0iVHJ1ZSIgRm9sbG93UmVkaXJlY3RzPSJUcnVlIiBSZWNvcmRSZXN1bHQ9IlRydWUiIENhY2hlPSJGYWxzZSIgUmVzcG9uc2VUaW1lR29hbD0iMCIgRW5jb2Rpbmc9InV0Zi04IiBFeHBlY3RlZEh0dHBTdGF0dXNDb2RlPSIwIiBFeHBlY3RlZFJlc3BvbnNlVXJsPSIiIFJlcG9ydGluZ05hbWU9IiIgSWdub3JlSHR0cFN0YXR1c0NvZGU9IkZhbHNlIj4NCiAgICAgIDxIZWFkZXJzPg0KICAgICAgICA8SGVhZGVyIE5hbWU9IlJlZmVyZXIiIFZhbHVlPSJodHRwOi8vd3d3LmxvZ2luZGVtby5jb20vVXNlcnMvVXNlci9Vc2VyTGlzdD9wYWdlSW5kZXg9MyIgLz4NCiAgICAgIDwvSGVhZGVycz4NCiAgICAgIDxRdWVyeVN0cmluZ1BhcmFtZXRlcnM+DQogICAgICAgIDxRdWVyeVN0cmluZ1BhcmFtZXRlciBOYW1lPSJyZXF1ZXN0VXJsIiBWYWx1ZT0iaHR0cCUzQSUyRiUyRnd3dy5sb2dpbmRlbW8uY29tJTJGVXNlcnMlMkZVc2VyJTJGVXNlckxpc3QlM0ZwYWdlSW5kZXglM0QzIiBSZWNvcmRlZFZhbHVlPSJodHRwJTNBJTJGJTJGd3d3LmxvZ2luZGVtby5jb20lMkZVc2VycyUyRlVzZXIlMkZVc2VyTGlzdCUzRnBhZ2VJbmRleCUzRDMiIENvcnJlbGF0aW9uQmluZGluZz0iIiBVcmxFbmNvZGU9IkZhbHNlIiBVc2VUb0dyb3VwUmVzdWx0cz0iRmFsc2UiIC8+DQogICAgICAgIDxRdWVyeVN0cmluZ1BhcmFtZXRlciBOYW1lPSJicm93c2VyTmFtZSIgVmFsdWU9IkludGVybmV0RXhwbG9yZXIiIFJlY29yZGVkVmFsdWU9IkludGVybmV0RXhwbG9yZXIiIENvcnJlbGF0aW9uQmluZGluZz0iIiBVcmxFbmNvZGU9IkZhbHNlIiBVc2VUb0dyb3VwUmVzdWx0cz0iRmFsc2UiIC8+DQogICAgICAgIDxRdWVyeVN0cmluZ1BhcmFtZXRlciBOYW1lPSJjbGllbnRQcm90b2NvbCIgVmFsdWU9IjEuMyIgUmVjb3JkZWRWYWx1ZT0iMS4zIiBDb3JyZWxhdGlvbkJpbmRpbmc9IiIgVXJsRW5jb2RlPSJGYWxzZSIgVXNlVG9Hcm91cFJlc3VsdHM9IkZhbHNlIiAvPg0KICAgICAgICA8UXVlcnlTdHJpbmdQYXJhbWV0ZXIgTmFtZT0iY2FsbGJhY2siIFZhbHVlPSJqUXVlcnkxODIwNjg1MjA1OTQ3ODY5Mjk5Nl8xNDQxODgzMjY5NTAxIiBSZWNvcmRlZFZhbHVlPSJqUXVlcnkxODIwNjg1MjA1OTQ3ODY5Mjk5Nl8xNDQxODgzMjY5NTAxIiBDb3JyZWxhdGlvbkJpbmRpbmc9IiIgVXJsRW5jb2RlPSJGYWxzZSIgVXNlVG9Hcm91cFJlc3VsdHM9IkZhbHNlIiAvPg0KICAgICAgICA8UXVlcnlTdHJpbmdQYXJhbWV0ZXIgTmFtZT0iXyIgVmFsdWU9IjE0NDE4ODMyNjk1MzkiIFJlY29yZGVkVmFsdWU9IjE0NDE4ODMyNjk1MzkiIENvcnJlbGF0aW9uQmluZGluZz0iIiBVcmxFbmNvZGU9IkZhbHNlIiBVc2VUb0dyb3VwUmVzdWx0cz0iRmFsc2UiIC8+DQogICAgICA8L1F1ZXJ5U3RyaW5nUGFyYW1ldGVycz4NCiAgICA8L1JlcXVlc3Q+DQogICAgPFJlcXVlc3QgTWV0aG9kPSJHRVQiIEd1aWQ9ImVmOWZmMDk4LTMxMjItNDI0NS1iNjA3LTFkNzIwZGYwZjdiNCIgVmVyc2lvbj0iMS4xIiBVcmw9Imh0dHA6Ly9sb2NhbGhvc3Q6MjYxNzEvNWVmM2ZmM2M5MzczNDUyYTgxMzM5ZjMwYWQ5Mjg3YjUvYXJ0ZXJ5U2lnbmFsUi9jb25uZWN0IiBUaGlua1RpbWU9IjAiIFRpbWVvdXQ9IjMwMCIgUGFyc2VEZXBlbmRlbnRSZXF1ZXN0cz0iVHJ1ZSIgRm9sbG93UmVkaXJlY3RzPSJUcnVlIiBSZWNvcmRSZXN1bHQ9IlRydWUiIENhY2hlPSJGYWxzZSIgUmVzcG9uc2VUaW1lR29hbD0iMCIgRW5jb2Rpbmc9InV0Zi04IiBFeHBlY3RlZEh0dHBTdGF0dXNDb2RlPSIwIiBFeHBlY3RlZFJlc3BvbnNlVXJsPSIiIFJlcG9ydGluZ05hbWU9IiIgSWdub3JlSHR0cFN0YXR1c0NvZGU9IkZhbHNlIj4NCiAgICAgIDxIZWFkZXJzPg0KICAgICAgICA8SGVhZGVyIE5hbWU9IlJlZmVyZXIiIFZhbHVlPSJodHRwOi8vd3d3LmxvZ2luZGVtby5jb20vVXNlcnMvVXNlci9Vc2VyTGlzdD9wYWdlSW5kZXg9MyIgLz4NCiAgICAgIDwvSGVhZGVycz4NCiAgICAgIDxRdWVyeVN0cmluZ1BhcmFtZXRlcnM+DQogICAgICAgIDxRdWVyeVN0cmluZ1BhcmFtZXRlciBOYW1lPSJ0cmFuc3BvcnQiIFZhbHVlPSJsb25nUG9sbGluZyIgUmVjb3JkZWRWYWx1ZT0ibG9uZ1BvbGxpbmciIENvcnJlbGF0aW9uQmluZGluZz0iIiBVcmxFbmNvZGU9IkZhbHNlIiBVc2VUb0dyb3VwUmVzdWx0cz0iRmFsc2UiIC8+DQogICAgICAgIDxRdWVyeVN0cmluZ1BhcmFtZXRlciBOYW1lPSJjb25uZWN0aW9uVG9rZW4iIFZhbHVlPSJBUUFBQU5DTW5kOEJGZEVSakhvQXdFJTJGQ2wlMkJzQkFBQUFJb2pPcCUyQnFzVkUlMkJyRjB1VVQ3dFdnQUFBQUFBQ0FBQUFBQUFRWmdBQUFBRUFBQ0FBQUFCVDdOS0JuTUpKJTJCWUhCeFNGVGo4NmJ3VWFBYWt6dHFUZXU5RXZsY2k0bGR3QUFBQUFPZ0FBQUFBSUFBQ0FBQUFDVlMlMkZCbjZ2NWg3ZTdRc2M2QWhmS2NSS0xiJTJCV21YSyUyRjlrZkhKc3BLUTZhakFBQUFDN0VUdUVRb09NUnJQRVJaM0RBOEFMVTVZWjVNdWFJWVRiNHZzcFJBOHlPQVBpd1MlMkIlMkJNWUw4S3pCMGlUUXN6bnhBQUFBQXBwaEo4QU5jaGNqeUVFT05XNHlESlBKM2xOeHhsaThxeDlLTFhUcFBwalk0S2xnNDU3U0FNZSUyRlZ2dzIzRkR2Y0x6UEJBRjlMN1V4V0N4MGRVJTJGbjdsUSUzRCUzRCIgUmVjb3JkZWRWYWx1ZT0iQVFBQUFOQ01uZDhCRmRFUmpIb0F3RSUyRkNsJTJCc0JBQUFBSW9qT3AlMkJxc1ZFJTJCckYwdVVUN3RXZ0FBQUFBQUNBQUFBQUFBUVpnQUFBQUVBQUNBQUFBQlQ3TktCbk1KSiUyQllIQnhTRlRqODZid1VhQWFrenRxVGV1OUV2bGNpNGxkd0FBQUFBT2dBQUFBQUlBQUNBQUFBQ1ZTJTJGQm42djVoN2U3UXNjNkFoZktjUktMYiUyQldtWEslMkY5a2ZISnNwS1E2YWpBQUFBQzdFVHVFUW9PTVJyUEVSWjNEQThBTFU1WVo1TXVhSVlUYjR2c3BSQTh5T0FQaXdTJTJCJTJCTVlMOEt6QjBpVFFzem54QUFBQUFwcGhKOEFOY2hjanlFRU9OVzR5REpQSjNsTnh4bGk4cXg5S0xYVHBQcGpZNEtsZzQ1N1NBTWUlMkZWdncyM0ZEdmNMelBCQUY5TDdVeFdDeDBkVSUyRm43bFElM0QlM0QiIENvcnJlbGF0aW9uQmluZGluZz0iIiBVcmxFbmNvZGU9IkZhbHNlIiBVc2VUb0dyb3VwUmVzdWx0cz0iRmFsc2UiIC8+DQogICAgICAgIDxRdWVyeVN0cmluZ1BhcmFtZXRlciBOYW1lPSJyZXF1ZXN0VXJsIiBWYWx1ZT0iaHR0cCUzQSUyRiUyRnd3dy5sb2dpbmRlbW8uY29tJTJGVXNlcnMlMkZVc2VyJTJGVXNlckxpc3QlM0ZwYWdlSW5kZXglM0QzIiBSZWNvcmRlZFZhbHVlPSJodHRwJTNBJTJGJTJGd3d3LmxvZ2luZGVtby5jb20lMkZVc2VycyUyRlVzZXIlMkZVc2VyTGlzdCUzRnBhZ2VJbmRleCUzRDMiIENvcnJlbGF0aW9uQmluZGluZz0iIiBVcmxFbmNvZGU9IkZhbHNlIiBVc2VUb0dyb3VwUmVzdWx0cz0iRmFsc2UiIC8+DQogICAgICAgIDxRdWVyeVN0cmluZ1BhcmFtZXRlciBOYW1lPSJicm93c2VyTmFtZSIgVmFsdWU9IkludGVybmV0RXhwbG9yZXIiIFJlY29yZGVkVmFsdWU9IkludGVybmV0RXhwbG9yZXIiIENvcnJlbGF0aW9uQmluZGluZz0iIiBVcmxFbmNvZGU9IkZhbHNlIiBVc2VUb0dyb3VwUmVzdWx0cz0iRmFsc2UiIC8+DQogICAgICAgIDxRdWVyeVN0cmluZ1BhcmFtZXRlciBOYW1lPSJ0aWQiIFZhbHVlPSI1IiBSZWNvcmRlZFZhbHVlPSI1IiBDb3JyZWxhdGlvbkJpbmRpbmc9IiIgVXJsRW5jb2RlPSJGYWxzZSIgVXNlVG9Hcm91cFJlc3VsdHM9IkZhbHNlIiAvPg0KICAgICAgICA8UXVlcnlTdHJpbmdQYXJhbWV0ZXIgTmFtZT0iY2FsbGJhY2siIFZhbHVlPSJqUXVlcnkxODIwNjg1MjA1OTQ3ODY5Mjk5Nl8xNDQxODgzMjY5NTAxIiBSZWNvcmRlZFZhbHVlPSJqUXVlcnkxODIwNjg1MjA1OTQ3ODY5Mjk5Nl8xNDQxODgzMjY5NTAxIiBDb3JyZWxhdGlvbkJpbmRpbmc9IiIgVXJsRW5jb2RlPSJGYWxzZSIgVXNlVG9Hcm91cFJlc3VsdHM9IkZhbHNlIiAvPg0KICAgICAgICA8UXVlcnlTdHJpbmdQYXJhbWV0ZXIgTmFtZT0iXyIgVmFsdWU9IjE0NDE4ODMyNjk4MDciIFJlY29yZGVkVmFsdWU9IjE0NDE4ODMyNjk4MDciIENvcnJlbGF0aW9uQmluZGluZz0iIiBVcmxFbmNvZGU9IkZhbHNlIiBVc2VUb0dyb3VwUmVzdWx0cz0iRmFsc2UiIC8+DQogICAgICA8L1F1ZXJ5U3RyaW5nUGFyYW1ldGVycz4NCiAgICA8L1JlcXVlc3Q+DQogICAgPFJlcXVlc3QgTWV0aG9kPSJHRVQiIEd1aWQ9IjVjYzBlMzJkLTE2NmMtNGQ1Yi05OWQ5LWJiYjExOGIyNjc4MSIgVmVyc2lvbj0iMS4xIiBVcmw9Imh0dHA6Ly9sb2NhbGhvc3Q6MjYxNzEvNWVmM2ZmM2M5MzczNDUyYTgxMzM5ZjMwYWQ5Mjg3YjUvYXJ0ZXJ5U2lnbmFsUi9zZW5kIiBUaGlua1RpbWU9IjAiIFRpbWVvdXQ9IjMwMCIgUGFyc2VEZXBlbmRlbnRSZXF1ZXN0cz0iVHJ1ZSIgRm9sbG93UmVkaXJlY3RzPSJUcnVlIiBSZWNvcmRSZXN1bHQ9IlRydWUiIENhY2hlPSJGYWxzZSIgUmVzcG9uc2VUaW1lR29hbD0iMCIgRW5jb2Rpbmc9InV0Zi04IiBFeHBlY3RlZEh0dHBTdGF0dXNDb2RlPSIwIiBFeHBlY3RlZFJlc3BvbnNlVXJsPSIiIFJlcG9ydGluZ05hbWU9IiIgSWdub3JlSHR0cFN0YXR1c0NvZGU9IkZhbHNlIj4NCiAgICAgIDxIZWFkZXJzPg0KICAgICAgICA8SGVhZGVyIE5hbWU9IlJlZmVyZXIiIFZhbHVlPSJodHRwOi8vd3d3LmxvZ2luZGVtby5jb20vVXNlcnMvVXNlci9Vc2VyTGlzdD9wYWdlSW5kZXg9MyIgLz4NCiAgICAgIDwvSGVhZGVycz4NCiAgICAgIDxRdWVyeVN0cmluZ1BhcmFtZXRlcnM+DQogICAgICAgIDxRdWVyeVN0cmluZ1BhcmFtZXRlciBOYW1lPSJ0cmFuc3BvcnQiIFZhbHVlPSJsb25nUG9sbGluZyIgUmVjb3JkZWRWYWx1ZT0ibG9uZ1BvbGxpbmciIENvcnJlbGF0aW9uQmluZGluZz0iIiBVcmxFbmNvZGU9IkZhbHNlIiBVc2VUb0dyb3VwUmVzdWx0cz0iRmFsc2UiIC8+DQogICAgICAgIDxRdWVyeVN0cmluZ1BhcmFtZXRlciBOYW1lPSJjb25uZWN0aW9uVG9rZW4iIFZhbHVlPSJBUUFBQU5DTW5kOEJGZEVSakhvQXdFJTJGQ2wlMkJzQkFBQUFJb2pPcCUyQnFzVkUlMkJyRjB1VVQ3dFdnQUFBQUFBQ0FBQUFBQUFRWmdBQUFBRUFBQ0FBQUFCVDdOS0JuTUpKJTJCWUhCeFNGVGo4NmJ3VWFBYWt6dHFUZXU5RXZsY2k0bGR3QUFBQUFPZ0FBQUFBSUFBQ0FBQUFDVlMlMkZCbjZ2NWg3ZTdRc2M2QWhmS2NSS0xiJTJCV21YSyUyRjlrZkhKc3BLUTZhakFBQUFDN0VUdUVRb09NUnJQRVJaM0RBOEFMVTVZWjVNdWFJWVRiNHZzcFJBOHlPQVBpd1MlMkIlMkJNWUw4S3pCMGlUUXN6bnhBQUFBQXBwaEo4QU5jaGNqeUVFT05XNHlESlBKM2xOeHhsaThxeDlLTFhUcFBwalk0S2xnNDU3U0FNZSUyRlZ2dzIzRkR2Y0x6UEJBRjlMN1V4V0N4MGRVJTJGbjdsUSUzRCUzRCIgUmVjb3JkZWRWYWx1ZT0iQVFBQUFOQ01uZDhCRmRFUmpIb0F3RSUyRkNsJTJCc0JBQUFBSW9qT3AlMkJxc1ZFJTJCckYwdVVUN3RXZ0FBQUFBQUNBQUFBQUFBUVpnQUFBQUVBQUNBQUFBQlQ3TktCbk1KSiUyQllIQnhTRlRqODZid1VhQWFrenRxVGV1OUV2bGNpNGxkd0FBQUFBT2dBQUFBQUlBQUNBQUFBQ1ZTJTJGQm42djVoN2U3UXNjNkFoZktjUktMYiUyQldtWEslMkY5a2ZISnNwS1E2YWpBQUFBQzdFVHVFUW9PTVJyUEVSWjNEQThBTFU1WVo1TXVhSVlUYjR2c3BSQTh5T0FQaXdTJTJCJTJCTVlMOEt6QjBpVFFzem54QUFBQUFwcGhKOEFOY2hjanlFRU9OVzR5REpQSjNsTnh4bGk4cXg5S0xYVHBQcGpZNEtsZzQ1N1NBTWUlMkZWdncyM0ZEdmNMelBCQUY5TDdVeFdDeDBkVSUyRm43bFElM0QlM0QiIENvcnJlbGF0aW9uQmluZGluZz0iIiBVcmxFbmNvZGU9IkZhbHNlIiBVc2VUb0dyb3VwUmVzdWx0cz0iRmFsc2UiIC8+DQogICAgICAgIDxRdWVyeVN0cmluZ1BhcmFtZXRlciBOYW1lPSJyZXF1ZXN0VXJsIiBWYWx1ZT0iaHR0cCUzQSUyRiUyRnd3dy5sb2dpbmRlbW8uY29tJTJGVXNlcnMlMkZVc2VyJTJGVXNlckxpc3QlM0ZwYWdlSW5kZXglM0QzIiBSZWNvcmRlZFZhbHVlPSJodHRwJTNBJTJGJTJGd3d3LmxvZ2luZGVtby5jb20lMkZVc2VycyUyRlVzZXIlMkZVc2VyTGlzdCUzRnBhZ2VJbmRleCUzRDMiIENvcnJlbGF0aW9uQmluZGluZz0iIiBVcmxFbmNvZGU9IkZhbHNlIiBVc2VUb0dyb3VwUmVzdWx0cz0iRmFsc2UiIC8+DQogICAgICAgIDxRdWVyeVN0cmluZ1BhcmFtZXRlciBOYW1lPSJicm93c2VyTmFtZSIgVmFsdWU9IkludGVybmV0RXhwbG9yZXIiIFJlY29yZGVkVmFsdWU9IkludGVybmV0RXhwbG9yZXIiIENvcnJlbGF0aW9uQmluZGluZz0iIiBVcmxFbmNvZGU9IkZhbHNlIiBVc2VUb0dyb3VwUmVzdWx0cz0iRmFsc2UiIC8+DQogICAgICAgIDxRdWVyeVN0cmluZ1BhcmFtZXRlciBOYW1lPSJjYWxsYmFjayIgVmFsdWU9ImpRdWVyeTE4MjA2ODUyMDU5NDc4NjkyOTk2XzE0NDE4ODMyNjk1MDEiIFJlY29yZGVkVmFsdWU9ImpRdWVyeTE4MjA2ODUyMDU5NDc4NjkyOTk2XzE0NDE4ODMyNjk1MDEiIENvcnJlbGF0aW9uQmluZGluZz0iIiBVcmxFbmNvZGU9IkZhbHNlIiBVc2VUb0dyb3VwUmVzdWx0cz0iRmFsc2UiIC8+DQogICAgICAgIDxRdWVyeVN0cmluZ1BhcmFtZXRlciBOYW1lPSJkYXRhIiBWYWx1ZT0iJTdCJTIybmFtZSUyMiUzQSUyMk1pY3Jvc29mdC5WaXN1YWxTdHVkaW8uV2ViLkJyb3dzZXJMaW5rLkNvcmVFeHRlbnNpb25GYWN0b3J5LmNvbm5lY3RlZCUyMiUyQyUyMmNhbGxiYWNrSWQlMjIlM0ExJTdEIiBSZWNvcmRlZFZhbHVlPSIlN0IlMjJuYW1lJTIyJTNBJTIyTWljcm9zb2Z0LlZpc3VhbFN0dWRpby5XZWIuQnJvd3NlckxpbmsuQ29yZUV4dGVuc2lvbkZhY3RvcnkuY29ubmVjdGVkJTIyJTJDJTIyY2FsbGJhY2tJZCUyMiUzQTElN0QiIENvcnJlbGF0aW9uQmluZGluZz0iIiBVcmxFbmNvZGU9IkZhbHNlIiBVc2VUb0dyb3VwUmVzdWx0cz0iRmFsc2UiIC8+DQogICAgICAgIDxRdWVyeVN0cmluZ1BhcmFtZXRlciBOYW1lPSJfIiBWYWx1ZT0iMTQ0MTg4MzI2OTgxNCIgUmVjb3JkZWRWYWx1ZT0iMTQ0MTg4MzI2OTgxNCIgQ29ycmVsYXRpb25CaW5kaW5nPSIiIFVybEVuY29kZT0iRmFsc2UiIFVzZVRvR3JvdXBSZXN1bHRzPSJGYWxzZSIgLz4NCiAgICAgIDwvUXVlcnlTdHJpbmdQYXJhbWV0ZXJzPg0KICAgIDwvUmVxdWVzdD4NCiAgICA8UmVxdWVzdCBNZXRob2Q9IkdFVCIgR3VpZD0iNmU0ZDFhYTEtYjJmNy00ZWNhLThlNGMtNDA5MDQyODk5ODYzIiBWZXJzaW9uPSIxLjEiIFVybD0iaHR0cDovL2xvY2FsaG9zdDoyNjE3MS81ZWYzZmYzYzkzNzM0NTJhODEzMzlmMzBhZDkyODdiNS9hcnRlcnlTaWduYWxSL3BvbGwiIFRoaW5rVGltZT0iMCIgVGltZW91dD0iMzAwIiBQYXJzZURlcGVuZGVudFJlcXVlc3RzPSJUcnVlIiBGb2xsb3dSZWRpcmVjdHM9IlRydWUiIFJlY29yZFJlc3VsdD0iVHJ1ZSIgQ2FjaGU9IkZhbHNlIiBSZXNwb25zZVRpbWVHb2FsPSIwIiBFbmNvZGluZz0idXRmLTgiIEV4cGVjdGVkSHR0cFN0YXR1c0NvZGU9IjAiIEV4cGVjdGVkUmVzcG9uc2VVcmw9IiIgUmVwb3J0aW5nTmFtZT0iIiBJZ25vcmVIdHRwU3RhdHVzQ29kZT0iRmFsc2UiPg0KICAgICAgPEhlYWRlcnM+DQogICAgICAgIDxIZWFkZXIgTmFtZT0iUmVmZXJlciIgVmFsdWU9Imh0dHA6Ly93d3cubG9naW5kZW1vLmNvbS9Vc2Vycy9Vc2VyL1VzZXJMaXN0P3BhZ2VJbmRleD0zIiAvPg0KICAgICAgPC9IZWFkZXJzPg0KICAgICAgPFF1ZXJ5U3RyaW5nUGFyYW1ldGVycz4NCiAgICAgICAgPFF1ZXJ5U3RyaW5nUGFyYW1ldGVyIE5hbWU9InRyYW5zcG9ydCIgVmFsdWU9ImxvbmdQb2xsaW5nIiBSZWNvcmRlZFZhbHVlPSJsb25nUG9sbGluZyIgQ29ycmVsYXRpb25CaW5kaW5nPSIiIFVybEVuY29kZT0iRmFsc2UiIFVzZVRvR3JvdXBSZXN1bHRzPSJGYWxzZSIgLz4NCiAgICAgICAgPFF1ZXJ5U3RyaW5nUGFyYW1ldGVyIE5hbWU9ImNvbm5lY3Rpb25Ub2tlbiIgVmFsdWU9IkFRQUFBTkNNbmQ4QkZkRVJqSG9Bd0UlMkZDbCUyQnNCQUFBQUlvak9wJTJCcXNWRSUyQnJGMHVVVDd0V2dBQUFBQUFDQUFBQUFBQVFaZ0FBQUFFQUFDQUFBQUJUN05LQm5NSkolMkJZSEJ4U0ZUajg2YndVYUFha3p0cVRldTlFdmxjaTRsZHdBQUFBQU9nQUFBQUFJQUFDQUFBQUNWUyUyRkJuNnY1aDdlN1FzYzZBaGZLY1JLTGIlMkJXbVhLJTJGOWtmSEpzcEtRNmFqQUFBQUM3RVR1RVFvT01SclBFUlozREE4QUxVNVlaNU11YUlZVGI0dnNwUkE4eU9BUGl3UyUyQiUyQk1ZTDhLekIwaVRRc3pueEFBQUFBcHBoSjhBTmNoY2p5RUVPTlc0eURKUEozbE54eGxpOHF4OUtMWFRwUHBqWTRLbGc0NTdTQU1lJTJGVnZ3MjNGRHZjTHpQQkFGOUw3VXhXQ3gwZFUlMkZuN2xRJTNEJTNEIiBSZWNvcmRlZFZhbHVlPSJBUUFBQU5DTW5kOEJGZEVSakhvQXdFJTJGQ2wlMkJzQkFBQUFJb2pPcCUyQnFzVkUlMkJyRjB1VVQ3dFdnQUFBQUFBQ0FBQUFBQUFRWmdBQUFBRUFBQ0FBQUFCVDdOS0JuTUpKJTJCWUhCeFNGVGo4NmJ3VWFBYWt6dHFUZXU5RXZsY2k0bGR3QUFBQUFPZ0FBQUFBSUFBQ0FBQUFDVlMlMkZCbjZ2NWg3ZTdRc2M2QWhmS2NSS0xiJTJCV21YSyUyRjlrZkhKc3BLUTZhakFBQUFDN0VUdUVRb09NUnJQRVJaM0RBOEFMVTVZWjVNdWFJWVRiNHZzcFJBOHlPQVBpd1MlMkIlMkJNWUw4S3pCMGlUUXN6bnhBQUFBQXBwaEo4QU5jaGNqeUVFT05XNHlESlBKM2xOeHhsaThxeDlLTFhUcFBwalk0S2xnNDU3U0FNZSUyRlZ2dzIzRkR2Y0x6UEJBRjlMN1V4V0N4MGRVJTJGbjdsUSUzRCUzRCIgQ29ycmVsYXRpb25CaW5kaW5nPSIiIFVybEVuY29kZT0iRmFsc2UiIFVzZVRvR3JvdXBSZXN1bHRzPSJGYWxzZSIgLz4NCiAgICAgICAgPFF1ZXJ5U3RyaW5nUGFyYW1ldGVyIE5hbWU9Im1lc3NhZ2VJZCIgVmFsdWU9ImQtNjY0NUVEMDgtQiUyQzAlN0NHJTJDMSU3Q0glMkMwIiBSZWNvcmRlZFZhbHVlPSJkLTY2NDVFRDA4LUIlMkMwJTdDRyUyQzElN0NIJTJDMCIgQ29ycmVsYXRpb25CaW5kaW5nPSIiIFVybEVuY29kZT0iRmFsc2UiIFVzZVRvR3JvdXBSZXN1bHRzPSJGYWxzZSIgLz4NCiAgICAgICAgPFF1ZXJ5U3RyaW5nUGFyYW1ldGVyIE5hbWU9InJlcXVlc3RVcmwiIFZhbHVlPSJodHRwJTNBJTJGJTJGd3d3LmxvZ2luZGVtby5jb20lMkZVc2VycyUyRlVzZXIlMkZVc2VyTGlzdCUzRnBhZ2VJbmRleCUzRDMiIFJlY29yZGVkVmFsdWU9Imh0dHAlM0ElMkYlMkZ3d3cubG9naW5kZW1vLmNvbSUyRlVzZXJzJTJGVXNlciUyRlVzZXJMaXN0JTNGcGFnZUluZGV4JTNEMyIgQ29ycmVsYXRpb25CaW5kaW5nPSIiIFVybEVuY29kZT0iRmFsc2UiIFVzZVRvR3JvdXBSZXN1bHRzPSJGYWxzZSIgLz4NCiAgICAgICAgPFF1ZXJ5U3RyaW5nUGFyYW1ldGVyIE5hbWU9ImJyb3dzZXJOYW1lIiBWYWx1ZT0iSW50ZXJuZXRFeHBsb3JlciIgUmVjb3JkZWRWYWx1ZT0iSW50ZXJuZXRFeHBsb3JlciIgQ29ycmVsYXRpb25CaW5kaW5nPSIiIFVybEVuY29kZT0iRmFsc2UiIFVzZVRvR3JvdXBSZXN1bHRzPSJGYWxzZSIgLz4NCiAgICAgICAgPFF1ZXJ5U3RyaW5nUGFyYW1ldGVyIE5hbWU9InRpZCIgVmFsdWU9IjAiIFJlY29yZGVkVmFsdWU9IjAiIENvcnJlbGF0aW9uQmluZGluZz0iIiBVcmxFbmNvZGU9IkZhbHNlIiBVc2VUb0dyb3VwUmVzdWx0cz0iRmFsc2UiIC8+DQogICAgICAgIDxRdWVyeVN0cmluZ1BhcmFtZXRlciBOYW1lPSJjYWxsYmFjayIgVmFsdWU9ImpRdWVyeTE4MjA2ODUyMDU5NDc4NjkyOTk2XzE0NDE4ODMyNjk1MDIiIFJlY29yZGVkVmFsdWU9ImpRdWVyeTE4MjA2ODUyMDU5NDc4NjkyOTk2XzE0NDE4ODMyNjk1MDIiIENvcnJlbGF0aW9uQmluZGluZz0iIiBVcmxFbmNvZGU9IkZhbHNlIiBVc2VUb0dyb3VwUmVzdWx0cz0iRmFsc2UiIC8+DQogICAgICAgIDxRdWVyeVN0cmluZ1BhcmFtZXRlciBOYW1lPSJfIiBWYWx1ZT0iMTQ0MTg4MzI2OTgxNSIgUmVjb3JkZWRWYWx1ZT0iMTQ0MTg4MzI2OTgxNSIgQ29ycmVsYXRpb25CaW5kaW5nPSIiIFVybEVuY29kZT0iRmFsc2UiIFVzZVRvR3JvdXBSZXN1bHRzPSJGYWxzZSIgLz4NCiAgICAgIDwvUXVlcnlTdHJpbmdQYXJhbWV0ZXJzPg0KICAgIDwvUmVxdWVzdD4NCiAgICA8UmVxdWVzdCBNZXRob2Q9IkdFVCIgR3VpZD0iNWE4YjE0ZDYtM2NmMi00Njg0LTlhNzAtMmI1NTc2ZWQ5ZDcxIiBWZXJzaW9uPSIxLjEiIFVybD0iaHR0cDovL2xvY2FsaG9zdDoyNjE3MS81ZWYzZmYzYzkzNzM0NTJhODEzMzlmMzBhZDkyODdiNS9hcnRlcnlTaWduYWxSL3NlbmQiIFRoaW5rVGltZT0iMCIgVGltZW91dD0iMzAwIiBQYXJzZURlcGVuZGVudFJlcXVlc3RzPSJUcnVlIiBGb2xsb3dSZWRpcmVjdHM9IlRydWUiIFJlY29yZFJlc3VsdD0iVHJ1ZSIgQ2FjaGU9IkZhbHNlIiBSZXNwb25zZVRpbWVHb2FsPSIwIiBFbmNvZGluZz0idXRmLTgiIEV4cGVjdGVkSHR0cFN0YXR1c0NvZGU9IjAiIEV4cGVjdGVkUmVzcG9uc2VVcmw9IiIgUmVwb3J0aW5nTmFtZT0iIiBJZ25vcmVIdHRwU3RhdHVzQ29kZT0iRmFsc2UiPg0KICAgICAgPEhlYWRlcnM+DQogICAgICAgIDxIZWFkZXIgTmFtZT0iUmVmZXJlciIgVmFsdWU9Imh0dHA6Ly93d3cubG9naW5kZW1vLmNvbS9Vc2Vycy9Vc2VyL1VzZXJMaXN0P3BhZ2VJbmRleD0zIiAvPg0KICAgICAgPC9IZWFkZXJzPg0KICAgICAgPFF1ZXJ5U3RyaW5nUGFyYW1ldGVycz4NCiAgICAgICAgPFF1ZXJ5U3RyaW5nUGFyYW1ldGVyIE5hbWU9InRyYW5zcG9ydCIgVmFsdWU9ImxvbmdQb2xsaW5nIiBSZWNvcmRlZFZhbHVlPSJsb25nUG9sbGluZyIgQ29ycmVsYXRpb25CaW5kaW5nPSIiIFVybEVuY29kZT0iRmFsc2UiIFVzZVRvR3JvdXBSZXN1bHRzPSJGYWxzZSIgLz4NCiAgICAgICAgPFF1ZXJ5U3RyaW5nUGFyYW1ldGVyIE5hbWU9ImNvbm5lY3Rpb25Ub2tlbiIgVmFsdWU9IkFRQUFBTkNNbmQ4QkZkRVJqSG9Bd0UlMkZDbCUyQnNCQUFBQUlvak9wJTJCcXNWRSUyQnJGMHVVVDd0V2dBQUFBQUFDQUFBQUFBQVFaZ0FBQUFFQUFDQUFBQUJUN05LQm5NSkolMkJZSEJ4U0ZUajg2YndVYUFha3p0cVRldTlFdmxjaTRsZHdBQUFBQU9nQUFBQUFJQUFDQUFBQUNWUyUyRkJuNnY1aDdlN1FzYzZBaGZLY1JLTGIlMkJXbVhLJTJGOWtmSEpzcEtRNmFqQUFBQUM3RVR1RVFvT01SclBFUlozREE4QUxVNVlaNU11YUlZVGI0dnNwUkE4eU9BUGl3UyUyQiUyQk1ZTDhLekIwaVRRc3pueEFBQUFBcHBoSjhBTmNoY2p5RUVPTlc0eURKUEozbE54eGxpOHF4OUtMWFRwUHBqWTRLbGc0NTdTQU1lJTJGVnZ3MjNGRHZjTHpQQkFGOUw3VXhXQ3gwZFUlMkZuN2xRJTNEJTNEIiBSZWNvcmRlZFZhbHVlPSJBUUFBQU5DTW5kOEJGZEVSakhvQXdFJTJGQ2wlMkJzQkFBQUFJb2pPcCUyQnFzVkUlMkJyRjB1VVQ3dFdnQUFBQUFBQ0FBQUFBQUFRWmdBQUFBRUFBQ0FBQUFCVDdOS0JuTUpKJTJCWUhCeFNGVGo4NmJ3VWFBYWt6dHFUZXU5RXZsY2k0bGR3QUFBQUFPZ0FBQUFBSUFBQ0FBQUFDVlMlMkZCbjZ2NWg3ZTdRc2M2QWhmS2NSS0xiJTJCV21YSyUyRjlrZkhKc3BLUTZhakFBQUFDN0VUdUVRb09NUnJQRVJaM0RBOEFMVTVZWjVNdWFJWVRiNHZzcFJBOHlPQVBpd1MlMkIlMkJNWUw4S3pCMGlUUXN6bnhBQUFBQXBwaEo4QU5jaGNqeUVFT05XNHlESlBKM2xOeHhsaThxeDlLTFhUcFBwalk0S2xnNDU3U0FNZSUyRlZ2dzIzRkR2Y0x6UEJBRjlMN1V4V0N4MGRVJTJGbjdsUSUzRCUzRCIgQ29ycmVsYXRpb25CaW5kaW5nPSIiIFVybEVuY29kZT0iRmFsc2UiIFVzZVRvR3JvdXBSZXN1bHRzPSJGYWxzZSIgLz4NCiAgICAgICAgPFF1ZXJ5U3RyaW5nUGFyYW1ldGVyIE5hbWU9InJlcXVlc3RVcmwiIFZhbHVlPSJodHRwJTNBJTJGJTJGd3d3LmxvZ2luZGVtby5jb20lMkZVc2VycyUyRlVzZXIlMkZVc2VyTGlzdCUzRnBhZ2VJbmRleCUzRDMiIFJlY29yZGVkVmFsdWU9Imh0dHAlM0ElMkYlMkZ3d3cubG9naW5kZW1vLmNvbSUyRlVzZXJzJTJGVXNlciUyRlVzZXJMaXN0JTNGcGFnZUluZGV4JTNEMyIgQ29ycmVsYXRpb25CaW5kaW5nPSIiIFVybEVuY29kZT0iRmFsc2UiIFVzZVRvR3JvdXBSZXN1bHRzPSJGYWxzZSIgLz4NCiAgICAgICAgPFF1ZXJ5U3RyaW5nUGFyYW1ldGVyIE5hbWU9ImJyb3dzZXJOYW1lIiBWYWx1ZT0iSW50ZXJuZXRFeHBsb3JlciIgUmVjb3JkZWRWYWx1ZT0iSW50ZXJuZXRFeHBsb3JlciIgQ29ycmVsYXRpb25CaW5kaW5nPSIiIFVybEVuY29kZT0iRmFsc2UiIFVzZVRvR3JvdXBSZXN1bHRzPSJGYWxzZSIgLz4NCiAgICAgICAgPFF1ZXJ5U3RyaW5nUGFyYW1ldGVyIE5hbWU9ImNhbGxiYWNrIiBWYWx1ZT0ialF1ZXJ5MTgyMDY4NTIwNTk0Nzg2OTI5OTZfMTQ0MTg4MzI2OTUwMiIgUmVjb3JkZWRWYWx1ZT0ialF1ZXJ5MTgyMDY4NTIwNTk0Nzg2OTI5OTZfMTQ0MTg4MzI2OTUwMiIgQ29ycmVsYXRpb25CaW5kaW5nPSIiIFVybEVuY29kZT0iRmFsc2UiIFVzZVRvR3JvdXBSZXN1bHRzPSJGYWxzZSIgLz4NCiAgICAgICAgPFF1ZXJ5U3RyaW5nUGFyYW1ldGVyIE5hbWU9ImRhdGEiIFZhbHVlPSIlN0IlMjJuYW1lJTIyJTNBJTIybWljcm9zb2Z0LnZpc3VhbHN0dWRpby53ZWIuYnJvd3NlcmxpbmsuaHRtbG1hcHBpbmdleHRlbnNpb25mYWN0b3J5LnJlc29sdmVVcmwlMjIlMkMlMjJhcmdzJTIyJTNBJTVCJTIyfiUyRl9fYnJvd3NlckxpbmslMkZyZXF1ZXN0RGF0YSUyRjZiMmRhMTI5OGI0MzQxOWQ5YTg3ODI4ZTM1NjcxNDcwJTIyJTVEJTJDJTIyY2FsbGJhY2tJZCUyMiUzQTIlN0QiIFJlY29yZGVkVmFsdWU9IiU3QiUyMm5hbWUlMjIlM0ElMjJtaWNyb3NvZnQudmlzdWFsc3R1ZGlvLndlYi5icm93c2VybGluay5odG1sbWFwcGluZ2V4dGVuc2lvbmZhY3RvcnkucmVzb2x2ZVVybCUyMiUyQyUyMmFyZ3MlMjIlM0ElNUIlMjJ+JTJGX19icm93c2VyTGluayUyRnJlcXVlc3REYXRhJTJGNmIyZGExMjk4YjQzNDE5ZDlhODc4MjhlMzU2NzE0NzAlMjIlNUQlMkMlMjJjYWxsYmFja0lkJTIyJTNBMiU3RCIgQ29ycmVsYXRpb25CaW5kaW5nPSIiIFVybEVuY29kZT0iRmFsc2UiIFVzZVRvR3JvdXBSZXN1bHRzPSJGYWxzZSIgLz4NCiAgICAgICAgPFF1ZXJ5U3RyaW5nUGFyYW1ldGVyIE5hbWU9Il8iIFZhbHVlPSIxNDQxODgzMjY5ODQxIiBSZWNvcmRlZFZhbHVlPSIxNDQxODgzMjY5ODQxIiBDb3JyZWxhdGlvbkJpbmRpbmc9IiIgVXJsRW5jb2RlPSJGYWxzZSIgVXNlVG9Hcm91cFJlc3VsdHM9IkZhbHNlIiAvPg0KICAgICAgPC9RdWVyeVN0cmluZ1BhcmFtZXRlcnM+DQogICAgPC9SZXF1ZXN0Pg0KICAgIDxSZXF1ZXN0IE1ldGhvZD0iR0VUIiBHdWlkPSI2MTgxZGYxYi1iNjdkLTRmZDUtOWYwNC1jMGI3YmFhZGZmNTMiIFZlcnNpb249IjEuMSIgVXJsPSJodHRwOi8vbG9jYWxob3N0OjI2MTcxLzVlZjNmZjNjOTM3MzQ1MmE4MTMzOWYzMGFkOTI4N2I1L2FydGVyeVNpZ25hbFIvcG9sbCIgVGhpbmtUaW1lPSIzIiBUaW1lb3V0PSIzMDAiIFBhcnNlRGVwZW5kZW50UmVxdWVzdHM9IlRydWUiIEZvbGxvd1JlZGlyZWN0cz0iVHJ1ZSIgUmVjb3JkUmVzdWx0PSJUcnVlIiBDYWNoZT0iRmFsc2UiIFJlc3BvbnNlVGltZUdvYWw9IjAiIEVuY29kaW5nPSJ1dGYtOCIgRXhwZWN0ZWRIdHRwU3RhdHVzQ29kZT0iMCIgRXhwZWN0ZWRSZXNwb25zZVVybD0iIiBSZXBvcnRpbmdOYW1lPSIiIElnbm9yZUh0dHBTdGF0dXNDb2RlPSJGYWxzZSI+DQogICAgICA8SGVhZGVycz4NCiAgICAgICAgPEhlYWRlciBOYW1lPSJSZWZlcmVyIiBWYWx1ZT0iaHR0cDovL3d3dy5sb2dpbmRlbW8uY29tL1VzZXJzL1VzZXIvVXNlckxpc3Q/cGFnZUluZGV4PTMiIC8+DQogICAgICA8L0hlYWRlcnM+DQogICAgICA8UXVlcnlTdHJpbmdQYXJhbWV0ZXJzPg0KICAgICAgICA8UXVlcnlTdHJpbmdQYXJhbWV0ZXIgTmFtZT0idHJhbnNwb3J0IiBWYWx1ZT0ibG9uZ1BvbGxpbmciIFJlY29yZGVkVmFsdWU9ImxvbmdQb2xsaW5nIiBDb3JyZWxhdGlvbkJpbmRpbmc9IiIgVXJsRW5jb2RlPSJGYWxzZSIgVXNlVG9Hcm91cFJlc3VsdHM9IkZhbHNlIiAvPg0KICAgICAgICA8UXVlcnlTdHJpbmdQYXJhbWV0ZXIgTmFtZT0iY29ubmVjdGlvblRva2VuIiBWYWx1ZT0iQVFBQUFOQ01uZDhCRmRFUmpIb0F3RSUyRkNsJTJCc0JBQUFBSW9qT3AlMkJxc1ZFJTJCckYwdVVUN3RXZ0FBQUFBQUNBQUFBQUFBUVpnQUFBQUVBQUNBQUFBQlQ3TktCbk1KSiUyQllIQnhTRlRqODZid1VhQWFrenRxVGV1OUV2bGNpNGxkd0FBQUFBT2dBQUFBQUlBQUNBQUFBQ1ZTJTJGQm42djVoN2U3UXNjNkFoZktjUktMYiUyQldtWEslMkY5a2ZISnNwS1E2YWpBQUFBQzdFVHVFUW9PTVJyUEVSWjNEQThBTFU1WVo1TXVhSVlUYjR2c3BSQTh5T0FQaXdTJTJCJTJCTVlMOEt6QjBpVFFzem54QUFBQUFwcGhKOEFOY2hjanlFRU9OVzR5REpQSjNsTnh4bGk4cXg5S0xYVHBQcGpZNEtsZzQ1N1NBTWUlMkZWdncyM0ZEdmNMelBCQUY5TDdVeFdDeDBkVSUyRm43bFElM0QlM0QiIFJlY29yZGVkVmFsdWU9IkFRQUFBTkNNbmQ4QkZkRVJqSG9Bd0UlMkZDbCUyQnNCQUFBQUlvak9wJTJCcXNWRSUyQnJGMHVVVDd0V2dBQUFBQUFDQUFBQUFBQVFaZ0FBQUFFQUFDQUFBQUJUN05LQm5NSkolMkJZSEJ4U0ZUajg2YndVYUFha3p0cVRldTlFdmxjaTRsZHdBQUFBQU9nQUFBQUFJQUFDQUFBQUNWUyUyRkJuNnY1aDdlN1FzYzZBaGZLY1JLTGIlMkJXbVhLJTJGOWtmSEpzcEtRNmFqQUFBQUM3RVR1RVFvT01SclBFUlozREE4QUxVNVlaNU11YUlZVGI0dnNwUkE4eU9BUGl3UyUyQiUyQk1ZTDhLekIwaVRRc3pueEFBQUFBcHBoSjhBTmNoY2p5RUVPTlc0eURKUEozbE54eGxpOHF4OUtMWFRwUHBqWTRLbGc0NTdTQU1lJTJGVnZ3MjNGRHZjTHpQQkFGOUw3VXhXQ3gwZFUlMkZuN2xRJTNEJTNEIiBDb3JyZWxhdGlvbkJpbmRpbmc9IiIgVXJsRW5jb2RlPSJGYWxzZSIgVXNlVG9Hcm91cFJlc3VsdHM9IkZhbHNlIiAvPg0KICAgICAgICA8UXVlcnlTdHJpbmdQYXJhbWV0ZXIgTmFtZT0ibWVzc2FnZUlkIiBWYWx1ZT0iZC02NjQ1RUQwOC1CJTJDMCU3Q0clMkMyJTdDSCUyQzAiIFJlY29yZGVkVmFsdWU9ImQtNjY0NUVEMDgtQiUyQzAlN0NHJTJDMiU3Q0glMkMwIiBDb3JyZWxhdGlvbkJpbmRpbmc9IiIgVXJsRW5jb2RlPSJGYWxzZSIgVXNlVG9Hcm91cFJlc3VsdHM9IkZhbHNlIiAvPg0KICAgICAgICA8UXVlcnlTdHJpbmdQYXJhbWV0ZXIgTmFtZT0icmVxdWVzdFVybCIgVmFsdWU9Imh0dHAlM0ElMkYlMkZ3d3cubG9naW5kZW1vLmNvbSUyRlVzZXJzJTJGVXNlciUyRlVzZXJMaXN0JTNGcGFnZUluZGV4JTNEMyIgUmVjb3JkZWRWYWx1ZT0iaHR0cCUzQSUyRiUyRnd3dy5sb2dpbmRlbW8uY29tJTJGVXNlcnMlMkZVc2VyJTJGVXNlckxpc3QlM0ZwYWdlSW5kZXglM0QzIiBDb3JyZWxhdGlvbkJpbmRpbmc9IiIgVXJsRW5jb2RlPSJGYWxzZSIgVXNlVG9Hcm91cFJlc3VsdHM9IkZhbHNlIiAvPg0KICAgICAgICA8UXVlcnlTdHJpbmdQYXJhbWV0ZXIgTmFtZT0iYnJvd3Nlck5hbWUiIFZhbHVlPSJJbnRlcm5ldEV4cGxvcmVyIiBSZWNvcmRlZFZhbHVlPSJJbnRlcm5ldEV4cGxvcmVyIiBDb3JyZWxhdGlvbkJpbmRpbmc9IiIgVXJsRW5jb2RlPSJGYWxzZSIgVXNlVG9Hcm91cFJlc3VsdHM9IkZhbHNlIiAvPg0KICAgICAgICA8UXVlcnlTdHJpbmdQYXJhbWV0ZXIgTmFtZT0idGlkIiBWYWx1ZT0iNSIgUmVjb3JkZWRWYWx1ZT0iNSIgQ29ycmVsYXRpb25CaW5kaW5nPSIiIFVybEVuY29kZT0iRmFsc2UiIFVzZVRvR3JvdXBSZXN1bHRzPSJGYWxzZSIgLz4NCiAgICAgICAgPFF1ZXJ5U3RyaW5nUGFyYW1ldGVyIE5hbWU9ImNhbGxiYWNrIiBWYWx1ZT0ialF1ZXJ5MTgyMDY4NTIwNTk0Nzg2OTI5OTZfMTQ0MTg4MzI2OTUwMSIgUmVjb3JkZWRWYWx1ZT0ialF1ZXJ5MTgyMDY4NTIwNTk0Nzg2OTI5OTZfMTQ0MTg4MzI2OTUwMSIgQ29ycmVsYXRpb25CaW5kaW5nPSIiIFVybEVuY29kZT0iRmFsc2UiIFVzZVRvR3JvdXBSZXN1bHRzPSJGYWxzZSIgLz4NCiAgICAgICAgPFF1ZXJ5U3RyaW5nUGFyYW1ldGVyIE5hbWU9Il8iIFZhbHVlPSIxNDQxODgzMjY5ODQzIiBSZWNvcmRlZFZhbHVlPSIxNDQxODgzMjY5ODQzIiBDb3JyZWxhdGlvbkJpbmRpbmc9IiIgVXJsRW5jb2RlPSJGYWxzZSIgVXNlVG9Hcm91cFJlc3VsdHM9IkZhbHNlIiAvPg0KICAgICAgPC9RdWVyeVN0cmluZ1BhcmFtZXRlcnM+DQogICAgPC9SZXF1ZXN0Pg0KICAgIDxSZXF1ZXN0IE1ldGhvZD0iR0VUIiBHdWlkPSJiZDBlYjk4MS04ZDNiLTQwNWQtYjUwNC0yMGM3ODE0N2EyMjciIFZlcnNpb249IjEuMSIgVXJsPSJodHRwOi8vd3d3LmxvZ2luZGVtby5jb20vVXNlcnMvVXNlci9SZWdpc3QiIFRoaW5rVGltZT0iMCIgVGltZW91dD0iMzAwIiBQYXJzZURlcGVuZGVudFJlcXVlc3RzPSJUcnVlIiBGb2xsb3dSZWRpcmVjdHM9IlRydWUiIFJlY29yZFJlc3VsdD0iVHJ1ZSIgQ2FjaGU9IkZhbHNlIiBSZXNwb25zZVRpbWVHb2FsPSIwIiBFbmNvZGluZz0idXRmLTgiIEV4cGVjdGVkSHR0cFN0YXR1c0NvZGU9IjAiIEV4cGVjdGVkUmVzcG9uc2VVcmw9IiIgUmVwb3J0aW5nTmFtZT0iIiBJZ25vcmVIdHRwU3RhdHVzQ29kZT0iRmFsc2UiPg0KICAgICAgPEhlYWRlcnM+DQogICAgICAgIDxIZWFkZXIgTmFtZT0iUmVmZXJlciIgVmFsdWU9Imh0dHA6Ly93d3cubG9naW5kZW1vLmNvbS9Vc2Vycy9Vc2VyL1VzZXJMaXN0P3BhZ2VJbmRleD0zIiAvPg0KICAgICAgPC9IZWFkZXJzPg0KICAgIDwvUmVxdWVzdD4NCiAgICA8UmVxdWVzdCBNZXRob2Q9IkdFVCIgR3VpZD0iMTNjNWUzMjAtOWNjZi00YTA4LTg3NTQtZTE1ZmZkMWFkOGFlIiBWZXJzaW9uPSIxLjEiIFVybD0iaHR0cDovL2xvY2FsaG9zdDoyNjE3MS81ZWYzZmYzYzkzNzM0NTJhODEzMzlmMzBhZDkyODdiNS9hcnRlcnlTaWduYWxSL25lZ290aWF0ZSIgVGhpbmtUaW1lPSIwIiBUaW1lb3V0PSIzMDAiIFBhcnNlRGVwZW5kZW50UmVxdWVzdHM9IlRydWUiIEZvbGxvd1JlZGlyZWN0cz0iVHJ1ZSIgUmVjb3JkUmVzdWx0PSJUcnVlIiBDYWNoZT0iRmFsc2UiIFJlc3BvbnNlVGltZUdvYWw9IjAiIEVuY29kaW5nPSJ1dGYtOCIgRXhwZWN0ZWRIdHRwU3RhdHVzQ29kZT0iMCIgRXhwZWN0ZWRSZXNwb25zZVVybD0iIiBSZXBvcnRpbmdOYW1lPSIiIElnbm9yZUh0dHBTdGF0dXNDb2RlPSJGYWxzZSI+DQogICAgICA8SGVhZGVycz4NCiAgICAgICAgPEhlYWRlciBOYW1lPSJSZWZlcmVyIiBWYWx1ZT0iaHR0cDovL3d3dy5sb2dpbmRlbW8uY29tL1VzZXJzL1VzZXIvUmVnaXN0IiAvPg0KICAgICAgPC9IZWFkZXJzPg0KICAgICAgPFF1ZXJ5U3RyaW5nUGFyYW1ldGVycz4NCiAgICAgICAgPFF1ZXJ5U3RyaW5nUGFyYW1ldGVyIE5hbWU9InJlcXVlc3RVcmwiIFZhbHVlPSJodHRwJTNBJTJGJTJGd3d3LmxvZ2luZGVtby5jb20lMkZVc2VycyUyRlVzZXIlMkZSZWdpc3QiIFJlY29yZGVkVmFsdWU9Imh0dHAlM0ElMkYlMkZ3d3cubG9naW5kZW1vLmNvbSUyRlVzZXJzJTJGVXNlciUyRlJlZ2lzdCIgQ29ycmVsYXRpb25CaW5kaW5nPSIiIFVybEVuY29kZT0iRmFsc2UiIFVzZVRvR3JvdXBSZXN1bHRzPSJGYWxzZSIgLz4NCiAgICAgICAgPFF1ZXJ5U3RyaW5nUGFyYW1ldGVyIE5hbWU9ImJyb3dzZXJOYW1lIiBWYWx1ZT0iSW50ZXJuZXRFeHBsb3JlciIgUmVjb3JkZWRWYWx1ZT0iSW50ZXJuZXRFeHBsb3JlciIgQ29ycmVsYXRpb25CaW5kaW5nPSIiIFVybEVuY29kZT0iRmFsc2UiIFVzZVRvR3JvdXBSZXN1bHRzPSJGYWxzZSIgLz4NCiAgICAgICAgPFF1ZXJ5U3RyaW5nUGFyYW1ldGVyIE5hbWU9ImNsaWVudFByb3RvY29sIiBWYWx1ZT0iMS4zIiBSZWNvcmRlZFZhbHVlPSIxLjMiIENvcnJlbGF0aW9uQmluZGluZz0iIiBVcmxFbmNvZGU9IkZhbHNlIiBVc2VUb0dyb3VwUmVzdWx0cz0iRmFsc2UiIC8+DQogICAgICAgIDxRdWVyeVN0cmluZ1BhcmFtZXRlciBOYW1lPSJjYWxsYmFjayIgVmFsdWU9ImpRdWVyeTE4MjA2MTQ2ODAzNTE3NjI5ODcxXzE0NDE4ODMyNzI4NDQiIFJlY29yZGVkVmFsdWU9ImpRdWVyeTE4MjA2MTQ2ODAzNTE3NjI5ODcxXzE0NDE4ODMyNzI4NDQiIENvcnJlbGF0aW9uQmluZGluZz0iIiBVcmxFbmNvZGU9IkZhbHNlIiBVc2VUb0dyb3VwUmVzdWx0cz0iRmFsc2UiIC8+DQogICAgICAgIDxRdWVyeVN0cmluZ1BhcmFtZXRlciBOYW1lPSJfIiBWYWx1ZT0iMTQ0MTg4MzI3MzE1NyIgUmVjb3JkZWRWYWx1ZT0iMTQ0MTg4MzI3MzE1NyIgQ29ycmVsYXRpb25CaW5kaW5nPSIiIFVybEVuY29kZT0iRmFsc2UiIFVzZVRvR3JvdXBSZXN1bHRzPSJGYWxzZSIgLz4NCiAgICAgIDwvUXVlcnlTdHJpbmdQYXJhbWV0ZXJzPg0KICAgIDwvUmVxdWVzdD4NCiAgICA8UmVxdWVzdCBNZXRob2Q9IkdFVCIgR3VpZD0iNGQ0NzA4MDktYzU0MS00YWQ3LWE1NGItMTcyMjU4ZTk1MDU0IiBWZXJzaW9uPSIxLjEiIFVybD0iaHR0cDovL2xvY2FsaG9zdDoyNjE3MS81ZWYzZmYzYzkzNzM0NTJhODEzMzlmMzBhZDkyODdiNS9hcnRlcnlTaWduYWxSL2Nvbm5lY3QiIFRoaW5rVGltZT0iMCIgVGltZW91dD0iMzAwIiBQYXJzZURlcGVuZGVudFJlcXVlc3RzPSJUcnVlIiBGb2xsb3dSZWRpcmVjdHM9IlRydWUiIFJlY29yZFJlc3VsdD0iVHJ1ZSIgQ2FjaGU9IkZhbHNlIiBSZXNwb25zZVRpbWVHb2FsPSIwIiBFbmNvZGluZz0idXRmLTgiIEV4cGVjdGVkSHR0cFN0YXR1c0NvZGU9IjAiIEV4cGVjdGVkUmVzcG9uc2VVcmw9IiIgUmVwb3J0aW5nTmFtZT0iIiBJZ25vcmVIdHRwU3RhdHVzQ29kZT0iRmFsc2UiPg0KICAgICAgPEhlYWRlcnM+DQogICAgICAgIDxIZWFkZXIgTmFtZT0iUmVmZXJlciIgVmFsdWU9Imh0dHA6Ly93d3cubG9naW5kZW1vLmNvbS9Vc2Vycy9Vc2VyL1JlZ2lzdCIgLz4NCiAgICAgIDwvSGVhZGVycz4NCiAgICAgIDxRdWVyeVN0cmluZ1BhcmFtZXRlcnM+DQogICAgICAgIDxRdWVyeVN0cmluZ1BhcmFtZXRlciBOYW1lPSJ0cmFuc3BvcnQiIFZhbHVlPSJsb25nUG9sbGluZyIgUmVjb3JkZWRWYWx1ZT0ibG9uZ1BvbGxpbmciIENvcnJlbGF0aW9uQmluZGluZz0iIiBVcmxFbmNvZGU9IkZhbHNlIiBVc2VUb0dyb3VwUmVzdWx0cz0iRmFsc2UiIC8+DQogICAgICAgIDxRdWVyeVN0cmluZ1BhcmFtZXRlciBOYW1lPSJjb25uZWN0aW9uVG9rZW4iIFZhbHVlPSJBUUFBQU5DTW5kOEJGZEVSakhvQXdFJTJGQ2wlMkJzQkFBQUFJb2pPcCUyQnFzVkUlMkJyRjB1VVQ3dFdnQUFBQUFBQ0FBQUFBQUFRWmdBQUFBRUFBQ0FBQUFEZWgyJTJGME91VFBKR3NHUEhxJTJCejN2N001MUpXVXRYdTJ0bFFicUY2WCUyQjljUUFBQUFBT2dBQUFBQUlBQUNBQUFBQkk1R2hXbk0lMkJNZ3FYcmtDJTJCTmhkN1RFcHAzYUtXUjhlenFMaktRYmxGUU1qQUFBQUNjSWp6cCUyQmd2Qml0aGFnZUZhY1VsbFM5TzN5T3lNNlQ4Tks3djR1ZWNldWdqVmJmbnRDZ3ZxbGRWRCUyRm5ITWNqdEFBQUFBMFV1cjNlaUJCOGw2YTJMdXlYR1N2UlJqUmZvbDZhOXBYRG82S0dBZnFLb3ZCUDlkQWl6JTJCeHY3QlhFSVdkcDM5T1hxbXAlMkZmbnhDZmhUU1BjWVBlOE1RJTNEJTNEIiBSZWNvcmRlZFZhbHVlPSJBUUFBQU5DTW5kOEJGZEVSakhvQXdFJTJGQ2wlMkJzQkFBQUFJb2pPcCUyQnFzVkUlMkJyRjB1VVQ3dFdnQUFBQUFBQ0FBQUFBQUFRWmdBQUFBRUFBQ0FBQUFEZWgyJTJGME91VFBKR3NHUEhxJTJCejN2N001MUpXVXRYdTJ0bFFicUY2WCUyQjljUUFBQUFBT2dBQUFBQUlBQUNBQUFBQkk1R2hXbk0lMkJNZ3FYcmtDJTJCTmhkN1RFcHAzYUtXUjhlenFMaktRYmxGUU1qQUFBQUNjSWp6cCUyQmd2Qml0aGFnZUZhY1VsbFM5TzN5T3lNNlQ4Tks3djR1ZWNldWdqVmJmbnRDZ3ZxbGRWRCUyRm5ITWNqdEFBQUFBMFV1cjNlaUJCOGw2YTJMdXlYR1N2UlJqUmZvbDZhOXBYRG82S0dBZnFLb3ZCUDlkQWl6JTJCeHY3QlhFSVdkcDM5T1hxbXAlMkZmbnhDZmhUU1BjWVBlOE1RJTNEJTNEIiBDb3JyZWxhdGlvbkJpbmRpbmc9IiIgVXJsRW5jb2RlPSJGYWxzZSIgVXNlVG9Hcm91cFJlc3VsdHM9IkZhbHNlIiAvPg0KICAgICAgICA8UXVlcnlTdHJpbmdQYXJhbWV0ZXIgTmFtZT0icmVxdWVzdFVybCIgVmFsdWU9Imh0dHAlM0ElMkYlMkZ3d3cubG9naW5kZW1vLmNvbSUyRlVzZXJzJTJGVXNlciUyRlJlZ2lzdCIgUmVjb3JkZWRWYWx1ZT0iaHR0cCUzQSUyRiUyRnd3dy5sb2dpbmRlbW8uY29tJTJGVXNlcnMlMkZVc2VyJTJGUmVnaXN0IiBDb3JyZWxhdGlvbkJpbmRpbmc9IiIgVXJsRW5jb2RlPSJGYWxzZSIgVXNlVG9Hcm91cFJlc3VsdHM9IkZhbHNlIiAvPg0KICAgICAgICA8UXVlcnlTdHJpbmdQYXJhbWV0ZXIgTmFtZT0iYnJvd3Nlck5hbWUiIFZhbHVlPSJJbnRlcm5ldEV4cGxvcmVyIiBSZWNvcmRlZFZhbHVlPSJJbnRlcm5ldEV4cGxvcmVyIiBDb3JyZWxhdGlvbkJpbmRpbmc9IiIgVXJsRW5jb2RlPSJGYWxzZSIgVXNlVG9Hcm91cFJlc3VsdHM9IkZhbHNlIiAvPg0KICAgICAgICA8UXVlcnlTdHJpbmdQYXJhbWV0ZXIgTmFtZT0idGlkIiBWYWx1ZT0iNyIgUmVjb3JkZWRWYWx1ZT0iNyIgQ29ycmVsYXRpb25CaW5kaW5nPSIiIFVybEVuY29kZT0iRmFsc2UiIFVzZVRvR3JvdXBSZXN1bHRzPSJGYWxzZSIgLz4NCiAgICAgICAgPFF1ZXJ5U3RyaW5nUGFyYW1ldGVyIE5hbWU9ImNhbGxiYWNrIiBWYWx1ZT0ialF1ZXJ5MTgyMDYxNDY4MDM1MTc2Mjk4NzFfMTQ0MTg4MzI3Mjg0NCIgUmVjb3JkZWRWYWx1ZT0ialF1ZXJ5MTgyMDYxNDY4MDM1MTc2Mjk4NzFfMTQ0MTg4MzI3Mjg0NCIgQ29ycmVsYXRpb25CaW5kaW5nPSIiIFVybEVuY29kZT0iRmFsc2UiIFVzZVRvR3JvdXBSZXN1bHRzPSJGYWxzZSIgLz4NCiAgICAgICAgPFF1ZXJ5U3RyaW5nUGFyYW1ldGVyIE5hbWU9Il8iIFZhbHVlPSIxNDQxODgzMjczNDQyIiBSZWNvcmRlZFZhbHVlPSIxNDQxODgzMjczNDQyIiBDb3JyZWxhdGlvbkJpbmRpbmc9IiIgVXJsRW5jb2RlPSJGYWxzZSIgVXNlVG9Hcm91cFJlc3VsdHM9IkZhbHNlIiAvPg0KICAgICAgPC9RdWVyeVN0cmluZ1BhcmFtZXRlcnM+DQogICAgPC9SZXF1ZXN0Pg0KICAgIDxSZXF1ZXN0IE1ldGhvZD0iR0VUIiBHdWlkPSIzYmYzNmQzOS1kOWEwLTQ3YWItYTljZS02ZWUxNzA4YzJiOGUiIFZlcnNpb249IjEuMSIgVXJsPSJodHRwOi8vbG9jYWxob3N0OjI2MTcxLzVlZjNmZjNjOTM3MzQ1MmE4MTMzOWYzMGFkOTI4N2I1L2FydGVyeVNpZ25hbFIvc2VuZCIgVGhpbmtUaW1lPSIwIiBUaW1lb3V0PSIzMDAiIFBhcnNlRGVwZW5kZW50UmVxdWVzdHM9IlRydWUiIEZvbGxvd1JlZGlyZWN0cz0iVHJ1ZSIgUmVjb3JkUmVzdWx0PSJUcnVlIiBDYWNoZT0iRmFsc2UiIFJlc3BvbnNlVGltZUdvYWw9IjAiIEVuY29kaW5nPSJ1dGYtOCIgRXhwZWN0ZWRIdHRwU3RhdHVzQ29kZT0iMCIgRXhwZWN0ZWRSZXNwb25zZVVybD0iIiBSZXBvcnRpbmdOYW1lPSIiIElnbm9yZUh0dHBTdGF0dXNDb2RlPSJGYWxzZSI+DQogICAgICA8SGVhZGVycz4NCiAgICAgICAgPEhlYWRlciBOYW1lPSJSZWZlcmVyIiBWYWx1ZT0iaHR0cDovL3d3dy5sb2dpbmRlbW8uY29tL1VzZXJzL1VzZXIvUmVnaXN0IiAvPg0KICAgICAgPC9IZWFkZXJzPg0KICAgICAgPFF1ZXJ5U3RyaW5nUGFyYW1ldGVycz4NCiAgICAgICAgPFF1ZXJ5U3RyaW5nUGFyYW1ldGVyIE5hbWU9InRyYW5zcG9ydCIgVmFsdWU9ImxvbmdQb2xsaW5nIiBSZWNvcmRlZFZhbHVlPSJsb25nUG9sbGluZyIgQ29ycmVsYXRpb25CaW5kaW5nPSIiIFVybEVuY29kZT0iRmFsc2UiIFVzZVRvR3JvdXBSZXN1bHRzPSJGYWxzZSIgLz4NCiAgICAgICAgPFF1ZXJ5U3RyaW5nUGFyYW1ldGVyIE5hbWU9ImNvbm5lY3Rpb25Ub2tlbiIgVmFsdWU9IkFRQUFBTkNNbmQ4QkZkRVJqSG9Bd0UlMkZDbCUyQnNCQUFBQUlvak9wJTJCcXNWRSUyQnJGMHVVVDd0V2dBQUFBQUFDQUFBQUFBQVFaZ0FBQUFFQUFDQUFBQURlaDIlMkYwT3VUUEpHc0dQSHElMkJ6M3Y3TTUxSldVdFh1MnRsUWJxRjZYJTJCOWNRQUFBQUFPZ0FBQUFBSUFBQ0FBQUFCSTVHaFduTSUyQk1ncVhya0MlMkJOaGQ3VEVwcDNhS1dSOGV6cUxqS1FibEZRTWpBQUFBQ2NJanpwJTJCZ3ZCaXRoYWdlRmFjVWxsUzlPM3lPeU02VDhOSzd2NHVlY2V1Z2pWYmZudENndnFsZFZEJTJGbkhNY2p0QUFBQUEwVXVyM2VpQkI4bDZhMkx1eVhHU3ZSUmpSZm9sNmE5cFhEbzZLR0FmcUtvdkJQOWRBaXolMkJ4djdCWEVJV2RwMzlPWHFtcCUyRmZueENmaFRTUGNZUGU4TVElM0QlM0QiIFJlY29yZGVkVmFsdWU9IkFRQUFBTkNNbmQ4QkZkRVJqSG9Bd0UlMkZDbCUyQnNCQUFBQUlvak9wJTJCcXNWRSUyQnJGMHVVVDd0V2dBQUFBQUFDQUFBQUFBQVFaZ0FBQUFFQUFDQUFBQURlaDIlMkYwT3VUUEpHc0dQSHElMkJ6M3Y3TTUxSldVdFh1MnRsUWJxRjZYJTJCOWNRQUFBQUFPZ0FBQUFBSUFBQ0FBQUFCSTVHaFduTSUyQk1ncVhya0MlMkJOaGQ3VEVwcDNhS1dSOGV6cUxqS1FibEZRTWpBQUFBQ2NJanpwJTJCZ3ZCaXRoYWdlRmFjVWxsUzlPM3lPeU02VDhOSzd2NHVlY2V1Z2pWYmZudENndnFsZFZEJTJGbkhNY2p0QUFBQUEwVXVyM2VpQkI4bDZhMkx1eVhHU3ZSUmpSZm9sNmE5cFhEbzZLR0FmcUtvdkJQOWRBaXolMkJ4djdCWEVJV2RwMzlPWHFtcCUyRmZueENmaFRTUGNZUGU4TVElM0QlM0QiIENvcnJlbGF0aW9uQmluZGluZz0iIiBVcmxFbmNvZGU9IkZhbHNlIiBVc2VUb0dyb3VwUmVzdWx0cz0iRmFsc2UiIC8+DQogICAgICAgIDxRdWVyeVN0cmluZ1BhcmFtZXRlciBOYW1lPSJyZXF1ZXN0VXJsIiBWYWx1ZT0iaHR0cCUzQSUyRiUyRnd3dy5sb2dpbmRlbW8uY29tJTJGVXNlcnMlMkZVc2VyJTJGUmVnaXN0IiBSZWNvcmRlZFZhbHVlPSJodHRwJTNBJTJGJTJGd3d3LmxvZ2luZGVtby5jb20lMkZVc2VycyUyRlVzZXIlMkZSZWdpc3QiIENvcnJlbGF0aW9uQmluZGluZz0iIiBVcmxFbmNvZGU9IkZhbHNlIiBVc2VUb0dyb3VwUmVzdWx0cz0iRmFsc2UiIC8+DQogICAgICAgIDxRdWVyeVN0cmluZ1BhcmFtZXRlciBOYW1lPSJicm93c2VyTmFtZSIgVmFsdWU9IkludGVybmV0RXhwbG9yZXIiIFJlY29yZGVkVmFsdWU9IkludGVybmV0RXhwbG9yZXIiIENvcnJlbGF0aW9uQmluZGluZz0iIiBVcmxFbmNvZGU9IkZhbHNlIiBVc2VUb0dyb3VwUmVzdWx0cz0iRmFsc2UiIC8+DQogICAgICAgIDxRdWVyeVN0cmluZ1BhcmFtZXRlciBOYW1lPSJjYWxsYmFjayIgVmFsdWU9ImpRdWVyeTE4MjA2MTQ2ODAzNTE3NjI5ODcxXzE0NDE4ODMyNzI4NDQiIFJlY29yZGVkVmFsdWU9ImpRdWVyeTE4MjA2MTQ2ODAzNTE3NjI5ODcxXzE0NDE4ODMyNzI4NDQiIENvcnJlbGF0aW9uQmluZGluZz0iIiBVcmxFbmNvZGU9IkZhbHNlIiBVc2VUb0dyb3VwUmVzdWx0cz0iRmFsc2UiIC8+DQogICAgICAgIDxRdWVyeVN0cmluZ1BhcmFtZXRlciBOYW1lPSJkYXRhIiBWYWx1ZT0iJTdCJTIybmFtZSUyMiUzQSUyMk1pY3Jvc29mdC5WaXN1YWxTdHVkaW8uV2ViLkJyb3dzZXJMaW5rLkNvcmVFeHRlbnNpb25GYWN0b3J5LmNvbm5lY3RlZCUyMiUyQyUyMmNhbGxiYWNrSWQlMjIlM0ExJTdEIiBSZWNvcmRlZFZhbHVlPSIlN0IlMjJuYW1lJTIyJTNBJTIyTWljcm9zb2Z0LlZpc3VhbFN0dWRpby5XZWIuQnJvd3NlckxpbmsuQ29yZUV4dGVuc2lvbkZhY3RvcnkuY29ubmVjdGVkJTIyJTJDJTIyY2FsbGJhY2tJZCUyMiUzQTElN0QiIENvcnJlbGF0aW9uQmluZGluZz0iIiBVcmxFbmNvZGU9IkZhbHNlIiBVc2VUb0dyb3VwUmVzdWx0cz0iRmFsc2UiIC8+DQogICAgICAgIDxRdWVyeVN0cmluZ1BhcmFtZXRlciBOYW1lPSJfIiBWYWx1ZT0iMTQ0MTg4MzI3MzQ0OSIgUmVjb3JkZWRWYWx1ZT0iMTQ0MTg4MzI3MzQ0OSIgQ29ycmVsYXRpb25CaW5kaW5nPSIiIFVybEVuY29kZT0iRmFsc2UiIFVzZVRvR3JvdXBSZXN1bHRzPSJGYWxzZSIgLz4NCiAgICAgIDwvUXVlcnlTdHJpbmdQYXJhbWV0ZXJzPg0KICAgIDwvUmVxdWVzdD4NCiAgICA8UmVxdWVzdCBNZXRob2Q9IkdFVCIgR3VpZD0iMzhhOGMwYTAtOTI5Yi00Zjc3LTg5ZjAtZTAwNDYyNjU1MWMxIiBWZXJzaW9uPSIxLjEiIFVybD0iaHR0cDovL2xvY2FsaG9zdDoyNjE3MS81ZWYzZmYzYzkzNzM0NTJhODEzMzlmMzBhZDkyODdiNS9hcnRlcnlTaWduYWxSL3BvbGwiIFRoaW5rVGltZT0iMCIgVGltZW91dD0iMzAwIiBQYXJzZURlcGVuZGVudFJlcXVlc3RzPSJUcnVlIiBGb2xsb3dSZWRpcmVjdHM9IlRydWUiIFJlY29yZFJlc3VsdD0iVHJ1ZSIgQ2FjaGU9IkZhbHNlIiBSZXNwb25zZVRpbWVHb2FsPSIwIiBFbmNvZGluZz0idXRmLTgiIEV4cGVjdGVkSHR0cFN0YXR1c0NvZGU9IjAiIEV4cGVjdGVkUmVzcG9uc2VVcmw9IiIgUmVwb3J0aW5nTmFtZT0iIiBJZ25vcmVIdHRwU3RhdHVzQ29kZT0iRmFsc2UiPg0KICAgICAgPEhlYWRlcnM+DQogICAgICAgIDxIZWFkZXIgTmFtZT0iUmVmZXJlciIgVmFsdWU9Imh0dHA6Ly93d3cubG9naW5kZW1vLmNvbS9Vc2Vycy9Vc2VyL1JlZ2lzdCIgLz4NCiAgICAgIDwvSGVhZGVycz4NCiAgICAgIDxRdWVyeVN0cmluZ1BhcmFtZXRlcnM+DQogICAgICAgIDxRdWVyeVN0cmluZ1BhcmFtZXRlciBOYW1lPSJ0cmFuc3BvcnQiIFZhbHVlPSJsb25nUG9sbGluZyIgUmVjb3JkZWRWYWx1ZT0ibG9uZ1BvbGxpbmciIENvcnJlbGF0aW9uQmluZGluZz0iIiBVcmxFbmNvZGU9IkZhbHNlIiBVc2VUb0dyb3VwUmVzdWx0cz0iRmFsc2UiIC8+DQogICAgICAgIDxRdWVyeVN0cmluZ1BhcmFtZXRlciBOYW1lPSJjb25uZWN0aW9uVG9rZW4iIFZhbHVlPSJBUUFBQU5DTW5kOEJGZEVSakhvQXdFJTJGQ2wlMkJzQkFBQUFJb2pPcCUyQnFzVkUlMkJyRjB1VVQ3dFdnQUFBQUFBQ0FBQUFBQUFRWmdBQUFBRUFBQ0FBQUFEZWgyJTJGME91VFBKR3NHUEhxJTJCejN2N001MUpXVXRYdTJ0bFFicUY2WCUyQjljUUFBQUFBT2dBQUFBQUlBQUNBQUFBQkk1R2hXbk0lMkJNZ3FYcmtDJTJCTmhkN1RFcHAzYUtXUjhlenFMaktRYmxGUU1qQUFBQUNjSWp6cCUyQmd2Qml0aGFnZUZhY1VsbFM5TzN5T3lNNlQ4Tks3djR1ZWNldWdqVmJmbnRDZ3ZxbGRWRCUyRm5ITWNqdEFBQUFBMFV1cjNlaUJCOGw2YTJMdXlYR1N2UlJqUmZvbDZhOXBYRG82S0dBZnFLb3ZCUDlkQWl6JTJCeHY3QlhFSVdkcDM5T1hxbXAlMkZmbnhDZmhUU1BjWVBlOE1RJTNEJTNEIiBSZWNvcmRlZFZhbHVlPSJBUUFBQU5DTW5kOEJGZEVSakhvQXdFJTJGQ2wlMkJzQkFBQUFJb2pPcCUyQnFzVkUlMkJyRjB1VVQ3dFdnQUFBQUFBQ0FBQUFBQUFRWmdBQUFBRUFBQ0FBQUFEZWgyJTJGME91VFBKR3NHUEhxJTJCejN2N001MUpXVXRYdTJ0bFFicUY2WCUyQjljUUFBQUFBT2dBQUFBQUlBQUNBQUFBQkk1R2hXbk0lMkJNZ3FYcmtDJTJCTmhkN1RFcHAzYUtXUjhlenFMaktRYmxGUU1qQUFBQUNjSWp6cCUyQmd2Qml0aGFnZUZhY1VsbFM5TzN5T3lNNlQ4Tks3djR1ZWNldWdqVmJmbnRDZ3ZxbGRWRCUyRm5ITWNqdEFBQUFBMFV1cjNlaUJCOGw2YTJMdXlYR1N2UlJqUmZvbDZhOXBYRG82S0dBZnFLb3ZCUDlkQWl6JTJCeHY3QlhFSVdkcDM5T1hxbXAlMkZmbnhDZmhUU1BjWVBlOE1RJTNEJTNEIiBDb3JyZWxhdGlvbkJpbmRpbmc9IiIgVXJsRW5jb2RlPSJGYWxzZSIgVXNlVG9Hcm91cFJlc3VsdHM9IkZhbHNlIiAvPg0KICAgICAgICA8UXVlcnlTdHJpbmdQYXJhbWV0ZXIgTmFtZT0ibWVzc2FnZUlkIiBWYWx1ZT0iZC02NjQ1RUQwOC1CJTJDMCU3Q0klMkMxJTdDSiUyQzAiIFJlY29yZGVkVmFsdWU9ImQtNjY0NUVEMDgtQiUyQzAlN0NJJTJDMSU3Q0olMkMwIiBDb3JyZWxhdGlvbkJpbmRpbmc9IiIgVXJsRW5jb2RlPSJGYWxzZSIgVXNlVG9Hcm91cFJlc3VsdHM9IkZhbHNlIiAvPg0KICAgICAgICA8UXVlcnlTdHJpbmdQYXJhbWV0ZXIgTmFtZT0icmVxdWVzdFVybCIgVmFsdWU9Imh0dHAlM0ElMkYlMkZ3d3cubG9naW5kZW1vLmNvbSUyRlVzZXJzJTJGVXNlciUyRlJlZ2lzdCIgUmVjb3JkZWRWYWx1ZT0iaHR0cCUzQSUyRiUyRnd3dy5sb2dpbmRlbW8uY29tJTJGVXNlcnMlMkZVc2VyJTJGUmVnaXN0IiBDb3JyZWxhdGlvbkJpbmRpbmc9IiIgVXJsRW5jb2RlPSJGYWxzZSIgVXNlVG9Hcm91cFJlc3VsdHM9IkZhbHNlIiAvPg0KICAgICAgICA8UXVlcnlTdHJpbmdQYXJhbWV0ZXIgTmFtZT0iYnJvd3Nlck5hbWUiIFZhbHVlPSJJbnRlcm5ldEV4cGxvcmVyIiBSZWNvcmRlZFZhbHVlPSJJbnRlcm5ldEV4cGxvcmVyIiBDb3JyZWxhdGlvbkJpbmRpbmc9IiIgVXJsRW5jb2RlPSJGYWxzZSIgVXNlVG9Hcm91cFJlc3VsdHM9IkZhbHNlIiAvPg0KICAgICAgICA8UXVlcnlTdHJpbmdQYXJhbWV0ZXIgTmFtZT0idGlkIiBWYWx1ZT0iOSIgUmVjb3JkZWRWYWx1ZT0iOSIgQ29ycmVsYXRpb25CaW5kaW5nPSIiIFVybEVuY29kZT0iRmFsc2UiIFVzZVRvR3JvdXBSZXN1bHRzPSJGYWxzZSIgLz4NCiAgICAgICAgPFF1ZXJ5U3RyaW5nUGFyYW1ldGVyIE5hbWU9ImNhbGxiYWNrIiBWYWx1ZT0ialF1ZXJ5MTgyMDYxNDY4MDM1MTc2Mjk4NzFfMTQ0MTg4MzI3Mjg0NSIgUmVjb3JkZWRWYWx1ZT0ialF1ZXJ5MTgyMDYxNDY4MDM1MTc2Mjk4NzFfMTQ0MTg4MzI3Mjg0NSIgQ29ycmVsYXRpb25CaW5kaW5nPSIiIFVybEVuY29kZT0iRmFsc2UiIFVzZVRvR3JvdXBSZXN1bHRzPSJGYWxzZSIgLz4NCiAgICAgICAgPFF1ZXJ5U3RyaW5nUGFyYW1ldGVyIE5hbWU9Il8iIFZhbHVlPSIxNDQxODgzMjczNDUxIiBSZWNvcmRlZFZhbHVlPSIxNDQxODgzMjczNDUxIiBDb3JyZWxhdGlvbkJpbmRpbmc9IiIgVXJsRW5jb2RlPSJGYWxzZSIgVXNlVG9Hcm91cFJlc3VsdHM9IkZhbHNlIiAvPg0KICAgICAgPC9RdWVyeVN0cmluZ1BhcmFtZXRlcnM+DQogICAgPC9SZXF1ZXN0Pg0KICAgIDxSZXF1ZXN0IE1ldGhvZD0iR0VUIiBHdWlkPSI0NjUwMzNmZS1jZDY5LTRhOWItODlhNS0yN2EyYThkNWVhODkiIFZlcnNpb249IjEuMSIgVXJsPSJodHRwOi8vbG9jYWxob3N0OjI2MTcxLzVlZjNmZjNjOTM3MzQ1MmE4MTMzOWYzMGFkOTI4N2I1L2FydGVyeVNpZ25hbFIvc2VuZCIgVGhpbmtUaW1lPSIwIiBUaW1lb3V0PSIzMDAiIFBhcnNlRGVwZW5kZW50UmVxdWVzdHM9IlRydWUiIEZvbGxvd1JlZGlyZWN0cz0iVHJ1ZSIgUmVjb3JkUmVzdWx0PSJUcnVlIiBDYWNoZT0iRmFsc2UiIFJlc3BvbnNlVGltZUdvYWw9IjAiIEVuY29kaW5nPSJ1dGYtOCIgRXhwZWN0ZWRIdHRwU3RhdHVzQ29kZT0iMCIgRXhwZWN0ZWRSZXNwb25zZVVybD0iIiBSZXBvcnRpbmdOYW1lPSIiIElnbm9yZUh0dHBTdGF0dXNDb2RlPSJGYWxzZSI+DQogICAgICA8SGVhZGVycz4NCiAgICAgICAgPEhlYWRlciBOYW1lPSJSZWZlcmVyIiBWYWx1ZT0iaHR0cDovL3d3dy5sb2dpbmRlbW8uY29tL1VzZXJzL1VzZXIvUmVnaXN0IiAvPg0KICAgICAgPC9IZWFkZXJzPg0KICAgICAgPFF1ZXJ5U3RyaW5nUGFyYW1ldGVycz4NCiAgICAgICAgPFF1ZXJ5U3RyaW5nUGFyYW1ldGVyIE5hbWU9InRyYW5zcG9ydCIgVmFsdWU9ImxvbmdQb2xsaW5nIiBSZWNvcmRlZFZhbHVlPSJsb25nUG9sbGluZyIgQ29ycmVsYXRpb25CaW5kaW5nPSIiIFVybEVuY29kZT0iRmFsc2UiIFVzZVRvR3JvdXBSZXN1bHRzPSJGYWxzZSIgLz4NCiAgICAgICAgPFF1ZXJ5U3RyaW5nUGFyYW1ldGVyIE5hbWU9ImNvbm5lY3Rpb25Ub2tlbiIgVmFsdWU9IkFRQUFBTkNNbmQ4QkZkRVJqSG9Bd0UlMkZDbCUyQnNCQUFBQUlvak9wJTJCcXNWRSUyQnJGMHVVVDd0V2dBQUFBQUFDQUFBQUFBQVFaZ0FBQUFFQUFDQUFBQURlaDIlMkYwT3VUUEpHc0dQSHElMkJ6M3Y3TTUxSldVdFh1MnRsUWJxRjZYJTJCOWNRQUFBQUFPZ0FBQUFBSUFBQ0FBQUFCSTVHaFduTSUyQk1ncVhya0MlMkJOaGQ3VEVwcDNhS1dSOGV6cUxqS1FibEZRTWpBQUFBQ2NJanpwJTJCZ3ZCaXRoYWdlRmFjVWxsUzlPM3lPeU02VDhOSzd2NHVlY2V1Z2pWYmZudENndnFsZFZEJTJGbkhNY2p0QUFBQUEwVXVyM2VpQkI4bDZhMkx1eVhHU3ZSUmpSZm9sNmE5cFhEbzZLR0FmcUtvdkJQOWRBaXolMkJ4djdCWEVJV2RwMzlPWHFtcCUyRmZueENmaFRTUGNZUGU4TVElM0QlM0QiIFJlY29yZGVkVmFsdWU9IkFRQUFBTkNNbmQ4QkZkRVJqSG9Bd0UlMkZDbCUyQnNCQUFBQUlvak9wJTJCcXNWRSUyQnJGMHVVVDd0V2dBQUFBQUFDQUFBQUFBQVFaZ0FBQUFFQUFDQUFBQURlaDIlMkYwT3VUUEpHc0dQSHElMkJ6M3Y3TTUxSldVdFh1MnRsUWJxRjZYJTJCOWNRQUFBQUFPZ0FBQUFBSUFBQ0FBQUFCSTVHaFduTSUyQk1ncVhya0MlMkJOaGQ3VEVwcDNhS1dSOGV6cUxqS1FibEZRTWpBQUFBQ2NJanpwJTJCZ3ZCaXRoYWdlRmFjVWxsUzlPM3lPeU02VDhOSzd2NHVlY2V1Z2pWYmZudENndnFsZFZEJTJGbkhNY2p0QUFBQUEwVXVyM2VpQkI4bDZhMkx1eVhHU3ZSUmpSZm9sNmE5cFhEbzZLR0FmcUtvdkJQOWRBaXolMkJ4djdCWEVJV2RwMzlPWHFtcCUyRmZueENmaFRTUGNZUGU4TVElM0QlM0QiIENvcnJlbGF0aW9uQmluZGluZz0iIiBVcmxFbmNvZGU9IkZhbHNlIiBVc2VUb0dyb3VwUmVzdWx0cz0iRmFsc2UiIC8+DQogICAgICAgIDxRdWVyeVN0cmluZ1BhcmFtZXRlciBOYW1lPSJyZXF1ZXN0VXJsIiBWYWx1ZT0iaHR0cCUzQSUyRiUyRnd3dy5sb2dpbmRlbW8uY29tJTJGVXNlcnMlMkZVc2VyJTJGUmVnaXN0IiBSZWNvcmRlZFZhbHVlPSJodHRwJTNBJTJGJTJGd3d3LmxvZ2luZGVtby5jb20lMkZVc2VycyUyRlVzZXIlMkZSZWdpc3QiIENvcnJlbGF0aW9uQmluZGluZz0iIiBVcmxFbmNvZGU9IkZhbHNlIiBVc2VUb0dyb3VwUmVzdWx0cz0iRmFsc2UiIC8+DQogICAgICAgIDxRdWVyeVN0cmluZ1BhcmFtZXRlciBOYW1lPSJicm93c2VyTmFtZSIgVmFsdWU9IkludGVybmV0RXhwbG9yZXIiIFJlY29yZGVkVmFsdWU9IkludGVybmV0RXhwbG9yZXIiIENvcnJlbGF0aW9uQmluZGluZz0iIiBVcmxFbmNvZGU9IkZhbHNlIiBVc2VUb0dyb3VwUmVzdWx0cz0iRmFsc2UiIC8+DQogICAgICAgIDxRdWVyeVN0cmluZ1BhcmFtZXRlciBOYW1lPSJjYWxsYmFjayIgVmFsdWU9ImpRdWVyeTE4MjA2MTQ2ODAzNTE3NjI5ODcxXzE0NDE4ODMyNzI4NDUiIFJlY29yZGVkVmFsdWU9ImpRdWVyeTE4MjA2MTQ2ODAzNTE3NjI5ODcxXzE0NDE4ODMyNzI4NDUiIENvcnJlbGF0aW9uQmluZGluZz0iIiBVcmxFbmNvZGU9IkZhbHNlIiBVc2VUb0dyb3VwUmVzdWx0cz0iRmFsc2UiIC8+DQogICAgICAgIDxRdWVyeVN0cmluZ1BhcmFtZXRlciBOYW1lPSJkYXRhIiBWYWx1ZT0iJTdCJTIybmFtZSUyMiUzQSUyMm1pY3Jvc29mdC52aXN1YWxzdHVkaW8ud2ViLmJyb3dzZXJsaW5rLmh0bWxtYXBwaW5nZXh0ZW5zaW9uZmFjdG9yeS5yZXNvbHZlVXJsJTIyJTJDJTIyYXJncyUyMiUzQSU1QiUyMn4lMkZfX2Jyb3dzZXJMaW5rJTJGcmVxdWVzdERhdGElMkZjNGQ0NjY4NGM1M2U0ZWQ1YWU4M2IxYTI0ZjdlYWY5NyUyMiU1RCUyQyUyMmNhbGxiYWNrSWQlMjIlM0EyJTdEIiBSZWNvcmRlZFZhbHVlPSIlN0IlMjJuYW1lJTIyJTNBJTIybWljcm9zb2Z0LnZpc3VhbHN0dWRpby53ZWIuYnJvd3NlcmxpbmsuaHRtbG1hcHBpbmdleHRlbnNpb25mYWN0b3J5LnJlc29sdmVVcmwlMjIlMkMlMjJhcmdzJTIyJTNBJTVCJTIyfiUyRl9fYnJvd3NlckxpbmslMkZyZXF1ZXN0RGF0YSUyRmM0ZDQ2Njg0YzUzZTRlZDVhZTgzYjFhMjRmN2VhZjk3JTIyJTVEJTJDJTIyY2FsbGJhY2tJZCUyMiUzQTIlN0QiIENvcnJlbGF0aW9uQmluZGluZz0iIiBVcmxFbmNvZGU9IkZhbHNlIiBVc2VUb0dyb3VwUmVzdWx0cz0iRmFsc2UiIC8+DQogICAgICAgIDxRdWVyeVN0cmluZ1BhcmFtZXRlciBOYW1lPSJfIiBWYWx1ZT0iMTQ0MTg4MzI3MzQ1OCIgUmVjb3JkZWRWYWx1ZT0iMTQ0MTg4MzI3MzQ1OCIgQ29ycmVsYXRpb25CaW5kaW5nPSIiIFVybEVuY29kZT0iRmFsc2UiIFVzZVRvR3JvdXBSZXN1bHRzPSJGYWxzZSIgLz4NCiAgICAgIDwvUXVlcnlTdHJpbmdQYXJhbWV0ZXJzPg0KICAgIDwvUmVxdWVzdD4NCiAgICA8UmVxdWVzdCBNZXRob2Q9IkdFVCIgR3VpZD0iMGQxZTVhYTEtNjZjNy00YWEyLWE2YjktMjA5OWE0MWJkOTc5IiBWZXJzaW9uPSIxLjEiIFVybD0iaHR0cDovL2xvY2FsaG9zdDoyNjE3MS81ZWYzZmYzYzkzNzM0NTJhODEzMzlmMzBhZDkyODdiNS9hcnRlcnlTaWduYWxSL3BvbGwiIFRoaW5rVGltZT0iMCIgVGltZW91dD0iMzAwIiBQYXJzZURlcGVuZGVudFJlcXVlc3RzPSJUcnVlIiBGb2xsb3dSZWRpcmVjdHM9IlRydWUiIFJlY29yZFJlc3VsdD0iVHJ1ZSIgQ2FjaGU9IkZhbHNlIiBSZXNwb25zZVRpbWVHb2FsPSIwIiBFbmNvZGluZz0idXRmLTgiIEV4cGVjdGVkSHR0cFN0YXR1c0NvZGU9IjAiIEV4cGVjdGVkUmVzcG9uc2VVcmw9IiIgUmVwb3J0aW5nTmFtZT0iIiBJZ25vcmVIdHRwU3RhdHVzQ29kZT0iRmFsc2UiPg0KICAgICAgPEhlYWRlcnM+DQogICAgICAgIDxIZWFkZXIgTmFtZT0iUmVmZXJlciIgVmFsdWU9Imh0dHA6Ly93d3cubG9naW5kZW1vLmNvbS9Vc2Vycy9Vc2VyL1JlZ2lzdCIgLz4NCiAgICAgIDwvSGVhZGVycz4NCiAgICAgIDxRdWVyeVN0cmluZ1BhcmFtZXRlcnM+DQogICAgICAgIDxRdWVyeVN0cmluZ1BhcmFtZXRlciBOYW1lPSJ0cmFuc3BvcnQiIFZhbHVlPSJsb25nUG9sbGluZyIgUmVjb3JkZWRWYWx1ZT0ibG9uZ1BvbGxpbmciIENvcnJlbGF0aW9uQmluZGluZz0iIiBVcmxFbmNvZGU9IkZhbHNlIiBVc2VUb0dyb3VwUmVzdWx0cz0iRmFsc2UiIC8+DQogICAgICAgIDxRdWVyeVN0cmluZ1BhcmFtZXRlciBOYW1lPSJjb25uZWN0aW9uVG9rZW4iIFZhbHVlPSJBUUFBQU5DTW5kOEJGZEVSakhvQXdFJTJGQ2wlMkJzQkFBQUFJb2pPcCUyQnFzVkUlMkJyRjB1VVQ3dFdnQUFBQUFBQ0FBQUFBQUFRWmdBQUFBRUFBQ0FBQUFEZWgyJTJGME91VFBKR3NHUEhxJTJCejN2N001MUpXVXRYdTJ0bFFicUY2WCUyQjljUUFBQUFBT2dBQUFBQUlBQUNBQUFBQkk1R2hXbk0lMkJNZ3FYcmtDJTJCTmhkN1RFcHAzYUtXUjhlenFMaktRYmxGUU1qQUFBQUNjSWp6cCUyQmd2Qml0aGFnZUZhY1VsbFM5TzN5T3lNNlQ4Tks3djR1ZWNldWdqVmJmbnRDZ3ZxbGRWRCUyRm5ITWNqdEFBQUFBMFV1cjNlaUJCOGw2YTJMdXlYR1N2UlJqUmZvbDZhOXBYRG82S0dBZnFLb3ZCUDlkQWl6JTJCeHY3QlhFSVdkcDM5T1hxbXAlMkZmbnhDZmhUU1BjWVBlOE1RJTNEJTNEIiBSZWNvcmRlZFZhbHVlPSJBUUFBQU5DTW5kOEJGZEVSakhvQXdFJTJGQ2wlMkJzQkFBQUFJb2pPcCUyQnFzVkUlMkJyRjB1VVQ3dFdnQUFBQUFBQ0FBQUFBQUFRWmdBQUFBRUFBQ0FBQUFEZWgyJTJGME91VFBKR3NHUEhxJTJCejN2N001MUpXVXRYdTJ0bFFicUY2WCUyQjljUUFBQUFBT2dBQUFBQUlBQUNBQUFBQkk1R2hXbk0lMkJNZ3FYcmtDJTJCTmhkN1RFcHAzYUtXUjhlenFMaktRYmxGUU1qQUFBQUNjSWp6cCUyQmd2Qml0aGFnZUZhY1VsbFM5TzN5T3lNNlQ4Tks3djR1ZWNldWdqVmJmbnRDZ3ZxbGRWRCUyRm5ITWNqdEFBQUFBMFV1cjNlaUJCOGw2YTJMdXlYR1N2UlJqUmZvbDZhOXBYRG82S0dBZnFLb3ZCUDlkQWl6JTJCeHY3QlhFSVdkcDM5T1hxbXAlMkZmbnhDZmhUU1BjWVBlOE1RJTNEJTNEIiBDb3JyZWxhdGlvbkJpbmRpbmc9IiIgVXJsRW5jb2RlPSJGYWxzZSIgVXNlVG9Hcm91cFJlc3VsdHM9IkZhbHNlIiAvPg0KICAgICAgICA8UXVlcnlTdHJpbmdQYXJhbWV0ZXIgTmFtZT0ibWVzc2FnZUlkIiBWYWx1ZT0iZC02NjQ1RUQwOC1CJTJDMCU3Q0klMkMyJTdDSiUyQzAiIFJlY29yZGVkVmFsdWU9ImQtNjY0NUVEMDgtQiUyQzAlN0NJJTJDMiU3Q0olMkMwIiBDb3JyZWxhdGlvbkJpbmRpbmc9IiIgVXJsRW5jb2RlPSJGYWxzZSIgVXNlVG9Hcm91cFJlc3VsdHM9IkZhbHNlIiAvPg0KICAgICAgICA8UXVlcnlTdHJpbmdQYXJhbWV0ZXIgTmFtZT0icmVxdWVzdFVybCIgVmFsdWU9Imh0dHAlM0ElMkYlMkZ3d3cubG9naW5kZW1vLmNvbSUyRlVzZXJzJTJGVXNlciUyRlJlZ2lzdCIgUmVjb3JkZWRWYWx1ZT0iaHR0cCUzQSUyRiUyRnd3dy5sb2dpbmRlbW8uY29tJTJGVXNlcnMlMkZVc2VyJTJGUmVnaXN0IiBDb3JyZWxhdGlvbkJpbmRpbmc9IiIgVXJsRW5jb2RlPSJGYWxzZSIgVXNlVG9Hcm91cFJlc3VsdHM9IkZhbHNlIiAvPg0KICAgICAgICA8UXVlcnlTdHJpbmdQYXJhbWV0ZXIgTmFtZT0iYnJvd3Nlck5hbWUiIFZhbHVlPSJJbnRlcm5ldEV4cGxvcmVyIiBSZWNvcmRlZFZhbHVlPSJJbnRlcm5ldEV4cGxvcmVyIiBDb3JyZWxhdGlvbkJpbmRpbmc9IiIgVXJsRW5jb2RlPSJGYWxzZSIgVXNlVG9Hcm91cFJlc3VsdHM9IkZhbHNlIiAvPg0KICAgICAgICA8UXVlcnlTdHJpbmdQYXJhbWV0ZXIgTmFtZT0idGlkIiBWYWx1ZT0iMCIgUmVjb3JkZWRWYWx1ZT0iMCIgQ29ycmVsYXRpb25CaW5kaW5nPSIiIFVybEVuY29kZT0iRmFsc2UiIFVzZVRvR3JvdXBSZXN1bHRzPSJGYWxzZSIgLz4NCiAgICAgICAgPFF1ZXJ5U3RyaW5nUGFyYW1ldGVyIE5hbWU9ImNhbGxiYWNrIiBWYWx1ZT0ialF1ZXJ5MTgyMDYxNDY4MDM1MTc2Mjk4NzFfMTQ0MTg4MzI3Mjg0NCIgUmVjb3JkZWRWYWx1ZT0ialF1ZXJ5MTgyMDYxNDY4MDM1MTc2Mjk4NzFfMTQ0MTg4MzI3Mjg0NCIgQ29ycmVsYXRpb25CaW5kaW5nPSIiIFVybEVuY29kZT0iRmFsc2UiIFVzZVRvR3JvdXBSZXN1bHRzPSJGYWxzZSIgLz4NCiAgICAgICAgPFF1ZXJ5U3RyaW5nUGFyYW1ldGVyIE5hbWU9Il8iIFZhbHVlPSIxNDQxODgzMjczNDYwIiBSZWNvcmRlZFZhbHVlPSIxNDQxODgzMjczNDYwIiBDb3JyZWxhdGlvbkJpbmRpbmc9IiIgVXJsRW5jb2RlPSJGYWxzZSIgVXNlVG9Hcm91cFJlc3VsdHM9IkZhbHNlIiAvPg0KICAgICAgPC9RdWVyeVN0cmluZ1BhcmFtZXRlcnM+DQogICAgPC9SZXF1ZXN0Pg0KICAgIDxSZXF1ZXN0IE1ldGhvZD0iR0VUIiBHdWlkPSI5ZDM3ZjE3Ny03MjgxLTQ1YTktYmYwZi1kNjBiYTcyNTYzNzciIFZlcnNpb249IjEuMSIgVXJsPSJodHRwOi8vbG9jYWxob3N0OjI2MTcxLzVlZjNmZjNjOTM3MzQ1MmE4MTMzOWYzMGFkOTI4N2I1L2FydGVyeVNpZ25hbFIvcG9sbCIgVGhpbmtUaW1lPSIwIiBUaW1lb3V0PSIzMDAiIFBhcnNlRGVwZW5kZW50UmVxdWVzdHM9IlRydWUiIEZvbGxvd1JlZGlyZWN0cz0iVHJ1ZSIgUmVjb3JkUmVzdWx0PSJUcnVlIiBDYWNoZT0iRmFsc2UiIFJlc3BvbnNlVGltZUdvYWw9IjAiIEVuY29kaW5nPSJ1dGYtOCIgRXhwZWN0ZWRIdHRwU3RhdHVzQ29kZT0iMCIgRXhwZWN0ZWRSZXNwb25zZVVybD0iIiBSZXBvcnRpbmdOYW1lPSIiIElnbm9yZUh0dHBTdGF0dXNDb2RlPSJGYWxzZSI+DQogICAgICA8SGVhZGVycz4NCiAgICAgICAgPEhlYWRlciBOYW1lPSJSZWZlcmVyIiBWYWx1ZT0iaHR0cDovL3d3dy5sb2dpbmRlbW8uY29tL1VzZXJzL1VzZXIvUmVnaXN0IiAvPg0KICAgICAgPC9IZWFkZXJzPg0KICAgICAgPFF1ZXJ5U3RyaW5nUGFyYW1ldGVycz4NCiAgICAgICAgPFF1ZXJ5U3RyaW5nUGFyYW1ldGVyIE5hbWU9InRyYW5zcG9ydCIgVmFsdWU9ImxvbmdQb2xsaW5nIiBSZWNvcmRlZFZhbHVlPSJsb25nUG9sbGluZyIgQ29ycmVsYXRpb25CaW5kaW5nPSIiIFVybEVuY29kZT0iRmFsc2UiIFVzZVRvR3JvdXBSZXN1bHRzPSJGYWxzZSIgLz4NCiAgICAgICAgPFF1ZXJ5U3RyaW5nUGFyYW1ldGVyIE5hbWU9ImNvbm5lY3Rpb25Ub2tlbiIgVmFsdWU9IkFRQUFBTkNNbmQ4QkZkRVJqSG9Bd0UlMkZDbCUyQnNCQUFBQUlvak9wJTJCcXNWRSUyQnJGMHVVVDd0V2dBQUFBQUFDQUFBQUFBQVFaZ0FBQUFFQUFDQUFBQURlaDIlMkYwT3VUUEpHc0dQSHElMkJ6M3Y3TTUxSldVdFh1MnRsUWJxRjZYJTJCOWNRQUFBQUFPZ0FBQUFBSUFBQ0FBQUFCSTVHaFduTSUyQk1ncVhya0MlMkJOaGQ3VEVwcDNhS1dSOGV6cUxqS1FibEZRTWpBQUFBQ2NJanpwJTJCZ3ZCaXRoYWdlRmFjVWxsUzlPM3lPeU02VDhOSzd2NHVlY2V1Z2pWYmZudENndnFsZFZEJTJGbkhNY2p0QUFBQUEwVXVyM2VpQkI4bDZhMkx1eVhHU3ZSUmpSZm9sNmE5cFhEbzZLR0FmcUtvdkJQOWRBaXolMkJ4djdCWEVJV2RwMzlPWHFtcCUyRmZueENmaFRTUGNZUGU4TVElM0QlM0QiIFJlY29yZGVkVmFsdWU9IkFRQUFBTkNNbmQ4QkZkRVJqSG9Bd0UlMkZDbCUyQnNCQUFBQUlvak9wJTJCcXNWRSUyQnJGMHVVVDd0V2dBQUFBQUFDQUFBQUFBQVFaZ0FBQUFFQUFDQUFBQURlaDIlMkYwT3VUUEpHc0dQSHElMkJ6M3Y3TTUxSldVdFh1MnRsUWJxRjZYJTJCOWNRQUFBQUFPZ0FBQUFBSUFBQ0FBQUFCSTVHaFduTSUyQk1ncVhya0MlMkJOaGQ3VEVwcDNhS1dSOGV6cUxqS1FibEZRTWpBQUFBQ2NJanpwJTJCZ3ZCaXRoYWdlRmFjVWxsUzlPM3lPeU02VDhOSzd2NHVlY2V1Z2pWYmZudENndnFsZFZEJTJGbkhNY2p0QUFBQUEwVXVyM2VpQkI4bDZhMkx1eVhHU3ZSUmpSZm9sNmE5cFhEbzZLR0FmcUtvdkJQOWRBaXolMkJ4djdCWEVJV2RwMzlPWHFtcCUyRmZueENmaFRTUGNZUGU4TVElM0QlM0QiIENvcnJlbGF0aW9uQmluZGluZz0iIiBVcmxFbmNvZGU9IkZhbHNlIiBVc2VUb0dyb3VwUmVzdWx0cz0iRmFsc2UiIC8+DQogICAgICAgIDxRdWVyeVN0cmluZ1BhcmFtZXRlciBOYW1lPSJtZXNzYWdlSWQiIFZhbHVlPSJkLTY2NDVFRDA4LUIlMkMwJTdDSSUyQzMlN0NKJTJDMCIgUmVjb3JkZWRWYWx1ZT0iZC02NjQ1RUQwOC1CJTJDMCU3Q0klMkMzJTdDSiUyQzAiIENvcnJlbGF0aW9uQmluZGluZz0iIiBVcmxFbmNvZGU9IkZhbHNlIiBVc2VUb0dyb3VwUmVzdWx0cz0iRmFsc2UiIC8+DQogICAgICAgIDxRdWVyeVN0cmluZ1BhcmFtZXRlciBOYW1lPSJyZXF1ZXN0VXJsIiBWYWx1ZT0iaHR0cCUzQSUyRiUyRnd3dy5sb2dpbmRlbW8uY29tJTJGVXNlcnMlMkZVc2VyJTJGUmVnaXN0IiBSZWNvcmRlZFZhbHVlPSJodHRwJTNBJTJGJTJGd3d3LmxvZ2luZGVtby5jb20lMkZVc2VycyUyRlVzZXIlMkZSZWdpc3QiIENvcnJlbGF0aW9uQmluZGluZz0iIiBVcmxFbmNvZGU9IkZhbHNlIiBVc2VUb0dyb3VwUmVzdWx0cz0iRmFsc2UiIC8+DQogICAgICAgIDxRdWVyeVN0cmluZ1BhcmFtZXRlciBOYW1lPSJicm93c2VyTmFtZSIgVmFsdWU9IkludGVybmV0RXhwbG9yZXIiIFJlY29yZGVkVmFsdWU9IkludGVybmV0RXhwbG9yZXIiIENvcnJlbGF0aW9uQmluZGluZz0iIiBVcmxFbmNvZGU9IkZhbHNlIiBVc2VUb0dyb3VwUmVzdWx0cz0iRmFsc2UiIC8+DQogICAgICAgIDxRdWVyeVN0cmluZ1BhcmFtZXRlciBOYW1lPSJ0aWQiIFZhbHVlPSIwIiBSZWNvcmRlZFZhbHVlPSIwIiBDb3JyZWxhdGlvbkJpbmRpbmc9IiIgVXJsRW5jb2RlPSJGYWxzZSIgVXNlVG9Hcm91cFJlc3VsdHM9IkZhbHNlIiAvPg0KICAgICAgICA8UXVlcnlTdHJpbmdQYXJhbWV0ZXIgTmFtZT0iY2FsbGJhY2siIFZhbHVlPSJqUXVlcnkxODIwNjE0NjgwMzUxNzYyOTg3MV8xNDQxODgzMjcyODQ0IiBSZWNvcmRlZFZhbHVlPSJqUXVlcnkxODIwNjE0NjgwMzUxNzYyOTg3MV8xNDQxODgzMjcyODQ0IiBDb3JyZWxhdGlvbkJpbmRpbmc9IiIgVXJsRW5jb2RlPSJGYWxzZSIgVXNlVG9Hcm91cFJlc3VsdHM9IkZhbHNlIiAvPg0KICAgICAgICA8UXVlcnlTdHJpbmdQYXJhbWV0ZXIgTmFtZT0iXyIgVmFsdWU9IjE0NDE4ODMyNzM0NjYiIFJlY29yZGVkVmFsdWU9IjE0NDE4ODMyNzM0NjYiIENvcnJlbGF0aW9uQmluZGluZz0iIiBVcmxFbmNvZGU9IkZhbHNlIiBVc2VUb0dyb3VwUmVzdWx0cz0iRmFsc2UiIC8+DQogICAgICA8L1F1ZXJ5U3RyaW5nUGFyYW1ldGVycz4NCiAgICA8L1JlcXVlc3Q+DQogICAgPFJlcXVlc3QgTWV0aG9kPSJHRVQiIEd1aWQ9IjA1MTZhNTMyLTk5ZjQtNDQxMy04Y2IyLWYzZjZhYzg1NzM3MiIgVmVyc2lvbj0iMS4xIiBVcmw9Imh0dHA6Ly9sb2NhbGhvc3Q6MjYxNzEvNWVmM2ZmM2M5MzczNDUyYTgxMzM5ZjMwYWQ5Mjg3YjUvYXJ0ZXJ5U2lnbmFsUi9wb2xsIiBUaGlua1RpbWU9IjAiIFRpbWVvdXQ9IjMwMCIgUGFyc2VEZXBlbmRlbnRSZXF1ZXN0cz0iVHJ1ZSIgRm9sbG93UmVkaXJlY3RzPSJUcnVlIiBSZWNvcmRSZXN1bHQ9IlRydWUiIENhY2hlPSJGYWxzZSIgUmVzcG9uc2VUaW1lR29hbD0iMCIgRW5jb2Rpbmc9InV0Zi04IiBFeHBlY3RlZEh0dHBTdGF0dXNDb2RlPSIwIiBFeHBlY3RlZFJlc3BvbnNlVXJsPSIiIFJlcG9ydGluZ05hbWU9IiIgSWdub3JlSHR0cFN0YXR1c0NvZGU9IkZhbHNlIj4NCiAgICAgIDxIZWFkZXJzPg0KICAgICAgICA8SGVhZGVyIE5hbWU9IlJlZmVyZXIiIFZhbHVlPSJodHRwOi8vd3d3LmxvZ2luZGVtby5jb20vVXNlcnMvVXNlci9SZWdpc3QiIC8+DQogICAgICA8L0hlYWRlcnM+DQogICAgICA8UXVlcnlTdHJpbmdQYXJhbWV0ZXJzPg0KICAgICAgICA8UXVlcnlTdHJpbmdQYXJhbWV0ZXIgTmFtZT0idHJhbnNwb3J0IiBWYWx1ZT0ibG9uZ1BvbGxpbmciIFJlY29yZGVkVmFsdWU9ImxvbmdQb2xsaW5nIiBDb3JyZWxhdGlvbkJpbmRpbmc9IiIgVXJsRW5jb2RlPSJGYWxzZSIgVXNlVG9Hcm91cFJlc3VsdHM9IkZhbHNlIiAvPg0KICAgICAgICA8UXVlcnlTdHJpbmdQYXJhbWV0ZXIgTmFtZT0iY29ubmVjdGlvblRva2VuIiBWYWx1ZT0iQVFBQUFOQ01uZDhCRmRFUmpIb0F3RSUyRkNsJTJCc0JBQUFBSW9qT3AlMkJxc1ZFJTJCckYwdVVUN3RXZ0FBQUFBQUNBQUFBQUFBUVpnQUFBQUVBQUNBQUFBRGVoMiUyRjBPdVRQSkdzR1BIcSUyQnozdjdNNTFKV1V0WHUydGxRYnFGNlglMkI5Y1FBQUFBQU9nQUFBQUFJQUFDQUFBQUJJNUdoV25NJTJCTWdxWHJrQyUyQk5oZDdURXBwM2FLV1I4ZXpxTGpLUWJsRlFNakFBQUFDY0lqenAlMkJndkJpdGhhZ2VGYWNVbGxTOU8zeU95TTZUOE5LN3Y0dWVjZXVnalZiZm50Q2d2cWxkVkQlMkZuSE1janRBQUFBQTBVdXIzZWlCQjhsNmEyTHV5WEdTdlJSalJmb2w2YTlwWERvNktHQWZxS292QlA5ZEFpeiUyQnh2N0JYRUlXZHAzOU9YcW1wJTJGZm54Q2ZoVFNQY1lQZThNUSUzRCUzRCIgUmVjb3JkZWRWYWx1ZT0iQVFBQUFOQ01uZDhCRmRFUmpIb0F3RSUyRkNsJTJCc0JBQUFBSW9qT3AlMkJxc1ZFJTJCckYwdVVUN3RXZ0FBQUFBQUNBQUFBQUFBUVpnQUFBQUVBQUNBQUFBRGVoMiUyRjBPdVRQSkdzR1BIcSUyQnozdjdNNTFKV1V0WHUydGxRYnFGNlglMkI5Y1FBQUFBQU9nQUFBQUFJQUFDQUFBQUJJNUdoV25NJTJCTWdxWHJrQyUyQk5oZDdURXBwM2FLV1I4ZXpxTGpLUWJsRlFNakFBQUFDY0lqenAlMkJndkJpdGhhZ2VGYWNVbGxTOU8zeU95TTZUOE5LN3Y0dWVjZXVnalZiZm50Q2d2cWxkVkQlMkZuSE1janRBQUFBQTBVdXIzZWlCQjhsNmEyTHV5WEdTdlJSalJmb2w2YTlwWERvNktHQWZxS292QlA5ZEFpeiUyQnh2N0JYRUlXZHAzOU9YcW1wJTJGZm54Q2ZoVFNQY1lQZThNUSUzRCUzRCIgQ29ycmVsYXRpb25CaW5kaW5nPSIiIFVybEVuY29kZT0iRmFsc2UiIFVzZVRvR3JvdXBSZXN1bHRzPSJGYWxzZSIgLz4NCiAgICAgICAgPFF1ZXJ5U3RyaW5nUGFyYW1ldGVyIE5hbWU9Im1lc3NhZ2VJZCIgVmFsdWU9ImQtNjY0NUVEMDgtQiUyQzAlN0NJJTJDMyU3Q0olMkMwIiBSZWNvcmRlZFZhbHVlPSJkLTY2NDVFRDA4LUIlMkMwJTdDSSUyQzMlN0NKJTJDMCIgQ29ycmVsYXRpb25CaW5kaW5nPSIiIFVybEVuY29kZT0iRmFsc2UiIFVzZVRvR3JvdXBSZXN1bHRzPSJGYWxzZSIgLz4NCiAgICAgICAgPFF1ZXJ5U3RyaW5nUGFyYW1ldGVyIE5hbWU9InJlcXVlc3RVcmwiIFZhbHVlPSJodHRwJTNBJTJGJTJGd3d3LmxvZ2luZGVtby5jb20lMkZVc2VycyUyRlVzZXIlMkZSZWdpc3QiIFJlY29yZGVkVmFsdWU9Imh0dHAlM0ElMkYlMkZ3d3cubG9naW5kZW1vLmNvbSUyRlVzZXJzJTJGVXNlciUyRlJlZ2lzdCIgQ29ycmVsYXRpb25CaW5kaW5nPSIiIFVybEVuY29kZT0iRmFsc2UiIFVzZVRvR3JvdXBSZXN1bHRzPSJGYWxzZSIgLz4NCiAgICAgICAgPFF1ZXJ5U3RyaW5nUGFyYW1ldGVyIE5hbWU9ImJyb3dzZXJOYW1lIiBWYWx1ZT0iSW50ZXJuZXRFeHBsb3JlciIgUmVjb3JkZWRWYWx1ZT0iSW50ZXJuZXRFeHBsb3JlciIgQ29ycmVsYXRpb25CaW5kaW5nPSIiIFVybEVuY29kZT0iRmFsc2UiIFVzZVRvR3JvdXBSZXN1bHRzPSJGYWxzZSIgLz4NCiAgICAgICAgPFF1ZXJ5U3RyaW5nUGFyYW1ldGVyIE5hbWU9InRpZCIgVmFsdWU9IjgiIFJlY29yZGVkVmFsdWU9IjgiIENvcnJlbGF0aW9uQmluZGluZz0iIiBVcmxFbmNvZGU9IkZhbHNlIiBVc2VUb0dyb3VwUmVzdWx0cz0iRmFsc2UiIC8+DQogICAgICAgIDxRdWVyeVN0cmluZ1BhcmFtZXRlciBOYW1lPSJjYWxsYmFjayIgVmFsdWU9ImpRdWVyeTE4MjA2MTQ2ODAzNTE3NjI5ODcxXzE0NDE4ODMyNzI4NDQiIFJlY29yZGVkVmFsdWU9ImpRdWVyeTE4MjA2MTQ2ODAzNTE3NjI5ODcxXzE0NDE4ODMyNzI4NDQiIENvcnJlbGF0aW9uQmluZGluZz0iIiBVcmxFbmNvZGU9IkZhbHNlIiBVc2VUb0dyb3VwUmVzdWx0cz0iRmFsc2UiIC8+DQogICAgICAgIDxRdWVyeVN0cmluZ1BhcmFtZXRlciBOYW1lPSJfIiBWYWx1ZT0iMTQ0MTg4MzI3OTU4MyIgUmVjb3JkZWRWYWx1ZT0iMTQ0MTg4MzI3OTU4MyIgQ29ycmVsYXRpb25CaW5kaW5nPSIiIFVybEVuY29kZT0iRmFsc2UiIFVzZVRvR3JvdXBSZXN1bHRzPSJGYWxzZSIgLz4NCiAgICAgIDwvUXVlcnlTdHJpbmdQYXJhbWV0ZXJzPg0KICAgIDwvUmVxdWVzdD4NCiAgICA8UmVxdWVzdCBNZXRob2Q9IkdFVCIgR3VpZD0iNzdlZDQ5ZTgtZjY2Yy00NmQxLWE3ZDgtYmM1YmM4ZWNjYWVkIiBWZXJzaW9uPSIxLjEiIFVybD0iaHR0cDovL2xvY2FsaG9zdDoyNjE3MS81ZWYzZmYzYzkzNzM0NTJhODEzMzlmMzBhZDkyODdiNS9hcnRlcnlTaWduYWxSL3BvbGwiIFRoaW5rVGltZT0iMiIgVGltZW91dD0iMzAwIiBQYXJzZURlcGVuZGVudFJlcXVlc3RzPSJUcnVlIiBGb2xsb3dSZWRpcmVjdHM9IlRydWUiIFJlY29yZFJlc3VsdD0iVHJ1ZSIgQ2FjaGU9IkZhbHNlIiBSZXNwb25zZVRpbWVHb2FsPSIwIiBFbmNvZGluZz0idXRmLTgiIEV4cGVjdGVkSHR0cFN0YXR1c0NvZGU9IjAiIEV4cGVjdGVkUmVzcG9uc2VVcmw9IiIgUmVwb3J0aW5nTmFtZT0iIiBJZ25vcmVIdHRwU3RhdHVzQ29kZT0iRmFsc2UiPg0KICAgICAgPEhlYWRlcnM+DQogICAgICAgIDxIZWFkZXIgTmFtZT0iUmVmZXJlciIgVmFsdWU9Imh0dHA6Ly93d3cubG9naW5kZW1vLmNvbS9Vc2Vycy9Vc2VyL1JlZ2lzdCIgLz4NCiAgICAgIDwvSGVhZGVycz4NCiAgICAgIDxRdWVyeVN0cmluZ1BhcmFtZXRlcnM+DQogICAgICAgIDxRdWVyeVN0cmluZ1BhcmFtZXRlciBOYW1lPSJ0cmFuc3BvcnQiIFZhbHVlPSJsb25nUG9sbGluZyIgUmVjb3JkZWRWYWx1ZT0ibG9uZ1BvbGxpbmciIENvcnJlbGF0aW9uQmluZGluZz0iIiBVcmxFbmNvZGU9IkZhbHNlIiBVc2VUb0dyb3VwUmVzdWx0cz0iRmFsc2UiIC8+DQogICAgICAgIDxRdWVyeVN0cmluZ1BhcmFtZXRlciBOYW1lPSJjb25uZWN0aW9uVG9rZW4iIFZhbHVlPSJBUUFBQU5DTW5kOEJGZEVSakhvQXdFJTJGQ2wlMkJzQkFBQUFJb2pPcCUyQnFzVkUlMkJyRjB1VVQ3dFdnQUFBQUFBQ0FBQUFBQUFRWmdBQUFBRUFBQ0FBQUFEZWgyJTJGME91VFBKR3NHUEhxJTJCejN2N001MUpXVXRYdTJ0bFFicUY2WCUyQjljUUFBQUFBT2dBQUFBQUlBQUNBQUFBQkk1R2hXbk0lMkJNZ3FYcmtDJTJCTmhkN1RFcHAzYUtXUjhlenFMaktRYmxGUU1qQUFBQUNjSWp6cCUyQmd2Qml0aGFnZUZhY1VsbFM5TzN5T3lNNlQ4Tks3djR1ZWNldWdqVmJmbnRDZ3ZxbGRWRCUyRm5ITWNqdEFBQUFBMFV1cjNlaUJCOGw2YTJMdXlYR1N2UlJqUmZvbDZhOXBYRG82S0dBZnFLb3ZCUDlkQWl6JTJCeHY3QlhFSVdkcDM5T1hxbXAlMkZmbnhDZmhUU1BjWVBlOE1RJTNEJTNEIiBSZWNvcmRlZFZhbHVlPSJBUUFBQU5DTW5kOEJGZEVSakhvQXdFJTJGQ2wlMkJzQkFBQUFJb2pPcCUyQnFzVkUlMkJyRjB1VVQ3dFdnQUFBQUFBQ0FBQUFBQUFRWmdBQUFBRUFBQ0FBQUFEZWgyJTJGME91VFBKR3NHUEhxJTJCejN2N001MUpXVXRYdTJ0bFFicUY2WCUyQjljUUFBQUFBT2dBQUFBQUlBQUNBQUFBQkk1R2hXbk0lMkJNZ3FYcmtDJTJCTmhkN1RFcHAzYUtXUjhlenFMaktRYmxGUU1qQUFBQUNjSWp6cCUyQmd2Qml0aGFnZUZhY1VsbFM5TzN5T3lNNlQ4Tks3djR1ZWNldWdqVmJmbnRDZ3ZxbGRWRCUyRm5ITWNqdEFBQUFBMFV1cjNlaUJCOGw2YTJMdXlYR1N2UlJqUmZvbDZhOXBYRG82S0dBZnFLb3ZCUDlkQWl6JTJCeHY3QlhFSVdkcDM5T1hxbXAlMkZmbnhDZmhUU1BjWVBlOE1RJTNEJTNEIiBDb3JyZWxhdGlvbkJpbmRpbmc9IiIgVXJsRW5jb2RlPSJGYWxzZSIgVXNlVG9Hcm91cFJlc3VsdHM9IkZhbHNlIiAvPg0KICAgICAgICA8UXVlcnlTdHJpbmdQYXJhbWV0ZXIgTmFtZT0ibWVzc2FnZUlkIiBWYWx1ZT0iZC02NjQ1RUQwOC1CJTJDMCU3Q0klMkMzJTdDSiUyQzAiIFJlY29yZGVkVmFsdWU9ImQtNjY0NUVEMDgtQiUyQzAlN0NJJTJDMyU3Q0olMkMwIiBDb3JyZWxhdGlvbkJpbmRpbmc9IiIgVXJsRW5jb2RlPSJGYWxzZSIgVXNlVG9Hcm91cFJlc3VsdHM9IkZhbHNlIiAvPg0KICAgICAgICA8UXVlcnlTdHJpbmdQYXJhbWV0ZXIgTmFtZT0icmVxdWVzdFVybCIgVmFsdWU9Imh0dHAlM0ElMkYlMkZ3d3cubG9naW5kZW1vLmNvbSUyRlVzZXJzJTJGVXNlciUyRlJlZ2lzdCIgUmVjb3JkZWRWYWx1ZT0iaHR0cCUzQSUyRiUyRnd3dy5sb2dpbmRlbW8uY29tJTJGVXNlcnMlMkZVc2VyJTJGUmVnaXN0IiBDb3JyZWxhdGlvbkJpbmRpbmc9IiIgVXJsRW5jb2RlPSJGYWxzZSIgVXNlVG9Hcm91cFJlc3VsdHM9IkZhbHNlIiAvPg0KICAgICAgICA8UXVlcnlTdHJpbmdQYXJhbWV0ZXIgTmFtZT0iYnJvd3Nlck5hbWUiIFZhbHVlPSJJbnRlcm5ldEV4cGxvcmVyIiBSZWNvcmRlZFZhbHVlPSJJbnRlcm5ldEV4cGxvcmVyIiBDb3JyZWxhdGlvbkJpbmRpbmc9IiIgVXJsRW5jb2RlPSJGYWxzZSIgVXNlVG9Hcm91cFJlc3VsdHM9IkZhbHNlIiAvPg0KICAgICAgICA8UXVlcnlTdHJpbmdQYXJhbWV0ZXIgTmFtZT0idGlkIiBWYWx1ZT0iOSIgUmVjb3JkZWRWYWx1ZT0iOSIgQ29ycmVsYXRpb25CaW5kaW5nPSIiIFVybEVuY29kZT0iRmFsc2UiIFVzZVRvR3JvdXBSZXN1bHRzPSJGYWxzZSIgLz4NCiAgICAgICAgPFF1ZXJ5U3RyaW5nUGFyYW1ldGVyIE5hbWU9ImNhbGxiYWNrIiBWYWx1ZT0ialF1ZXJ5MTgyMDYxNDY4MDM1MTc2Mjk4NzFfMTQ0MTg4MzI3Mjg0NCIgUmVjb3JkZWRWYWx1ZT0ialF1ZXJ5MTgyMDYxNDY4MDM1MTc2Mjk4NzFfMTQ0MTg4MzI3Mjg0NCIgQ29ycmVsYXRpb25CaW5kaW5nPSIiIFVybEVuY29kZT0iRmFsc2UiIFVzZVRvR3JvdXBSZXN1bHRzPSJGYWxzZSIgLz4NCiAgICAgICAgPFF1ZXJ5U3RyaW5nUGFyYW1ldGVyIE5hbWU9Il8iIFZhbHVlPSIxNDQxODgzMjg1NjY1IiBSZWNvcmRlZFZhbHVlPSIxNDQxODgzMjg1NjY1IiBDb3JyZWxhdGlvbkJpbmRpbmc9IiIgVXJsRW5jb2RlPSJGYWxzZSIgVXNlVG9Hcm91cFJlc3VsdHM9IkZhbHNlIiAvPg0KICAgICAgPC9RdWVyeVN0cmluZ1BhcmFtZXRlcnM+DQogICAgPC9SZXF1ZXN0Pg0KICAgIDxSZXF1ZXN0IE1ldGhvZD0iUE9TVCIgR3VpZD0iNTE1NTk5MzAtOTAwNS00NDBlLTk2MTgtOTM5OWM1MzhmNDkyIiBWZXJzaW9uPSIxLjEiIFVybD0iaHR0cDovL3d3dy5sb2dpbmRlbW8uY29tL1VzZXJzL1VzZXIvUmVnaXN0VXNlciIgVGhpbmtUaW1lPSIxIiBUaW1lb3V0PSIzMDAiIFBhcnNlRGVwZW5kZW50UmVxdWVzdHM9IlRydWUiIEZvbGxvd1JlZGlyZWN0cz0iVHJ1ZSIgUmVjb3JkUmVzdWx0PSJUcnVlIiBDYWNoZT0iRmFsc2UiIFJlc3BvbnNlVGltZUdvYWw9IjAiIEVuY29kaW5nPSJ1dGYtOCIgRXhwZWN0ZWRIdHRwU3RhdHVzQ29kZT0iMCIgRXhwZWN0ZWRSZXNwb25zZVVybD0iIiBSZXBvcnRpbmdOYW1lPSIiIElnbm9yZUh0dHBTdGF0dXNDb2RlPSJGYWxzZSI+DQogICAgICA8SGVhZGVycz4NCiAgICAgICAgPEhlYWRlciBOYW1lPSJBY2NlcHQiIFZhbHVlPSJhcHBsaWNhdGlvbi9qc29uLCB0ZXh0L2phdmFzY3JpcHQsICovKjsgcT0wLjAxIiAvPg0KICAgICAgICA8SGVhZGVyIE5hbWU9IlgtUmVxdWVzdGVkLVdpdGgiIFZhbHVlPSJYTUxIdHRwUmVxdWVzdCIgLz4NCiAgICAgICAgPEhlYWRlciBOYW1lPSJSZWZlcmVyIiBWYWx1ZT0iaHR0cDovL3d3dy5sb2dpbmRlbW8uY29tL1VzZXJzL1VzZXIvUmVnaXN0IiAvPg0KICAgICAgPC9IZWFkZXJzPg0KICAgICAgPEZvcm1Qb3N0SHR0cEJvZHk+DQogICAgICAgIDxGb3JtUG9zdFBhcmFtZXRlciBOYW1lPSJVc2VyTmFtZSIgVmFsdWU9InVzZXIiIFJlY29yZGVkVmFsdWU9InVzZXIiIENvcnJlbGF0aW9uQmluZGluZz0iIiBVcmxFbmNvZGU9IlRydWUiIC8+DQogICAgICAgIDxGb3JtUG9zdFBhcmFtZXRlciBOYW1lPSJVc2VyUFdEIiBWYWx1ZT0idXNlciIgUmVjb3JkZWRWYWx1ZT0idXNlciIgQ29ycmVsYXRpb25CaW5kaW5nPSIiIFVybEVuY29kZT0iVHJ1ZSIgLz4NCiAgICAgICAgPEZvcm1Qb3N0UGFyYW1ldGVyIE5hbWU9Ik1vYmlsZSIgVmFsdWU9IjE4MDAwMDAwMDAwIiBSZWNvcmRlZFZhbHVlPSIxODAwMDAwMDAwMCIgQ29ycmVsYXRpb25CaW5kaW5nPSIiIFVybEVuY29kZT0iVHJ1ZSIgLz4NCiAgICAgICAgPEZvcm1Qb3N0UGFyYW1ldGVyIE5hbWU9IkVtYWlsIiBWYWx1ZT0iMTgwMDAwMDAwMDBAcXEuY29tIiBSZWNvcmRlZFZhbHVlPSIxODAwMDAwMDAwMEBxcS5jb20iIENvcnJlbGF0aW9uQmluZGluZz0iIiBVcmxFbmNvZGU9IlRydWUiIC8+DQogICAgICA8L0Zvcm1Qb3N0SHR0cEJvZHk+DQogICAgPC9SZXF1ZXN0Pg0KICAgIDxSZXF1ZXN0IE1ldGhvZD0iR0VUIiBHdWlkPSI0NGFjYzczYi0zMjdlLTQ0YzItOGI5ZC0yNTEwYjlkYWVjNzgiIFZlcnNpb249IjEuMSIgVXJsPSJodHRwOi8vd3d3LmxvZ2luZGVtby5jb20vVXNlcnMvVXNlci9Mb2dpbiIgVGhpbmtUaW1lPSIwIiBUaW1lb3V0PSIzMDAiIFBhcnNlRGVwZW5kZW50UmVxdWVzdHM9IlRydWUiIEZvbGxvd1JlZGlyZWN0cz0iVHJ1ZSIgUmVjb3JkUmVzdWx0PSJUcnVlIiBDYWNoZT0iRmFsc2UiIFJlc3BvbnNlVGltZUdvYWw9IjAiIEVuY29kaW5nPSJ1dGYtOCIgRXhwZWN0ZWRIdHRwU3RhdHVzQ29kZT0iMCIgRXhwZWN0ZWRSZXNwb25zZVVybD0iIiBSZXBvcnRpbmdOYW1lPSIiIElnbm9yZUh0dHBTdGF0dXNDb2RlPSJGYWxzZSI+DQogICAgICA8SGVhZGVycz4NCiAgICAgICAgPEhlYWRlciBOYW1lPSJSZWZlcmVyIiBWYWx1ZT0iaHR0cDovL3d3dy5sb2dpbmRlbW8uY29tL1VzZXJzL1VzZXIvUmVnaXN0IiAvPg0KICAgICAgPC9IZWFkZXJzPg0KICAgIDwvUmVxdWVzdD4NCiAgICA8UmVxdWVzdCBNZXRob2Q9IkdFVCIgR3VpZD0iNTU4MmY5YWUtMTcwMS00ZWIzLTg5ZTYtYmM3NjU0NzZiZGJlIiBWZXJzaW9uPSIxLjEiIFVybD0iaHR0cDovL2xvY2FsaG9zdDoyNjE3MS81ZWYzZmYzYzkzNzM0NTJhODEzMzlmMzBhZDkyODdiNS9hcnRlcnlTaWduYWxSL25lZ290aWF0ZSIgVGhpbmtUaW1lPSIwIiBUaW1lb3V0PSIzMDAiIFBhcnNlRGVwZW5kZW50UmVxdWVzdHM9IlRydWUiIEZvbGxvd1JlZGlyZWN0cz0iVHJ1ZSIgUmVjb3JkUmVzdWx0PSJUcnVlIiBDYWNoZT0iRmFsc2UiIFJlc3BvbnNlVGltZUdvYWw9IjAiIEVuY29kaW5nPSJ1dGYtOCIgRXhwZWN0ZWRIdHRwU3RhdHVzQ29kZT0iMCIgRXhwZWN0ZWRSZXNwb25zZVVybD0iIiBSZXBvcnRpbmdOYW1lPSIiIElnbm9yZUh0dHBTdGF0dXNDb2RlPSJGYWxzZSI+DQogICAgICA8SGVhZGVycz4NCiAgICAgICAgPEhlYWRlciBOYW1lPSJSZWZlcmVyIiBWYWx1ZT0iaHR0cDovL3d3dy5sb2dpbmRlbW8uY29tL1VzZXJzL1VzZXIvTG9naW4iIC8+DQogICAgICA8L0hlYWRlcnM+DQogICAgICA8UXVlcnlTdHJpbmdQYXJhbWV0ZXJzPg0KICAgICAgICA8UXVlcnlTdHJpbmdQYXJhbWV0ZXIgTmFtZT0icmVxdWVzdFVybCIgVmFsdWU9Imh0dHAlM0ElMkYlMkZ3d3cubG9naW5kZW1vLmNvbSUyRlVzZXJzJTJGVXNlciUyRkxvZ2luIiBSZWNvcmRlZFZhbHVlPSJodHRwJTNBJTJGJTJGd3d3LmxvZ2luZGVtby5jb20lMkZVc2VycyUyRlVzZXIlMkZMb2dpbiIgQ29ycmVsYXRpb25CaW5kaW5nPSIiIFVybEVuY29kZT0iRmFsc2UiIFVzZVRvR3JvdXBSZXN1bHRzPSJGYWxzZSIgLz4NCiAgICAgICAgPFF1ZXJ5U3RyaW5nUGFyYW1ldGVyIE5hbWU9ImJyb3dzZXJOYW1lIiBWYWx1ZT0iSW50ZXJuZXRFeHBsb3JlciIgUmVjb3JkZWRWYWx1ZT0iSW50ZXJuZXRFeHBsb3JlciIgQ29ycmVsYXRpb25CaW5kaW5nPSIiIFVybEVuY29kZT0iRmFsc2UiIFVzZVRvR3JvdXBSZXN1bHRzPSJGYWxzZSIgLz4NCiAgICAgICAgPFF1ZXJ5U3RyaW5nUGFyYW1ldGVyIE5hbWU9ImNsaWVudFByb3RvY29sIiBWYWx1ZT0iMS4zIiBSZWNvcmRlZFZhbHVlPSIxLjMiIENvcnJlbGF0aW9uQmluZGluZz0iIiBVcmxFbmNvZGU9IkZhbHNlIiBVc2VUb0dyb3VwUmVzdWx0cz0iRmFsc2UiIC8+DQogICAgICAgIDxRdWVyeVN0cmluZ1BhcmFtZXRlciBOYW1lPSJjYWxsYmFjayIgVmFsdWU9ImpRdWVyeTE4MjA0NDE3NTc1OTI2Njc1ODg4NV8xNDQxODgzMjk1NjAyIiBSZWNvcmRlZFZhbHVlPSJqUXVlcnkxODIwNDQxNzU3NTkyNjY3NTg4ODVfMTQ0MTg4MzI5NTYwMiIgQ29ycmVsYXRpb25CaW5kaW5nPSIiIFVybEVuY29kZT0iRmFsc2UiIFVzZVRvR3JvdXBSZXN1bHRzPSJGYWxzZSIgLz4NCiAgICAgICAgPFF1ZXJ5U3RyaW5nUGFyYW1ldGVyIE5hbWU9Il8iIFZhbHVlPSIxNDQxODgzMjk1NjQzIiBSZWNvcmRlZFZhbHVlPSIxNDQxODgzMjk1NjQzIiBDb3JyZWxhdGlvbkJpbmRpbmc9IiIgVXJsRW5jb2RlPSJGYWxzZSIgVXNlVG9Hcm91cFJlc3VsdHM9IkZhbHNlIiAvPg0KICAgICAgPC9RdWVyeVN0cmluZ1BhcmFtZXRlcnM+DQogICAgPC9SZXF1ZXN0Pg0KICAgIDxSZXF1ZXN0IE1ldGhvZD0iR0VUIiBHdWlkPSI5ZjRiMTZkNS04Y2YwLTQxM2ItODE3Zi04NmM4YWU3ZDkxYmUiIFZlcnNpb249IjEuMSIgVXJsPSJodHRwOi8vbG9jYWxob3N0OjI2MTcxLzVlZjNmZjNjOTM3MzQ1MmE4MTMzOWYzMGFkOTI4N2I1L2FydGVyeVNpZ25hbFIvY29ubmVjdCIgVGhpbmtUaW1lPSIwIiBUaW1lb3V0PSIzMDAiIFBhcnNlRGVwZW5kZW50UmVxdWVzdHM9IlRydWUiIEZvbGxvd1JlZGlyZWN0cz0iVHJ1ZSIgUmVjb3JkUmVzdWx0PSJUcnVlIiBDYWNoZT0iRmFsc2UiIFJlc3BvbnNlVGltZUdvYWw9IjAiIEVuY29kaW5nPSJ1dGYtOCIgRXhwZWN0ZWRIdHRwU3RhdHVzQ29kZT0iMCIgRXhwZWN0ZWRSZXNwb25zZVVybD0iIiBSZXBvcnRpbmdOYW1lPSIiIElnbm9yZUh0dHBTdGF0dXNDb2RlPSJGYWxzZSI+DQogICAgICA8SGVhZGVycz4NCiAgICAgICAgPEhlYWRlciBOYW1lPSJSZWZlcmVyIiBWYWx1ZT0iaHR0cDovL3d3dy5sb2dpbmRlbW8uY29tL1VzZXJzL1VzZXIvTG9naW4iIC8+DQogICAgICA8L0hlYWRlcnM+DQogICAgICA8UXVlcnlTdHJpbmdQYXJhbWV0ZXJzPg0KICAgICAgICA8UXVlcnlTdHJpbmdQYXJhbWV0ZXIgTmFtZT0idHJhbnNwb3J0IiBWYWx1ZT0ibG9uZ1BvbGxpbmciIFJlY29yZGVkVmFsdWU9ImxvbmdQb2xsaW5nIiBDb3JyZWxhdGlvbkJpbmRpbmc9IiIgVXJsRW5jb2RlPSJGYWxzZSIgVXNlVG9Hcm91cFJlc3VsdHM9IkZhbHNlIiAvPg0KICAgICAgICA8UXVlcnlTdHJpbmdQYXJhbWV0ZXIgTmFtZT0iY29ubmVjdGlvblRva2VuIiBWYWx1ZT0iQVFBQUFOQ01uZDhCRmRFUmpIb0F3RSUyRkNsJTJCc0JBQUFBSW9qT3AlMkJxc1ZFJTJCckYwdVVUN3RXZ0FBQUFBQUNBQUFBQUFBUVpnQUFBQUVBQUNBQUFBQUMxT0tuYUFrQTZXY0liZTluSmtNSUtoUFVmY1Vka3d5RUxlOHprODl5c0FBQUFBQU9nQUFBQUFJQUFDQUFBQUNhdXJEZlklMkJaa29BZVUxQzVNTXNjWE5vQWhFVWhGQlkwT3pJVDlmcHBCU3pBQUFBQUhqZng1ODVtYVA1aXFkYXdCWFlXdUNLOXgyczhCc3Y3c2VTU3hTcjNVNFZDZ0RWc3hCTm4zTGFQQkRESk9DbXhBQUFBQUt5bW9wdCUyRmpaSEdnS25vYnRlQjEweEVtQmI5OFVlJTJCTG9wSlhOSW1BRzlXNDFpRzN1WmZBbnNBMTRyMSUyRkJaS1lzdFlVR3IlMkYlMkZXMlVMbmFRbWJld3VHQSUzRCUzRCIgUmVjb3JkZWRWYWx1ZT0iQVFBQUFOQ01uZDhCRmRFUmpIb0F3RSUyRkNsJTJCc0JBQUFBSW9qT3AlMkJxc1ZFJTJCckYwdVVUN3RXZ0FBQUFBQUNBQUFBQUFBUVpnQUFBQUVBQUNBQUFBQUMxT0tuYUFrQTZXY0liZTluSmtNSUtoUFVmY1Vka3d5RUxlOHprODl5c0FBQUFBQU9nQUFBQUFJQUFDQUFBQUNhdXJEZlklMkJaa29BZVUxQzVNTXNjWE5vQWhFVWhGQlkwT3pJVDlmcHBCU3pBQUFBQUhqZng1ODVtYVA1aXFkYXdCWFlXdUNLOXgyczhCc3Y3c2VTU3hTcjNVNFZDZ0RWc3hCTm4zTGFQQkRESk9DbXhBQUFBQUt5bW9wdCUyRmpaSEdnS25vYnRlQjEweEVtQmI5OFVlJTJCTG9wSlhOSW1BRzlXNDFpRzN1WmZBbnNBMTRyMSUyRkJaS1lzdFlVR3IlMkYlMkZXMlVMbmFRbWJld3VHQSUzRCUzRCIgQ29ycmVsYXRpb25CaW5kaW5nPSIiIFVybEVuY29kZT0iRmFsc2UiIFVzZVRvR3JvdXBSZXN1bHRzPSJGYWxzZSIgLz4NCiAgICAgICAgPFF1ZXJ5U3RyaW5nUGFyYW1ldGVyIE5hbWU9InJlcXVlc3RVcmwiIFZhbHVlPSJodHRwJTNBJTJGJTJGd3d3LmxvZ2luZGVtby5jb20lMkZVc2VycyUyRlVzZXIlMkZMb2dpbiIgUmVjb3JkZWRWYWx1ZT0iaHR0cCUzQSUyRiUyRnd3dy5sb2dpbmRlbW8uY29tJTJGVXNlcnMlMkZVc2VyJTJGTG9naW4iIENvcnJlbGF0aW9uQmluZGluZz0iIiBVcmxFbmNvZGU9IkZhbHNlIiBVc2VUb0dyb3VwUmVzdWx0cz0iRmFsc2UiIC8+DQogICAgICAgIDxRdWVyeVN0cmluZ1BhcmFtZXRlciBOYW1lPSJicm93c2VyTmFtZSIgVmFsdWU9IkludGVybmV0RXhwbG9yZXIiIFJlY29yZGVkVmFsdWU9IkludGVybmV0RXhwbG9yZXIiIENvcnJlbGF0aW9uQmluZGluZz0iIiBVcmxFbmNvZGU9IkZhbHNlIiBVc2VUb0dyb3VwUmVzdWx0cz0iRmFsc2UiIC8+DQogICAgICAgIDxRdWVyeVN0cmluZ1BhcmFtZXRlciBOYW1lPSJ0aWQiIFZhbHVlPSIyIiBSZWNvcmRlZFZhbHVlPSIyIiBDb3JyZWxhdGlvbkJpbmRpbmc9IiIgVXJsRW5jb2RlPSJGYWxzZSIgVXNlVG9Hcm91cFJlc3VsdHM9IkZhbHNlIiAvPg0KICAgICAgICA8UXVlcnlTdHJpbmdQYXJhbWV0ZXIgTmFtZT0iY2FsbGJhY2siIFZhbHVlPSJqUXVlcnkxODIwNDQxNzU3NTkyNjY3NTg4ODVfMTQ0MTg4MzI5NTYwMiIgUmVjb3JkZWRWYWx1ZT0ialF1ZXJ5MTgyMDQ0MTc1NzU5MjY2NzU4ODg1XzE0NDE4ODMyOTU2MDIiIENvcnJlbGF0aW9uQmluZGluZz0iIiBVcmxFbmNvZGU9IkZhbHNlIiBVc2VUb0dyb3VwUmVzdWx0cz0iRmFsc2UiIC8+DQogICAgICAgIDxRdWVyeVN0cmluZ1BhcmFtZXRlciBOYW1lPSJfIiBWYWx1ZT0iMTQ0MTg4MzI5NTkyNCIgUmVjb3JkZWRWYWx1ZT0iMTQ0MTg4MzI5NTkyNCIgQ29ycmVsYXRpb25CaW5kaW5nPSIiIFVybEVuY29kZT0iRmFsc2UiIFVzZVRvR3JvdXBSZXN1bHRzPSJGYWxzZSIgLz4NCiAgICAgIDwvUXVlcnlTdHJpbmdQYXJhbWV0ZXJzPg0KICAgIDwvUmVxdWVzdD4NCiAgICA8UmVxdWVzdCBNZXRob2Q9IkdFVCIgR3VpZD0iYmRkNzYzMzktNTg0Ny00M2VkLWE5NWMtNWI2MDI1ZTI1MzExIiBWZXJzaW9uPSIxLjEiIFVybD0iaHR0cDovL2xvY2FsaG9zdDoyNjE3MS81ZWYzZmYzYzkzNzM0NTJhODEzMzlmMzBhZDkyODdiNS9hcnRlcnlTaWduYWxSL3NlbmQiIFRoaW5rVGltZT0iMCIgVGltZW91dD0iMzAwIiBQYXJzZURlcGVuZGVudFJlcXVlc3RzPSJUcnVlIiBGb2xsb3dSZWRpcmVjdHM9IlRydWUiIFJlY29yZFJlc3VsdD0iVHJ1ZSIgQ2FjaGU9IkZhbHNlIiBSZXNwb25zZVRpbWVHb2FsPSIwIiBFbmNvZGluZz0idXRmLTgiIEV4cGVjdGVkSHR0cFN0YXR1c0NvZGU9IjAiIEV4cGVjdGVkUmVzcG9uc2VVcmw9IiIgUmVwb3J0aW5nTmFtZT0iIiBJZ25vcmVIdHRwU3RhdHVzQ29kZT0iRmFsc2UiPg0KICAgICAgPEhlYWRlcnM+DQogICAgICAgIDxIZWFkZXIgTmFtZT0iUmVmZXJlciIgVmFsdWU9Imh0dHA6Ly93d3cubG9naW5kZW1vLmNvbS9Vc2Vycy9Vc2VyL0xvZ2luIiAvPg0KICAgICAgPC9IZWFkZXJzPg0KICAgICAgPFF1ZXJ5U3RyaW5nUGFyYW1ldGVycz4NCiAgICAgICAgPFF1ZXJ5U3RyaW5nUGFyYW1ldGVyIE5hbWU9InRyYW5zcG9ydCIgVmFsdWU9ImxvbmdQb2xsaW5nIiBSZWNvcmRlZFZhbHVlPSJsb25nUG9sbGluZyIgQ29ycmVsYXRpb25CaW5kaW5nPSIiIFVybEVuY29kZT0iRmFsc2UiIFVzZVRvR3JvdXBSZXN1bHRzPSJGYWxzZSIgLz4NCiAgICAgICAgPFF1ZXJ5U3RyaW5nUGFyYW1ldGVyIE5hbWU9ImNvbm5lY3Rpb25Ub2tlbiIgVmFsdWU9IkFRQUFBTkNNbmQ4QkZkRVJqSG9Bd0UlMkZDbCUyQnNCQUFBQUlvak9wJTJCcXNWRSUyQnJGMHVVVDd0V2dBQUFBQUFDQUFBQUFBQVFaZ0FBQUFFQUFDQUFBQUFDMU9LbmFBa0E2V2NJYmU5bkprTUlLaFBVZmNVZGt3eUVMZTh6azg5eXNBQUFBQUFPZ0FBQUFBSUFBQ0FBQUFDYXVyRGZZJTJCWmtvQWVVMUM1TU1zY1hOb0FoRVVoRkJZME96SVQ5ZnBwQlN6QUFBQUFIamZ4NTg1bWFQNWlxZGF3QlhZV3VDSzl4MnM4QnN2N3NlU1N4U3IzVTRWQ2dEVnN4Qk5uM0xhUEJEREpPQ214QUFBQUFLeW1vcHQlMkZqWkhHZ0tub2J0ZUIxMHhFbUJiOThVZSUyQkxvcEpYTkltQUc5VzQxaUczdVpmQW5zQTE0cjElMkZCWktZc3RZVUdyJTJGJTJGVzJVTG5hUW1iZXd1R0ElM0QlM0QiIFJlY29yZGVkVmFsdWU9IkFRQUFBTkNNbmQ4QkZkRVJqSG9Bd0UlMkZDbCUyQnNCQUFBQUlvak9wJTJCcXNWRSUyQnJGMHVVVDd0V2dBQUFBQUFDQUFBQUFBQVFaZ0FBQUFFQUFDQUFBQUFDMU9LbmFBa0E2V2NJYmU5bkprTUlLaFBVZmNVZGt3eUVMZTh6azg5eXNBQUFBQUFPZ0FBQUFBSUFBQ0FBQUFDYXVyRGZZJTJCWmtvQWVVMUM1TU1zY1hOb0FoRVVoRkJZME96SVQ5ZnBwQlN6QUFBQUFIamZ4NTg1bWFQNWlxZGF3QlhZV3VDSzl4MnM4QnN2N3NlU1N4U3IzVTRWQ2dEVnN4Qk5uM0xhUEJEREpPQ214QUFBQUFLeW1vcHQlMkZqWkhHZ0tub2J0ZUIxMHhFbUJiOThVZSUyQkxvcEpYTkltQUc5VzQxaUczdVpmQW5zQTE0cjElMkZCWktZc3RZVUdyJTJGJTJGVzJVTG5hUW1iZXd1R0ElM0QlM0QiIENvcnJlbGF0aW9uQmluZGluZz0iIiBVcmxFbmNvZGU9IkZhbHNlIiBVc2VUb0dyb3VwUmVzdWx0cz0iRmFsc2UiIC8+DQogICAgICAgIDxRdWVyeVN0cmluZ1BhcmFtZXRlciBOYW1lPSJyZXF1ZXN0VXJsIiBWYWx1ZT0iaHR0cCUzQSUyRiUyRnd3dy5sb2dpbmRlbW8uY29tJTJGVXNlcnMlMkZVc2VyJTJGTG9naW4iIFJlY29yZGVkVmFsdWU9Imh0dHAlM0ElMkYlMkZ3d3cubG9naW5kZW1vLmNvbSUyRlVzZXJzJTJGVXNlciUyRkxvZ2luIiBDb3JyZWxhdGlvbkJpbmRpbmc9IiIgVXJsRW5jb2RlPSJGYWxzZSIgVXNlVG9Hcm91cFJlc3VsdHM9IkZhbHNlIiAvPg0KICAgICAgICA8UXVlcnlTdHJpbmdQYXJhbWV0ZXIgTmFtZT0iYnJvd3Nlck5hbWUiIFZhbHVlPSJJbnRlcm5ldEV4cGxvcmVyIiBSZWNvcmRlZFZhbHVlPSJJbnRlcm5ldEV4cGxvcmVyIiBDb3JyZWxhdGlvbkJpbmRpbmc9IiIgVXJsRW5jb2RlPSJGYWxzZSIgVXNlVG9Hcm91cFJlc3VsdHM9IkZhbHNlIiAvPg0KICAgICAgICA8UXVlcnlTdHJpbmdQYXJhbWV0ZXIgTmFtZT0iY2FsbGJhY2siIFZhbHVlPSJqUXVlcnkxODIwNDQxNzU3NTkyNjY3NTg4ODVfMTQ0MTg4MzI5NTYwMiIgUmVjb3JkZWRWYWx1ZT0ialF1ZXJ5MTgyMDQ0MTc1NzU5MjY2NzU4ODg1XzE0NDE4ODMyOTU2MDIiIENvcnJlbGF0aW9uQmluZGluZz0iIiBVcmxFbmNvZGU9IkZhbHNlIiBVc2VUb0dyb3VwUmVzdWx0cz0iRmFsc2UiIC8+DQogICAgICAgIDxRdWVyeVN0cmluZ1BhcmFtZXRlciBOYW1lPSJkYXRhIiBWYWx1ZT0iJTdCJTIybmFtZSUyMiUzQSUyMk1pY3Jvc29mdC5WaXN1YWxTdHVkaW8uV2ViLkJyb3dzZXJMaW5rLkNvcmVFeHRlbnNpb25GYWN0b3J5LmNvbm5lY3RlZCUyMiUyQyUyMmNhbGxiYWNrSWQlMjIlM0ExJTdEIiBSZWNvcmRlZFZhbHVlPSIlN0IlMjJuYW1lJTIyJTNBJTIyTWljcm9zb2Z0LlZpc3VhbFN0dWRpby5XZWIuQnJvd3NlckxpbmsuQ29yZUV4dGVuc2lvbkZhY3RvcnkuY29ubmVjdGVkJTIyJTJDJTIyY2FsbGJhY2tJZCUyMiUzQTElN0QiIENvcnJlbGF0aW9uQmluZGluZz0iIiBVcmxFbmNvZGU9IkZhbHNlIiBVc2VUb0dyb3VwUmVzdWx0cz0iRmFsc2UiIC8+DQogICAgICAgIDxRdWVyeVN0cmluZ1BhcmFtZXRlciBOYW1lPSJfIiBWYWx1ZT0iMTQ0MTg4MzI5NTkzMiIgUmVjb3JkZWRWYWx1ZT0iMTQ0MTg4MzI5NTkzMiIgQ29ycmVsYXRpb25CaW5kaW5nPSIiIFVybEVuY29kZT0iRmFsc2UiIFVzZVRvR3JvdXBSZXN1bHRzPSJGYWxzZSIgLz4NCiAgICAgIDwvUXVlcnlTdHJpbmdQYXJhbWV0ZXJzPg0KICAgIDwvUmVxdWVzdD4NCiAgICA8UmVxdWVzdCBNZXRob2Q9IkdFVCIgR3VpZD0iMTc4M2NjMmMtYWE3MS00OGFlLTg3MmEtNmEyNzM2YzRlNjQwIiBWZXJzaW9uPSIxLjEiIFVybD0iaHR0cDovL2xvY2FsaG9zdDoyNjE3MS81ZWYzZmYzYzkzNzM0NTJhODEzMzlmMzBhZDkyODdiNS9hcnRlcnlTaWduYWxSL3BvbGwiIFRoaW5rVGltZT0iMCIgVGltZW91dD0iMzAwIiBQYXJzZURlcGVuZGVudFJlcXVlc3RzPSJUcnVlIiBGb2xsb3dSZWRpcmVjdHM9IlRydWUiIFJlY29yZFJlc3VsdD0iVHJ1ZSIgQ2FjaGU9IkZhbHNlIiBSZXNwb25zZVRpbWVHb2FsPSIwIiBFbmNvZGluZz0idXRmLTgiIEV4cGVjdGVkSHR0cFN0YXR1c0NvZGU9IjAiIEV4cGVjdGVkUmVzcG9uc2VVcmw9IiIgUmVwb3J0aW5nTmFtZT0iIiBJZ25vcmVIdHRwU3RhdHVzQ29kZT0iRmFsc2UiPg0KICAgICAgPEhlYWRlcnM+DQogICAgICAgIDxIZWFkZXIgTmFtZT0iUmVmZXJlciIgVmFsdWU9Imh0dHA6Ly93d3cubG9naW5kZW1vLmNvbS9Vc2Vycy9Vc2VyL0xvZ2luIiAvPg0KICAgICAgPC9IZWFkZXJzPg0KICAgICAgPFF1ZXJ5U3RyaW5nUGFyYW1ldGVycz4NCiAgICAgICAgPFF1ZXJ5U3RyaW5nUGFyYW1ldGVyIE5hbWU9InRyYW5zcG9ydCIgVmFsdWU9ImxvbmdQb2xsaW5nIiBSZWNvcmRlZFZhbHVlPSJsb25nUG9sbGluZyIgQ29ycmVsYXRpb25CaW5kaW5nPSIiIFVybEVuY29kZT0iRmFsc2UiIFVzZVRvR3JvdXBSZXN1bHRzPSJGYWxzZSIgLz4NCiAgICAgICAgPFF1ZXJ5U3RyaW5nUGFyYW1ldGVyIE5hbWU9ImNvbm5lY3Rpb25Ub2tlbiIgVmFsdWU9IkFRQUFBTkNNbmQ4QkZkRVJqSG9Bd0UlMkZDbCUyQnNCQUFBQUlvak9wJTJCcXNWRSUyQnJGMHVVVDd0V2dBQUFBQUFDQUFBQUFBQVFaZ0FBQUFFQUFDQUFBQUFDMU9LbmFBa0E2V2NJYmU5bkprTUlLaFBVZmNVZGt3eUVMZTh6azg5eXNBQUFBQUFPZ0FBQUFBSUFBQ0FBQUFDYXVyRGZZJTJCWmtvQWVVMUM1TU1zY1hOb0FoRVVoRkJZME96SVQ5ZnBwQlN6QUFBQUFIamZ4NTg1bWFQNWlxZGF3QlhZV3VDSzl4MnM4QnN2N3NlU1N4U3IzVTRWQ2dEVnN4Qk5uM0xhUEJEREpPQ214QUFBQUFLeW1vcHQlMkZqWkhHZ0tub2J0ZUIxMHhFbUJiOThVZSUyQkxvcEpYTkltQUc5VzQxaUczdVpmQW5zQTE0cjElMkZCWktZc3RZVUdyJTJGJTJGVzJVTG5hUW1iZXd1R0ElM0QlM0QiIFJlY29yZGVkVmFsdWU9IkFRQUFBTkNNbmQ4QkZkRVJqSG9Bd0UlMkZDbCUyQnNCQUFBQUlvak9wJTJCcXNWRSUyQnJGMHVVVDd0V2dBQUFBQUFDQUFBQUFBQVFaZ0FBQUFFQUFDQUFBQUFDMU9LbmFBa0E2V2NJYmU5bkprTUlLaFBVZmNVZGt3eUVMZTh6azg5eXNBQUFBQUFPZ0FBQUFBSUFBQ0FBQUFDYXVyRGZZJTJCWmtvQWVVMUM1TU1zY1hOb0FoRVVoRkJZME96SVQ5ZnBwQlN6QUFBQUFIamZ4NTg1bWFQNWlxZGF3QlhZV3VDSzl4MnM4QnN2N3NlU1N4U3IzVTRWQ2dEVnN4Qk5uM0xhUEJEREpPQ214QUFBQUFLeW1vcHQlMkZqWkhHZ0tub2J0ZUIxMHhFbUJiOThVZSUyQkxvcEpYTkltQUc5VzQxaUczdVpmQW5zQTE0cjElMkZCWktZc3RZVUdyJTJGJTJGVzJVTG5hUW1iZXd1R0ElM0QlM0QiIENvcnJlbGF0aW9uQmluZGluZz0iIiBVcmxFbmNvZGU9IkZhbHNlIiBVc2VUb0dyb3VwUmVzdWx0cz0iRmFsc2UiIC8+DQogICAgICAgIDxRdWVyeVN0cmluZ1BhcmFtZXRlciBOYW1lPSJtZXNzYWdlSWQiIFZhbHVlPSJkLTY2NDVFRDA4LUIlMkMwJTdDSyUyQzElN0NMJTJDMCIgUmVjb3JkZWRWYWx1ZT0iZC02NjQ1RUQwOC1CJTJDMCU3Q0slMkMxJTdDTCUyQzAiIENvcnJlbGF0aW9uQmluZGluZz0iIiBVcmxFbmNvZGU9IkZhbHNlIiBVc2VUb0dyb3VwUmVzdWx0cz0iRmFsc2UiIC8+DQogICAgICAgIDxRdWVyeVN0cmluZ1BhcmFtZXRlciBOYW1lPSJyZXF1ZXN0VXJsIiBWYWx1ZT0iaHR0cCUzQSUyRiUyRnd3dy5sb2dpbmRlbW8uY29tJTJGVXNlcnMlMkZVc2VyJTJGTG9naW4iIFJlY29yZGVkVmFsdWU9Imh0dHAlM0ElMkYlMkZ3d3cubG9naW5kZW1vLmNvbSUyRlVzZXJzJTJGVXNlciUyRkxvZ2luIiBDb3JyZWxhdGlvbkJpbmRpbmc9IiIgVXJsRW5jb2RlPSJGYWxzZSIgVXNlVG9Hcm91cFJlc3VsdHM9IkZhbHNlIiAvPg0KICAgICAgICA8UXVlcnlTdHJpbmdQYXJhbWV0ZXIgTmFtZT0iYnJvd3Nlck5hbWUiIFZhbHVlPSJJbnRlcm5ldEV4cGxvcmVyIiBSZWNvcmRlZFZhbHVlPSJJbnRlcm5ldEV4cGxvcmVyIiBDb3JyZWxhdGlvbkJpbmRpbmc9IiIgVXJsRW5jb2RlPSJGYWxzZSIgVXNlVG9Hcm91cFJlc3VsdHM9IkZhbHNlIiAvPg0KICAgICAgICA8UXVlcnlTdHJpbmdQYXJhbWV0ZXIgTmFtZT0idGlkIiBWYWx1ZT0iMyIgUmVjb3JkZWRWYWx1ZT0iMyIgQ29ycmVsYXRpb25CaW5kaW5nPSIiIFVybEVuY29kZT0iRmFsc2UiIFVzZVRvR3JvdXBSZXN1bHRzPSJGYWxzZSIgLz4NCiAgICAgICAgPFF1ZXJ5U3RyaW5nUGFyYW1ldGVyIE5hbWU9ImNhbGxiYWNrIiBWYWx1ZT0ialF1ZXJ5MTgyMDQ0MTc1NzU5MjY2NzU4ODg1XzE0NDE4ODMyOTU2MDMiIFJlY29yZGVkVmFsdWU9ImpRdWVyeTE4MjA0NDE3NTc1OTI2Njc1ODg4NV8xNDQxODgzMjk1NjAzIiBDb3JyZWxhdGlvbkJpbmRpbmc9IiIgVXJsRW5jb2RlPSJGYWxzZSIgVXNlVG9Hcm91cFJlc3VsdHM9IkZhbHNlIiAvPg0KICAgICAgICA8UXVlcnlTdHJpbmdQYXJhbWV0ZXIgTmFtZT0iXyIgVmFsdWU9IjE0NDE4ODMyOTU5MzQiIFJlY29yZGVkVmFsdWU9IjE0NDE4ODMyOTU5MzQiIENvcnJlbGF0aW9uQmluZGluZz0iIiBVcmxFbmNvZGU9IkZhbHNlIiBVc2VUb0dyb3VwUmVzdWx0cz0iRmFsc2UiIC8+DQogICAgICA8L1F1ZXJ5U3RyaW5nUGFyYW1ldGVycz4NCiAgICA8L1JlcXVlc3Q+DQogICAgPFJlcXVlc3QgTWV0aG9kPSJHRVQiIEd1aWQ9ImYwYWY1M2M1LTVhN2ItNDJhYy04NWQ3LTI2ZjJmNDQwMGNlNSIgVmVyc2lvbj0iMS4xIiBVcmw9Imh0dHA6Ly9sb2NhbGhvc3Q6MjYxNzEvNWVmM2ZmM2M5MzczNDUyYTgxMzM5ZjMwYWQ5Mjg3YjUvYXJ0ZXJ5U2lnbmFsUi9zZW5kIiBUaGlua1RpbWU9IjAiIFRpbWVvdXQ9IjMwMCIgUGFyc2VEZXBlbmRlbnRSZXF1ZXN0cz0iVHJ1ZSIgRm9sbG93UmVkaXJlY3RzPSJUcnVlIiBSZWNvcmRSZXN1bHQ9IlRydWUiIENhY2hlPSJGYWxzZSIgUmVzcG9uc2VUaW1lR29hbD0iMCIgRW5jb2Rpbmc9InV0Zi04IiBFeHBlY3RlZEh0dHBTdGF0dXNDb2RlPSIwIiBFeHBlY3RlZFJlc3BvbnNlVXJsPSIiIFJlcG9ydGluZ05hbWU9IiIgSWdub3JlSHR0cFN0YXR1c0NvZGU9IkZhbHNlIj4NCiAgICAgIDxIZWFkZXJzPg0KICAgICAgICA8SGVhZGVyIE5hbWU9IlJlZmVyZXIiIFZhbHVlPSJodHRwOi8vd3d3LmxvZ2luZGVtby5jb20vVXNlcnMvVXNlci9Mb2dpbiIgLz4NCiAgICAgIDwvSGVhZGVycz4NCiAgICAgIDxRdWVyeVN0cmluZ1BhcmFtZXRlcnM+DQogICAgICAgIDxRdWVyeVN0cmluZ1BhcmFtZXRlciBOYW1lPSJ0cmFuc3BvcnQiIFZhbHVlPSJsb25nUG9sbGluZyIgUmVjb3JkZWRWYWx1ZT0ibG9uZ1BvbGxpbmciIENvcnJlbGF0aW9uQmluZGluZz0iIiBVcmxFbmNvZGU9IkZhbHNlIiBVc2VUb0dyb3VwUmVzdWx0cz0iRmFsc2UiIC8+DQogICAgICAgIDxRdWVyeVN0cmluZ1BhcmFtZXRlciBOYW1lPSJjb25uZWN0aW9uVG9rZW4iIFZhbHVlPSJBUUFBQU5DTW5kOEJGZEVSakhvQXdFJTJGQ2wlMkJzQkFBQUFJb2pPcCUyQnFzVkUlMkJyRjB1VVQ3dFdnQUFBQUFBQ0FBQUFBQUFRWmdBQUFBRUFBQ0FBQUFBQzFPS25hQWtBNldjSWJlOW5Ka01JS2hQVWZjVWRrd3lFTGU4ems4OXlzQUFBQUFBT2dBQUFBQUlBQUNBQUFBQ2F1ckRmWSUyQlprb0FlVTFDNU1Nc2NYTm9BaEVVaEZCWTBPeklUOWZwcEJTekFBQUFBSGpmeDU4NW1hUDVpcWRhd0JYWVd1Q0s5eDJzOEJzdjdzZVNTeFNyM1U0VkNnRFZzeEJObjNMYVBCRERKT0NteEFBQUFBS3ltb3B0JTJGalpIR2dLbm9idGVCMTB4RW1CYjk4VWUlMkJMb3BKWE5JbUFHOVc0MWlHM3VaZkFuc0ExNHIxJTJGQlpLWXN0WVVHciUyRiUyRlcyVUxuYVFtYmV3dUdBJTNEJTNEIiBSZWNvcmRlZFZhbHVlPSJBUUFBQU5DTW5kOEJGZEVSakhvQXdFJTJGQ2wlMkJzQkFBQUFJb2pPcCUyQnFzVkUlMkJyRjB1VVQ3dFdnQUFBQUFBQ0FBQUFBQUFRWmdBQUFBRUFBQ0FBQUFBQzFPS25hQWtBNldjSWJlOW5Ka01JS2hQVWZjVWRrd3lFTGU4ems4OXlzQUFBQUFBT2dBQUFBQUlBQUNBQUFBQ2F1ckRmWSUyQlprb0FlVTFDNU1Nc2NYTm9BaEVVaEZCWTBPeklUOWZwcEJTekFBQUFBSGpmeDU4NW1hUDVpcWRhd0JYWVd1Q0s5eDJzOEJzdjdzZVNTeFNyM1U0VkNnRFZzeEJObjNMYVBCRERKT0NteEFBQUFBS3ltb3B0JTJGalpIR2dLbm9idGVCMTB4RW1CYjk4VWUlMkJMb3BKWE5JbUFHOVc0MWlHM3VaZkFuc0ExNHIxJTJGQlpLWXN0WVVHciUyRiUyRlcyVUxuYVFtYmV3dUdBJTNEJTNEIiBDb3JyZWxhdGlvbkJpbmRpbmc9IiIgVXJsRW5jb2RlPSJGYWxzZSIgVXNlVG9Hcm91cFJlc3VsdHM9IkZhbHNlIiAvPg0KICAgICAgICA8UXVlcnlTdHJpbmdQYXJhbWV0ZXIgTmFtZT0icmVxdWVzdFVybCIgVmFsdWU9Imh0dHAlM0ElMkYlMkZ3d3cubG9naW5kZW1vLmNvbSUyRlVzZXJzJTJGVXNlciUyRkxvZ2luIiBSZWNvcmRlZFZhbHVlPSJodHRwJTNBJTJGJTJGd3d3LmxvZ2luZGVtby5jb20lMkZVc2VycyUyRlVzZXIlMkZMb2dpbiIgQ29ycmVsYXRpb25CaW5kaW5nPSIiIFVybEVuY29kZT0iRmFsc2UiIFVzZVRvR3JvdXBSZXN1bHRzPSJGYWxzZSIgLz4NCiAgICAgICAgPFF1ZXJ5U3RyaW5nUGFyYW1ldGVyIE5hbWU9ImJyb3dzZXJOYW1lIiBWYWx1ZT0iSW50ZXJuZXRFeHBsb3JlciIgUmVjb3JkZWRWYWx1ZT0iSW50ZXJuZXRFeHBsb3JlciIgQ29ycmVsYXRpb25CaW5kaW5nPSIiIFVybEVuY29kZT0iRmFsc2UiIFVzZVRvR3JvdXBSZXN1bHRzPSJGYWxzZSIgLz4NCiAgICAgICAgPFF1ZXJ5U3RyaW5nUGFyYW1ldGVyIE5hbWU9ImNhbGxiYWNrIiBWYWx1ZT0ialF1ZXJ5MTgyMDQ0MTc1NzU5MjY2NzU4ODg1XzE0NDE4ODMyOTU2MDMiIFJlY29yZGVkVmFsdWU9ImpRdWVyeTE4MjA0NDE3NTc1OTI2Njc1ODg4NV8xNDQxODgzMjk1NjAzIiBDb3JyZWxhdGlvbkJpbmRpbmc9IiIgVXJsRW5jb2RlPSJGYWxzZSIgVXNlVG9Hcm91cFJlc3VsdHM9IkZhbHNlIiAvPg0KICAgICAgICA8UXVlcnlTdHJpbmdQYXJhbWV0ZXIgTmFtZT0iZGF0YSIgVmFsdWU9IiU3QiUyMm5hbWUlMjIlM0ElMjJtaWNyb3NvZnQudmlzdWFsc3R1ZGlvLndlYi5icm93c2VybGluay5odG1sbWFwcGluZ2V4dGVuc2lvbmZhY3RvcnkucmVzb2x2ZVVybCUyMiUyQyUyMmFyZ3MlMjIlM0ElNUIlMjJ+JTJGX19icm93c2VyTGluayUyRnJlcXVlc3REYXRhJTJGZjFhMDAyMzllMjBlNDU0ZDhiNjI1MTNhMjcyN2Q1ZmQlMjIlNUQlMkMlMjJjYWxsYmFja0lkJTIyJTNBMiU3RCIgUmVjb3JkZWRWYWx1ZT0iJTdCJTIybmFtZSUyMiUzQSUyMm1pY3Jvc29mdC52aXN1YWxzdHVkaW8ud2ViLmJyb3dzZXJsaW5rLmh0bWxtYXBwaW5nZXh0ZW5zaW9uZmFjdG9yeS5yZXNvbHZlVXJsJTIyJTJDJTIyYXJncyUyMiUzQSU1QiUyMn4lMkZfX2Jyb3dzZXJMaW5rJTJGcmVxdWVzdERhdGElMkZmMWEwMDIzOWUyMGU0NTRkOGI2MjUxM2EyNzI3ZDVmZCUyMiU1RCUyQyUyMmNhbGxiYWNrSWQlMjIlM0EyJTdEIiBDb3JyZWxhdGlvbkJpbmRpbmc9IiIgVXJsRW5jb2RlPSJGYWxzZSIgVXNlVG9Hcm91cFJlc3VsdHM9IkZhbHNlIiAvPg0KICAgICAgICA8UXVlcnlTdHJpbmdQYXJhbWV0ZXIgTmFtZT0iXyIgVmFsdWU9IjE0NDE4ODMyOTU5NDIiIFJlY29yZGVkVmFsdWU9IjE0NDE4ODMyOTU5NDIiIENvcnJlbGF0aW9uQmluZGluZz0iIiBVcmxFbmNvZGU9IkZhbHNlIiBVc2VUb0dyb3VwUmVzdWx0cz0iRmFsc2UiIC8+DQogICAgICA8L1F1ZXJ5U3RyaW5nUGFyYW1ldGVycz4NCiAgICA8L1JlcXVlc3Q+DQogICAgPFJlcXVlc3QgTWV0aG9kPSJHRVQiIEd1aWQ9ImZlMTRiNjYxLTEyNWMtNDUwYy1iNjgzLTlhNjE5NDk4OTdlMSIgVmVyc2lvbj0iMS4xIiBVcmw9Imh0dHA6Ly9sb2NhbGhvc3Q6MjYxNzEvNWVmM2ZmM2M5MzczNDUyYTgxMzM5ZjMwYWQ5Mjg3YjUvYXJ0ZXJ5U2lnbmFsUi9wb2xsIiBUaGlua1RpbWU9IjMiIFRpbWVvdXQ9IjMwMCIgUGFyc2VEZXBlbmRlbnRSZXF1ZXN0cz0iVHJ1ZSIgRm9sbG93UmVkaXJlY3RzPSJUcnVlIiBSZWNvcmRSZXN1bHQ9IlRydWUiIENhY2hlPSJGYWxzZSIgUmVzcG9uc2VUaW1lR29hbD0iMCIgRW5jb2Rpbmc9InV0Zi04IiBFeHBlY3RlZEh0dHBTdGF0dXNDb2RlPSIwIiBFeHBlY3RlZFJlc3BvbnNlVXJsPSIiIFJlcG9ydGluZ05hbWU9IiIgSWdub3JlSHR0cFN0YXR1c0NvZGU9IkZhbHNlIj4NCiAgICAgIDxIZWFkZXJzPg0KICAgICAgICA8SGVhZGVyIE5hbWU9IlJlZmVyZXIiIFZhbHVlPSJodHRwOi8vd3d3LmxvZ2luZGVtby5jb20vVXNlcnMvVXNlci9Mb2dpbiIgLz4NCiAgICAgIDwvSGVhZGVycz4NCiAgICAgIDxRdWVyeVN0cmluZ1BhcmFtZXRlcnM+DQogICAgICAgIDxRdWVyeVN0cmluZ1BhcmFtZXRlciBOYW1lPSJ0cmFuc3BvcnQiIFZhbHVlPSJsb25nUG9sbGluZyIgUmVjb3JkZWRWYWx1ZT0ibG9uZ1BvbGxpbmciIENvcnJlbGF0aW9uQmluZGluZz0iIiBVcmxFbmNvZGU9IkZhbHNlIiBVc2VUb0dyb3VwUmVzdWx0cz0iRmFsc2UiIC8+DQogICAgICAgIDxRdWVyeVN0cmluZ1BhcmFtZXRlciBOYW1lPSJjb25uZWN0aW9uVG9rZW4iIFZhbHVlPSJBUUFBQU5DTW5kOEJGZEVSakhvQXdFJTJGQ2wlMkJzQkFBQUFJb2pPcCUyQnFzVkUlMkJyRjB1VVQ3dFdnQUFBQUFBQ0FBQUFBQUFRWmdBQUFBRUFBQ0FBQUFBQzFPS25hQWtBNldjSWJlOW5Ka01JS2hQVWZjVWRrd3lFTGU4ems4OXlzQUFBQUFBT2dBQUFBQUlBQUNBQUFBQ2F1ckRmWSUyQlprb0FlVTFDNU1Nc2NYTm9BaEVVaEZCWTBPeklUOWZwcEJTekFBQUFBSGpmeDU4NW1hUDVpcWRhd0JYWVd1Q0s5eDJzOEJzdjdzZVNTeFNyM1U0VkNnRFZzeEJObjNMYVBCRERKT0NteEFBQUFBS3ltb3B0JTJGalpIR2dLbm9idGVCMTB4RW1CYjk4VWUlMkJMb3BKWE5JbUFHOVc0MWlHM3VaZkFuc0ExNHIxJTJGQlpLWXN0WVVHciUyRiUyRlcyVUxuYVFtYmV3dUdBJTNEJTNEIiBSZWNvcmRlZFZhbHVlPSJBUUFBQU5DTW5kOEJGZEVSakhvQXdFJTJGQ2wlMkJzQkFBQUFJb2pPcCUyQnFzVkUlMkJyRjB1VVQ3dFdnQUFBQUFBQ0FBQUFBQUFRWmdBQUFBRUFBQ0FBQUFBQzFPS25hQWtBNldjSWJlOW5Ka01JS2hQVWZjVWRrd3lFTGU4ems4OXlzQUFBQUFBT2dBQUFBQUlBQUNBQUFBQ2F1ckRmWSUyQlprb0FlVTFDNU1Nc2NYTm9BaEVVaEZCWTBPeklUOWZwcEJTekFBQUFBSGpmeDU4NW1hUDVpcWRhd0JYWVd1Q0s5eDJzOEJzdjdzZVNTeFNyM1U0VkNnRFZzeEJObjNMYVBCRERKT0NteEFBQUFBS3ltb3B0JTJGalpIR2dLbm9idGVCMTB4RW1CYjk4VWUlMkJMb3BKWE5JbUFHOVc0MWlHM3VaZkFuc0ExNHIxJTJGQlpLWXN0WVVHciUyRiUyRlcyVUxuYVFtYmV3dUdBJTNEJTNEIiBDb3JyZWxhdGlvbkJpbmRpbmc9IiIgVXJsRW5jb2RlPSJGYWxzZSIgVXNlVG9Hcm91cFJlc3VsdHM9IkZhbHNlIiAvPg0KICAgICAgICA8UXVlcnlTdHJpbmdQYXJhbWV0ZXIgTmFtZT0ibWVzc2FnZUlkIiBWYWx1ZT0iZC02NjQ1RUQwOC1CJTJDMCU3Q0slMkMyJTdDTCUyQzAiIFJlY29yZGVkVmFsdWU9ImQtNjY0NUVEMDgtQiUyQzAlN0NLJTJDMiU3Q0wlMkMwIiBDb3JyZWxhdGlvbkJpbmRpbmc9IiIgVXJsRW5jb2RlPSJGYWxzZSIgVXNlVG9Hcm91cFJlc3VsdHM9IkZhbHNlIiAvPg0KICAgICAgICA8UXVlcnlTdHJpbmdQYXJhbWV0ZXIgTmFtZT0icmVxdWVzdFVybCIgVmFsdWU9Imh0dHAlM0ElMkYlMkZ3d3cubG9naW5kZW1vLmNvbSUyRlVzZXJzJTJGVXNlciUyRkxvZ2luIiBSZWNvcmRlZFZhbHVlPSJodHRwJTNBJTJGJTJGd3d3LmxvZ2luZGVtby5jb20lMkZVc2VycyUyRlVzZXIlMkZMb2dpbiIgQ29ycmVsYXRpb25CaW5kaW5nPSIiIFVybEVuY29kZT0iRmFsc2UiIFVzZVRvR3JvdXBSZXN1bHRzPSJGYWxzZSIgLz4NCiAgICAgICAgPFF1ZXJ5U3RyaW5nUGFyYW1ldGVyIE5hbWU9ImJyb3dzZXJOYW1lIiBWYWx1ZT0iSW50ZXJuZXRFeHBsb3JlciIgUmVjb3JkZWRWYWx1ZT0iSW50ZXJuZXRFeHBsb3JlciIgQ29ycmVsYXRpb25CaW5kaW5nPSIiIFVybEVuY29kZT0iRmFsc2UiIFVzZVRvR3JvdXBSZXN1bHRzPSJGYWxzZSIgLz4NCiAgICAgICAgPFF1ZXJ5U3RyaW5nUGFyYW1ldGVyIE5hbWU9InRpZCIgVmFsdWU9IjYiIFJlY29yZGVkVmFsdWU9IjYiIENvcnJlbGF0aW9uQmluZGluZz0iIiBVcmxFbmNvZGU9IkZhbHNlIiBVc2VUb0dyb3VwUmVzdWx0cz0iRmFsc2UiIC8+DQogICAgICAgIDxRdWVyeVN0cmluZ1BhcmFtZXRlciBOYW1lPSJjYWxsYmFjayIgVmFsdWU9ImpRdWVyeTE4MjA0NDE3NTc1OTI2Njc1ODg4NV8xNDQxODgzMjk1NjAyIiBSZWNvcmRlZFZhbHVlPSJqUXVlcnkxODIwNDQxNzU3NTkyNjY3NTg4ODVfMTQ0MTg4MzI5NTYwMiIgQ29ycmVsYXRpb25CaW5kaW5nPSIiIFVybEVuY29kZT0iRmFsc2UiIFVzZVRvR3JvdXBSZXN1bHRzPSJGYWxzZSIgLz4NCiAgICAgICAgPFF1ZXJ5U3RyaW5nUGFyYW1ldGVyIE5hbWU9Il8iIFZhbHVlPSIxNDQxODgzMjk1OTQ0IiBSZWNvcmRlZFZhbHVlPSIxNDQxODgzMjk1OTQ0IiBDb3JyZWxhdGlvbkJpbmRpbmc9IiIgVXJsRW5jb2RlPSJGYWxzZSIgVXNlVG9Hcm91cFJlc3VsdHM9IkZhbHNlIiAvPg0KICAgICAgPC9RdWVyeVN0cmluZ1BhcmFtZXRlcnM+DQogICAgPC9SZXF1ZXN0Pg0KICAgIDxSZXF1ZXN0IE1ldGhvZD0iUE9TVCIgR3VpZD0iMThjODllZTItYzJiOS00Yjk1LTk4N2MtODNlODUzZDhlZjlmIiBWZXJzaW9uPSIxLjEiIFVybD0iaHR0cDovL3d3dy5sb2dpbmRlbW8uY29tL1VzZXJzL1VzZXIvTG9naW4iIFRoaW5rVGltZT0iMCIgVGltZW91dD0iMzAwIiBQYXJzZURlcGVuZGVudFJlcXVlc3RzPSJUcnVlIiBGb2xsb3dSZWRpcmVjdHM9IlRydWUiIFJlY29yZFJlc3VsdD0iVHJ1ZSIgQ2FjaGU9IkZhbHNlIiBSZXNwb25zZVRpbWVHb2FsPSIwIiBFbmNvZGluZz0idXRmLTgiIEV4cGVjdGVkSHR0cFN0YXR1c0NvZGU9IjAiIEV4cGVjdGVkUmVzcG9uc2VVcmw9IiIgUmVwb3J0aW5nTmFtZT0iIiBJZ25vcmVIdHRwU3RhdHVzQ29kZT0iRmFsc2UiPg0KICAgICAgPEhlYWRlcnM+DQogICAgICAgIDxIZWFkZXIgTmFtZT0iQWNjZXB0IiBWYWx1ZT0iYXBwbGljYXRpb24vanNvbiwgdGV4dC9qYXZhc2NyaXB0LCAqLyo7IHE9MC4wMSIgLz4NCiAgICAgICAgPEhlYWRlciBOYW1lPSJYLVJlcXVlc3RlZC1XaXRoIiBWYWx1ZT0iWE1MSHR0cFJlcXVlc3QiIC8+DQogICAgICAgIDxIZWFkZXIgTmFtZT0iUmVmZXJlciIgVmFsdWU9Imh0dHA6Ly93d3cubG9naW5kZW1vLmNvbS9Vc2Vycy9Vc2VyL0xvZ2luIiAvPg0KICAgICAgPC9IZWFkZXJzPg0KICAgICAgPEZvcm1Qb3N0SHR0cEJvZHk+DQogICAgICAgIDxGb3JtUG9zdFBhcmFtZXRlciBOYW1lPSJ1c2VyTmFtZSIgVmFsdWU9InVzZXIiIFJlY29yZGVkVmFsdWU9InVzZXIiIENvcnJlbGF0aW9uQmluZGluZz0iIiBVcmxFbmNvZGU9IlRydWUiIC8+DQogICAgICAgIDxGb3JtUG9zdFBhcmFtZXRlciBOYW1lPSJ1c2VyUHdkIiBWYWx1ZT0idXNlciIgUmVjb3JkZWRWYWx1ZT0idXNlciIgQ29ycmVsYXRpb25CaW5kaW5nPSIiIFVybEVuY29kZT0iVHJ1ZSIgLz4NCiAgICAgIDwvRm9ybVBvc3RIdHRwQm9keT4NCiAgICA8L1JlcXVlc3Q+DQogICAgPFJlcXVlc3QgTWV0aG9kPSJHRVQiIEd1aWQ9IjBiMDM0OTQyLTlkYWQtNGY5Ni04ZGY3LTI2N2JhOTM5OThlYSIgVmVyc2lvbj0iMS4xIiBVcmw9Imh0dHA6Ly93d3cubG9naW5kZW1vLmNvbS9Vc2Vycy9Vc2VyL1VzZXJMaXN0IiBUaGlua1RpbWU9IjAiIFRpbWVvdXQ9IjMwMCIgUGFyc2VEZXBlbmRlbnRSZXF1ZXN0cz0iVHJ1ZSIgRm9sbG93UmVkaXJlY3RzPSJUcnVlIiBSZWNvcmRSZXN1bHQ9IlRydWUiIENhY2hlPSJGYWxzZSIgUmVzcG9uc2VUaW1lR29hbD0iMCIgRW5jb2Rpbmc9InV0Zi04IiBFeHBlY3RlZEh0dHBTdGF0dXNDb2RlPSIwIiBFeHBlY3RlZFJlc3BvbnNlVXJsPSIiIFJlcG9ydGluZ05hbWU9IiIgSWdub3JlSHR0cFN0YXR1c0NvZGU9IkZhbHNlIj4NCiAgICAgIDxIZWFkZXJzPg0KICAgICAgICA8SGVhZGVyIE5hbWU9IlJlZmVyZXIiIFZhbHVlPSJodHRwOi8vd3d3LmxvZ2luZGVtby5jb20vVXNlcnMvVXNlci9Mb2dpbiIgLz4NCiAgICAgIDwvSGVhZGVycz4NCiAgICA8L1JlcXVlc3Q+DQogICAgPFJlcXVlc3QgTWV0aG9kPSJHRVQiIEd1aWQ9IjViNTgxYWM4LTk4ZTEtNDUyOC05NjkyLWRiZGExODA5ZTJlNyIgVmVyc2lvbj0iMS4xIiBVcmw9Imh0dHA6Ly9sb2NhbGhvc3Q6MjYxNzEvNWVmM2ZmM2M5MzczNDUyYTgxMzM5ZjMwYWQ5Mjg3YjUvYXJ0ZXJ5U2lnbmFsUi9uZWdvdGlhdGUiIFRoaW5rVGltZT0iMCIgVGltZW91dD0iMzAwIiBQYXJzZURlcGVuZGVudFJlcXVlc3RzPSJUcnVlIiBGb2xsb3dSZWRpcmVjdHM9IlRydWUiIFJlY29yZFJlc3VsdD0iVHJ1ZSIgQ2FjaGU9IkZhbHNlIiBSZXNwb25zZVRpbWVHb2FsPSIwIiBFbmNvZGluZz0idXRmLTgiIEV4cGVjdGVkSHR0cFN0YXR1c0NvZGU9IjAiIEV4cGVjdGVkUmVzcG9uc2VVcmw9IiIgUmVwb3J0aW5nTmFtZT0iIiBJZ25vcmVIdHRwU3RhdHVzQ29kZT0iRmFsc2UiPg0KICAgICAgPEhlYWRlcnM+DQogICAgICAgIDxIZWFkZXIgTmFtZT0iUmVmZXJlciIgVmFsdWU9Imh0dHA6Ly93d3cubG9naW5kZW1vLmNvbS9Vc2Vycy9Vc2VyL1VzZXJMaXN0IiAvPg0KICAgICAgPC9IZWFkZXJzPg0KICAgICAgPFF1ZXJ5U3RyaW5nUGFyYW1ldGVycz4NCiAgICAgICAgPFF1ZXJ5U3RyaW5nUGFyYW1ldGVyIE5hbWU9InJlcXVlc3RVcmwiIFZhbHVlPSJodHRwJTNBJTJGJTJGd3d3LmxvZ2luZGVtby5jb20lMkZVc2VycyUyRlVzZXIlMkZVc2VyTGlzdCIgUmVjb3JkZWRWYWx1ZT0iaHR0cCUzQSUyRiUyRnd3dy5sb2dpbmRlbW8uY29tJTJGVXNlcnMlMkZVc2VyJTJGVXNlckxpc3QiIENvcnJlbGF0aW9uQmluZGluZz0iIiBVcmxFbmNvZGU9IkZhbHNlIiBVc2VUb0dyb3VwUmVzdWx0cz0iRmFsc2UiIC8+DQogICAgICAgIDxRdWVyeVN0cmluZ1BhcmFtZXRlciBOYW1lPSJicm93c2VyTmFtZSIgVmFsdWU9IkludGVybmV0RXhwbG9yZXIiIFJlY29yZGVkVmFsdWU9IkludGVybmV0RXhwbG9yZXIiIENvcnJlbGF0aW9uQmluZGluZz0iIiBVcmxFbmNvZGU9IkZhbHNlIiBVc2VUb0dyb3VwUmVzdWx0cz0iRmFsc2UiIC8+DQogICAgICAgIDxRdWVyeVN0cmluZ1BhcmFtZXRlciBOYW1lPSJjbGllbnRQcm90b2NvbCIgVmFsdWU9IjEuMyIgUmVjb3JkZWRWYWx1ZT0iMS4zIiBDb3JyZWxhdGlvbkJpbmRpbmc9IiIgVXJsRW5jb2RlPSJGYWxzZSIgVXNlVG9Hcm91cFJlc3VsdHM9IkZhbHNlIiAvPg0KICAgICAgICA8UXVlcnlTdHJpbmdQYXJhbWV0ZXIgTmFtZT0iY2FsbGJhY2siIFZhbHVlPSJqUXVlcnkxODIwMTUyNDc5ODE1NjU1NzQ4MDhfMTQ0MTg4MzI5OTM1OSIgUmVjb3JkZWRWYWx1ZT0ialF1ZXJ5MTgyMDE1MjQ3OTgxNTY1NTc0ODA4XzE0NDE4ODMyOTkzNTkiIENvcnJlbGF0aW9uQmluZGluZz0iIiBVcmxFbmNvZGU9IkZhbHNlIiBVc2VUb0dyb3VwUmVzdWx0cz0iRmFsc2UiIC8+DQogICAgICAgIDxRdWVyeVN0cmluZ1BhcmFtZXRlciBOYW1lPSJfIiBWYWx1ZT0iMTQ0MTg4MzI5OTM5NiIgUmVjb3JkZWRWYWx1ZT0iMTQ0MTg4MzI5OTM5NiIgQ29ycmVsYXRpb25CaW5kaW5nPSIiIFVybEVuY29kZT0iRmFsc2UiIFVzZVRvR3JvdXBSZXN1bHRzPSJGYWxzZSIgLz4NCiAgICAgIDwvUXVlcnlTdHJpbmdQYXJhbWV0ZXJzPg0KICAgIDwvUmVxdWVzdD4NCiAgICA8UmVxdWVzdCBNZXRob2Q9IkdFVCIgR3VpZD0iNGMyNGFjNTQtNDI0OC00OTc1LThkOGMtZWUyOTgzMDgzMTg0IiBWZXJzaW9uPSIxLjEiIFVybD0iaHR0cDovL2xvY2FsaG9zdDoyNjE3MS81ZWYzZmYzYzkzNzM0NTJhODEzMzlmMzBhZDkyODdiNS9hcnRlcnlTaWduYWxSL2Nvbm5lY3QiIFRoaW5rVGltZT0iMCIgVGltZW91dD0iMzAwIiBQYXJzZURlcGVuZGVudFJlcXVlc3RzPSJUcnVlIiBGb2xsb3dSZWRpcmVjdHM9IlRydWUiIFJlY29yZFJlc3VsdD0iVHJ1ZSIgQ2FjaGU9IkZhbHNlIiBSZXNwb25zZVRpbWVHb2FsPSIwIiBFbmNvZGluZz0idXRmLTgiIEV4cGVjdGVkSHR0cFN0YXR1c0NvZGU9IjAiIEV4cGVjdGVkUmVzcG9uc2VVcmw9IiIgUmVwb3J0aW5nTmFtZT0iIiBJZ25vcmVIdHRwU3RhdHVzQ29kZT0iRmFsc2UiPg0KICAgICAgPEhlYWRlcnM+DQogICAgICAgIDxIZWFkZXIgTmFtZT0iUmVmZXJlciIgVmFsdWU9Imh0dHA6Ly93d3cubG9naW5kZW1vLmNvbS9Vc2Vycy9Vc2VyL1VzZXJMaXN0IiAvPg0KICAgICAgPC9IZWFkZXJzPg0KICAgICAgPFF1ZXJ5U3RyaW5nUGFyYW1ldGVycz4NCiAgICAgICAgPFF1ZXJ5U3RyaW5nUGFyYW1ldGVyIE5hbWU9InRyYW5zcG9ydCIgVmFsdWU9ImxvbmdQb2xsaW5nIiBSZWNvcmRlZFZhbHVlPSJsb25nUG9sbGluZyIgQ29ycmVsYXRpb25CaW5kaW5nPSIiIFVybEVuY29kZT0iRmFsc2UiIFVzZVRvR3JvdXBSZXN1bHRzPSJGYWxzZSIgLz4NCiAgICAgICAgPFF1ZXJ5U3RyaW5nUGFyYW1ldGVyIE5hbWU9ImNvbm5lY3Rpb25Ub2tlbiIgVmFsdWU9IkFRQUFBTkNNbmQ4QkZkRVJqSG9Bd0UlMkZDbCUyQnNCQUFBQUlvak9wJTJCcXNWRSUyQnJGMHVVVDd0V2dBQUFBQUFDQUFBQUFBQVFaZ0FBQUFFQUFDQUFBQURTbzd2ZW5KQ2Y4RkpJMWdnMzBSV1hrTmglMkJENHpHMTNiWjhFV25SMFhDWFFBQUFBQU9nQUFBQUFJQUFDQUFBQURhOUphWU9OeDJPREtkJTJGZjd2VnVRazZDSEVPMyUyRmdEdjklMkJBdVpiYWJKS3NqQUFBQUJCRkNTNnZWdmFHTyUyRlFGa2tTJTJGOVdIOUs0ZHJPanVHUk4lMkJXa3RvMmtGVlhqMm5GaUc2SE5MNjJFWkYydGMzTmE5QUFBQUF0TzA0ZThLaDBrMGt2RGlIWlN5blA1eEloM3RyV3JTUXhJQUZ6JTJGOCUyRnFweWslMkZTUHRrTE1UYnp5Wkgydk0wQjhYQUJuRW9OTTdRb1E2diUyQlg5aGpQdE53JTNEJTNEIiBSZWNvcmRlZFZhbHVlPSJBUUFBQU5DTW5kOEJGZEVSakhvQXdFJTJGQ2wlMkJzQkFBQUFJb2pPcCUyQnFzVkUlMkJyRjB1VVQ3dFdnQUFBQUFBQ0FBQUFBQUFRWmdBQUFBRUFBQ0FBQUFEU283dmVuSkNmOEZKSTFnZzMwUldYa05oJTJCRDR6RzEzYlo4RVduUjBYQ1hRQUFBQUFPZ0FBQUFBSUFBQ0FBQUFEYTlKYVlPTngyT0RLZCUyRmY3dlZ1UWs2Q0hFTzMlMkZnRHY5JTJCQXVaYmFiSktzakFBQUFCQkZDUzZ2VnZhR08lMkZRRmtrUyUyRjlXSDlLNGRyT2p1R1JOJTJCV2t0bzJrRlZYajJuRmlHNkhOTDYyRVpGMnRjM05hOUFBQUFBdE8wNGU4S2gwazBrdkRpSFpTeW5QNXhJaDN0cldyU1F4SUFGeiUyRjglMkZxcHlrJTJGU1B0a0xNVGJ6eVpIMnZNMEI4WEFCbkVvTk03UW9RNnYlMkJYOWhqUHROdyUzRCUzRCIgQ29ycmVsYXRpb25CaW5kaW5nPSIiIFVybEVuY29kZT0iRmFsc2UiIFVzZVRvR3JvdXBSZXN1bHRzPSJGYWxzZSIgLz4NCiAgICAgICAgPFF1ZXJ5U3RyaW5nUGFyYW1ldGVyIE5hbWU9InJlcXVlc3RVcmwiIFZhbHVlPSJodHRwJTNBJTJGJTJGd3d3LmxvZ2luZGVtby5jb20lMkZVc2VycyUyRlVzZXIlMkZVc2VyTGlzdCIgUmVjb3JkZWRWYWx1ZT0iaHR0cCUzQSUyRiUyRnd3dy5sb2dpbmRlbW8uY29tJTJGVXNlcnMlMkZVc2VyJTJGVXNlckxpc3QiIENvcnJlbGF0aW9uQmluZGluZz0iIiBVcmxFbmNvZGU9IkZhbHNlIiBVc2VUb0dyb3VwUmVzdWx0cz0iRmFsc2UiIC8+DQogICAgICAgIDxRdWVyeVN0cmluZ1BhcmFtZXRlciBOYW1lPSJicm93c2VyTmFtZSIgVmFsdWU9IkludGVybmV0RXhwbG9yZXIiIFJlY29yZGVkVmFsdWU9IkludGVybmV0RXhwbG9yZXIiIENvcnJlbGF0aW9uQmluZGluZz0iIiBVcmxFbmNvZGU9IkZhbHNlIiBVc2VUb0dyb3VwUmVzdWx0cz0iRmFsc2UiIC8+DQogICAgICAgIDxRdWVyeVN0cmluZ1BhcmFtZXRlciBOYW1lPSJ0aWQiIFZhbHVlPSI5IiBSZWNvcmRlZFZhbHVlPSI5IiBDb3JyZWxhdGlvbkJpbmRpbmc9IiIgVXJsRW5jb2RlPSJGYWxzZSIgVXNlVG9Hcm91cFJlc3VsdHM9IkZhbHNlIiAvPg0KICAgICAgICA8UXVlcnlTdHJpbmdQYXJhbWV0ZXIgTmFtZT0iY2FsbGJhY2siIFZhbHVlPSJqUXVlcnkxODIwMTUyNDc5ODE1NjU1NzQ4MDhfMTQ0MTg4MzI5OTM1OSIgUmVjb3JkZWRWYWx1ZT0ialF1ZXJ5MTgyMDE1MjQ3OTgxNTY1NTc0ODA4XzE0NDE4ODMyOTkzNTkiIENvcnJlbGF0aW9uQmluZGluZz0iIiBVcmxFbmNvZGU9IkZhbHNlIiBVc2VUb0dyb3VwUmVzdWx0cz0iRmFsc2UiIC8+DQogICAgICAgIDxRdWVyeVN0cmluZ1BhcmFtZXRlciBOYW1lPSJfIiBWYWx1ZT0iMTQ0MTg4MzI5OTY4NSIgUmVjb3JkZWRWYWx1ZT0iMTQ0MTg4MzI5OTY4NSIgQ29ycmVsYXRpb25CaW5kaW5nPSIiIFVybEVuY29kZT0iRmFsc2UiIFVzZVRvR3JvdXBSZXN1bHRzPSJGYWxzZSIgLz4NCiAgICAgIDwvUXVlcnlTdHJpbmdQYXJhbWV0ZXJzPg0KICAgIDwvUmVxdWVzdD4NCiAgICA8UmVxdWVzdCBNZXRob2Q9IkdFVCIgR3VpZD0iNjExY2U5MTMtYmFmNC00MjRiLThjMGQtN2FkMzk3ODMxNmI2IiBWZXJzaW9uPSIxLjEiIFVybD0iaHR0cDovL2xvY2FsaG9zdDoyNjE3MS81ZWYzZmYzYzkzNzM0NTJhODEzMzlmMzBhZDkyODdiNS9hcnRlcnlTaWduYWxSL3NlbmQiIFRoaW5rVGltZT0iMCIgVGltZW91dD0iMzAwIiBQYXJzZURlcGVuZGVudFJlcXVlc3RzPSJUcnVlIiBGb2xsb3dSZWRpcmVjdHM9IlRydWUiIFJlY29yZFJlc3VsdD0iVHJ1ZSIgQ2FjaGU9IkZhbHNlIiBSZXNwb25zZVRpbWVHb2FsPSIwIiBFbmNvZGluZz0idXRmLTgiIEV4cGVjdGVkSHR0cFN0YXR1c0NvZGU9IjAiIEV4cGVjdGVkUmVzcG9uc2VVcmw9IiIgUmVwb3J0aW5nTmFtZT0iIiBJZ25vcmVIdHRwU3RhdHVzQ29kZT0iRmFsc2UiPg0KICAgICAgPEhlYWRlcnM+DQogICAgICAgIDxIZWFkZXIgTmFtZT0iUmVmZXJlciIgVmFsdWU9Imh0dHA6Ly93d3cubG9naW5kZW1vLmNvbS9Vc2Vycy9Vc2VyL1VzZXJMaXN0IiAvPg0KICAgICAgPC9IZWFkZXJzPg0KICAgICAgPFF1ZXJ5U3RyaW5nUGFyYW1ldGVycz4NCiAgICAgICAgPFF1ZXJ5U3RyaW5nUGFyYW1ldGVyIE5hbWU9InRyYW5zcG9ydCIgVmFsdWU9ImxvbmdQb2xsaW5nIiBSZWNvcmRlZFZhbHVlPSJsb25nUG9sbGluZyIgQ29ycmVsYXRpb25CaW5kaW5nPSIiIFVybEVuY29kZT0iRmFsc2UiIFVzZVRvR3JvdXBSZXN1bHRzPSJGYWxzZSIgLz4NCiAgICAgICAgPFF1ZXJ5U3RyaW5nUGFyYW1ldGVyIE5hbWU9ImNvbm5lY3Rpb25Ub2tlbiIgVmFsdWU9IkFRQUFBTkNNbmQ4QkZkRVJqSG9Bd0UlMkZDbCUyQnNCQUFBQUlvak9wJTJCcXNWRSUyQnJGMHVVVDd0V2dBQUFBQUFDQUFBQUFBQVFaZ0FBQUFFQUFDQUFBQURTbzd2ZW5KQ2Y4RkpJMWdnMzBSV1hrTmglMkJENHpHMTNiWjhFV25SMFhDWFFBQUFBQU9nQUFBQUFJQUFDQUFBQURhOUphWU9OeDJPREtkJTJGZjd2VnVRazZDSEVPMyUyRmdEdjklMkJBdVpiYWJKS3NqQUFBQUJCRkNTNnZWdmFHTyUyRlFGa2tTJTJGOVdIOUs0ZHJPanVHUk4lMkJXa3RvMmtGVlhqMm5GaUc2SE5MNjJFWkYydGMzTmE5QUFBQUF0TzA0ZThLaDBrMGt2RGlIWlN5blA1eEloM3RyV3JTUXhJQUZ6JTJGOCUyRnFweWslMkZTUHRrTE1UYnp5Wkgydk0wQjhYQUJuRW9OTTdRb1E2diUyQlg5aGpQdE53JTNEJTNEIiBSZWNvcmRlZFZhbHVlPSJBUUFBQU5DTW5kOEJGZEVSakhvQXdFJTJGQ2wlMkJzQkFBQUFJb2pPcCUyQnFzVkUlMkJyRjB1VVQ3dFdnQUFBQUFBQ0FBQUFBQUFRWmdBQUFBRUFBQ0FBQUFEU283dmVuSkNmOEZKSTFnZzMwUldYa05oJTJCRDR6RzEzYlo4RVduUjBYQ1hRQUFBQUFPZ0FBQUFBSUFBQ0FBQUFEYTlKYVlPTngyT0RLZCUyRmY3dlZ1UWs2Q0hFTzMlMkZnRHY5JTJCQXVaYmFiSktzakFBQUFCQkZDUzZ2VnZhR08lMkZRRmtrUyUyRjlXSDlLNGRyT2p1R1JOJTJCV2t0bzJrRlZYajJuRmlHNkhOTDYyRVpGMnRjM05hOUFBQUFBdE8wNGU4S2gwazBrdkRpSFpTeW5QNXhJaDN0cldyU1F4SUFGeiUyRjglMkZxcHlrJTJGU1B0a0xNVGJ6eVpIMnZNMEI4WEFCbkVvTk03UW9RNnYlMkJYOWhqUHROdyUzRCUzRCIgQ29ycmVsYXRpb25CaW5kaW5nPSIiIFVybEVuY29kZT0iRmFsc2UiIFVzZVRvR3JvdXBSZXN1bHRzPSJGYWxzZSIgLz4NCiAgICAgICAgPFF1ZXJ5U3RyaW5nUGFyYW1ldGVyIE5hbWU9InJlcXVlc3RVcmwiIFZhbHVlPSJodHRwJTNBJTJGJTJGd3d3LmxvZ2luZGVtby5jb20lMkZVc2VycyUyRlVzZXIlMkZVc2VyTGlzdCIgUmVjb3JkZWRWYWx1ZT0iaHR0cCUzQSUyRiUyRnd3dy5sb2dpbmRlbW8uY29tJTJGVXNlcnMlMkZVc2VyJTJGVXNlckxpc3QiIENvcnJlbGF0aW9uQmluZGluZz0iIiBVcmxFbmNvZGU9IkZhbHNlIiBVc2VUb0dyb3VwUmVzdWx0cz0iRmFsc2UiIC8+DQogICAgICAgIDxRdWVyeVN0cmluZ1BhcmFtZXRlciBOYW1lPSJicm93c2VyTmFtZSIgVmFsdWU9IkludGVybmV0RXhwbG9yZXIiIFJlY29yZGVkVmFsdWU9IkludGVybmV0RXhwbG9yZXIiIENvcnJlbGF0aW9uQmluZGluZz0iIiBVcmxFbmNvZGU9IkZhbHNlIiBVc2VUb0dyb3VwUmVzdWx0cz0iRmFsc2UiIC8+DQogICAgICAgIDxRdWVyeVN0cmluZ1BhcmFtZXRlciBOYW1lPSJjYWxsYmFjayIgVmFsdWU9ImpRdWVyeTE4MjAxNTI0Nzk4MTU2NTU3NDgwOF8xNDQxODgzMjk5MzU5IiBSZWNvcmRlZFZhbHVlPSJqUXVlcnkxODIwMTUyNDc5ODE1NjU1NzQ4MDhfMTQ0MTg4MzI5OTM1OSIgQ29ycmVsYXRpb25CaW5kaW5nPSIiIFVybEVuY29kZT0iRmFsc2UiIFVzZVRvR3JvdXBSZXN1bHRzPSJGYWxzZSIgLz4NCiAgICAgICAgPFF1ZXJ5U3RyaW5nUGFyYW1ldGVyIE5hbWU9ImRhdGEiIFZhbHVlPSIlN0IlMjJuYW1lJTIyJTNBJTIyTWljcm9zb2Z0LlZpc3VhbFN0dWRpby5XZWIuQnJvd3NlckxpbmsuQ29yZUV4dGVuc2lvbkZhY3RvcnkuY29ubmVjdGVkJTIyJTJDJTIyY2FsbGJhY2tJZCUyMiUzQTElN0QiIFJlY29yZGVkVmFsdWU9IiU3QiUyMm5hbWUlMjIlM0ElMjJNaWNyb3NvZnQuVmlzdWFsU3R1ZGlvLldlYi5Ccm93c2VyTGluay5Db3JlRXh0ZW5zaW9uRmFjdG9yeS5jb25uZWN0ZWQlMjIlMkMlMjJjYWxsYmFja0lkJTIyJTNBMSU3RCIgQ29ycmVsYXRpb25CaW5kaW5nPSIiIFVybEVuY29kZT0iRmFsc2UiIFVzZVRvR3JvdXBSZXN1bHRzPSJGYWxzZSIgLz4NCiAgICAgICAgPFF1ZXJ5U3RyaW5nUGFyYW1ldGVyIE5hbWU9Il8iIFZhbHVlPSIxNDQxODgzMjk5NjkyIiBSZWNvcmRlZFZhbHVlPSIxNDQxODgzMjk5NjkyIiBDb3JyZWxhdGlvbkJpbmRpbmc9IiIgVXJsRW5jb2RlPSJGYWxzZSIgVXNlVG9Hcm91cFJlc3VsdHM9IkZhbHNlIiAvPg0KICAgICAgPC9RdWVyeVN0cmluZ1BhcmFtZXRlcnM+DQogICAgPC9SZXF1ZXN0Pg0KICAgIDxSZXF1ZXN0IE1ldGhvZD0iR0VUIiBHdWlkPSJkYmZiNDlmYi0zNDE0LTQ0YzYtYjdlYi04NmQyOTdjYWY4ODYiIFZlcnNpb249IjEuMSIgVXJsPSJodHRwOi8vbG9jYWxob3N0OjI2MTcxLzVlZjNmZjNjOTM3MzQ1MmE4MTMzOWYzMGFkOTI4N2I1L2FydGVyeVNpZ25hbFIvcG9sbCIgVGhpbmtUaW1lPSIwIiBUaW1lb3V0PSIzMDAiIFBhcnNlRGVwZW5kZW50UmVxdWVzdHM9IlRydWUiIEZvbGxvd1JlZGlyZWN0cz0iVHJ1ZSIgUmVjb3JkUmVzdWx0PSJUcnVlIiBDYWNoZT0iRmFsc2UiIFJlc3BvbnNlVGltZUdvYWw9IjAiIEVuY29kaW5nPSJ1dGYtOCIgRXhwZWN0ZWRIdHRwU3RhdHVzQ29kZT0iMCIgRXhwZWN0ZWRSZXNwb25zZVVybD0iIiBSZXBvcnRpbmdOYW1lPSIiIElnbm9yZUh0dHBTdGF0dXNDb2RlPSJGYWxzZSI+DQogICAgICA8SGVhZGVycz4NCiAgICAgICAgPEhlYWRlciBOYW1lPSJSZWZlcmVyIiBWYWx1ZT0iaHR0cDovL3d3dy5sb2dpbmRlbW8uY29tL1VzZXJzL1VzZXIvVXNlckxpc3QiIC8+DQogICAgICA8L0hlYWRlcnM+DQogICAgICA8UXVlcnlTdHJpbmdQYXJhbWV0ZXJzPg0KICAgICAgICA8UXVlcnlTdHJpbmdQYXJhbWV0ZXIgTmFtZT0idHJhbnNwb3J0IiBWYWx1ZT0ibG9uZ1BvbGxpbmciIFJlY29yZGVkVmFsdWU9ImxvbmdQb2xsaW5nIiBDb3JyZWxhdGlvbkJpbmRpbmc9IiIgVXJsRW5jb2RlPSJGYWxzZSIgVXNlVG9Hcm91cFJlc3VsdHM9IkZhbHNlIiAvPg0KICAgICAgICA8UXVlcnlTdHJpbmdQYXJhbWV0ZXIgTmFtZT0iY29ubmVjdGlvblRva2VuIiBWYWx1ZT0iQVFBQUFOQ01uZDhCRmRFUmpIb0F3RSUyRkNsJTJCc0JBQUFBSW9qT3AlMkJxc1ZFJTJCckYwdVVUN3RXZ0FBQUFBQUNBQUFBQUFBUVpnQUFBQUVBQUNBQUFBRFNvN3ZlbkpDZjhGSkkxZ2czMFJXWGtOaCUyQkQ0ekcxM2JaOEVXblIwWENYUUFBQUFBT2dBQUFBQUlBQUNBQUFBRGE5SmFZT054Mk9ES2QlMkZmN3ZWdVFrNkNIRU8zJTJGZ0R2OSUyQkF1WmJhYkpLc2pBQUFBQkJGQ1M2dlZ2YUdPJTJGUUZra1MlMkY5V0g5SzRkck9qdUdSTiUyQldrdG8ya0ZWWGoybkZpRzZITkw2MkVaRjJ0YzNOYTlBQUFBQXRPMDRlOEtoMGswa3ZEaUhaU3luUDV4SWgzdHJXclNReElBRnolMkY4JTJGcXB5ayUyRlNQdGtMTVRienlaSDJ2TTBCOFhBQm5Fb05NN1FvUTZ2JTJCWDloalB0TnclM0QlM0QiIFJlY29yZGVkVmFsdWU9IkFRQUFBTkNNbmQ4QkZkRVJqSG9Bd0UlMkZDbCUyQnNCQUFBQUlvak9wJTJCcXNWRSUyQnJGMHVVVDd0V2dBQUFBQUFDQUFBQUFBQVFaZ0FBQUFFQUFDQUFBQURTbzd2ZW5KQ2Y4RkpJMWdnMzBSV1hrTmglMkJENHpHMTNiWjhFV25SMFhDWFFBQUFBQU9nQUFBQUFJQUFDQUFBQURhOUphWU9OeDJPREtkJTJGZjd2VnVRazZDSEVPMyUyRmdEdjklMkJBdVpiYWJKS3NqQUFBQUJCRkNTNnZWdmFHTyUyRlFGa2tTJTJGOVdIOUs0ZHJPanVHUk4lMkJXa3RvMmtGVlhqMm5GaUc2SE5MNjJFWkYydGMzTmE5QUFBQUF0TzA0ZThLaDBrMGt2RGlIWlN5blA1eEloM3RyV3JTUXhJQUZ6JTJGOCUyRnFweWslMkZTUHRrTE1UYnp5Wkgydk0wQjhYQUJuRW9OTTdRb1E2diUyQlg5aGpQdE53JTNEJTNEIiBDb3JyZWxhdGlvbkJpbmRpbmc9IiIgVXJsRW5jb2RlPSJGYWxzZSIgVXNlVG9Hcm91cFJlc3VsdHM9IkZhbHNlIiAvPg0KICAgICAgICA8UXVlcnlTdHJpbmdQYXJhbWV0ZXIgTmFtZT0ibWVzc2FnZUlkIiBWYWx1ZT0iZC02NjQ1RUQwOC1CJTJDMCU3Q00lMkMxJTdDTiUyQzAiIFJlY29yZGVkVmFsdWU9ImQtNjY0NUVEMDgtQiUyQzAlN0NNJTJDMSU3Q04lMkMwIiBDb3JyZWxhdGlvbkJpbmRpbmc9IiIgVXJsRW5jb2RlPSJGYWxzZSIgVXNlVG9Hcm91cFJlc3VsdHM9IkZhbHNlIiAvPg0KICAgICAgICA8UXVlcnlTdHJpbmdQYXJhbWV0ZXIgTmFtZT0icmVxdWVzdFVybCIgVmFsdWU9Imh0dHAlM0ElMkYlMkZ3d3cubG9naW5kZW1vLmNvbSUyRlVzZXJzJTJGVXNlciUyRlVzZXJMaXN0IiBSZWNvcmRlZFZhbHVlPSJodHRwJTNBJTJGJTJGd3d3LmxvZ2luZGVtby5jb20lMkZVc2VycyUyRlVzZXIlMkZVc2VyTGlzdCIgQ29ycmVsYXRpb25CaW5kaW5nPSIiIFVybEVuY29kZT0iRmFsc2UiIFVzZVRvR3JvdXBSZXN1bHRzPSJGYWxzZSIgLz4NCiAgICAgICAgPFF1ZXJ5U3RyaW5nUGFyYW1ldGVyIE5hbWU9ImJyb3dzZXJOYW1lIiBWYWx1ZT0iSW50ZXJuZXRFeHBsb3JlciIgUmVjb3JkZWRWYWx1ZT0iSW50ZXJuZXRFeHBsb3JlciIgQ29ycmVsYXRpb25CaW5kaW5nPSIiIFVybEVuY29kZT0iRmFsc2UiIFVzZVRvR3JvdXBSZXN1bHRzPSJGYWxzZSIgLz4NCiAgICAgICAgPFF1ZXJ5U3RyaW5nUGFyYW1ldGVyIE5hbWU9InRpZCIgVmFsdWU9IjciIFJlY29yZGVkVmFsdWU9IjciIENvcnJlbGF0aW9uQmluZGluZz0iIiBVcmxFbmNvZGU9IkZhbHNlIiBVc2VUb0dyb3VwUmVzdWx0cz0iRmFsc2UiIC8+DQogICAgICAgIDxRdWVyeVN0cmluZ1BhcmFtZXRlciBOYW1lPSJjYWxsYmFjayIgVmFsdWU9ImpRdWVyeTE4MjAxNTI0Nzk4MTU2NTU3NDgwOF8xNDQxODgzMjk5MzYwIiBSZWNvcmRlZFZhbHVlPSJqUXVlcnkxODIwMTUyNDc5ODE1NjU1NzQ4MDhfMTQ0MTg4MzI5OTM2MCIgQ29ycmVsYXRpb25CaW5kaW5nPSIiIFVybEVuY29kZT0iRmFsc2UiIFVzZVRvR3JvdXBSZXN1bHRzPSJGYWxzZSIgLz4NCiAgICAgICAgPFF1ZXJ5U3RyaW5nUGFyYW1ldGVyIE5hbWU9Il8iIFZhbHVlPSIxNDQxODgzMjk5Njk0IiBSZWNvcmRlZFZhbHVlPSIxNDQxODgzMjk5Njk0IiBDb3JyZWxhdGlvbkJpbmRpbmc9IiIgVXJsRW5jb2RlPSJGYWxzZSIgVXNlVG9Hcm91cFJlc3VsdHM9IkZhbHNlIiAvPg0KICAgICAgPC9RdWVyeVN0cmluZ1BhcmFtZXRlcnM+DQogICAgPC9SZXF1ZXN0Pg0KICAgIDxSZXF1ZXN0IE1ldGhvZD0iR0VUIiBHdWlkPSI4YjI2MDUzYi03ZDUzLTQ3YzctOTZjZS05NzQwNGEzNzExNzkiIFZlcnNpb249IjEuMSIgVXJsPSJodHRwOi8vbG9jYWxob3N0OjI2MTcxLzVlZjNmZjNjOTM3MzQ1MmE4MTMzOWYzMGFkOTI4N2I1L2FydGVyeVNpZ25hbFIvc2VuZCIgVGhpbmtUaW1lPSIwIiBUaW1lb3V0PSIzMDAiIFBhcnNlRGVwZW5kZW50UmVxdWVzdHM9IlRydWUiIEZvbGxvd1JlZGlyZWN0cz0iVHJ1ZSIgUmVjb3JkUmVzdWx0PSJUcnVlIiBDYWNoZT0iRmFsc2UiIFJlc3BvbnNlVGltZUdvYWw9IjAiIEVuY29kaW5nPSJ1dGYtOCIgRXhwZWN0ZWRIdHRwU3RhdHVzQ29kZT0iMCIgRXhwZWN0ZWRSZXNwb25zZVVybD0iIiBSZXBvcnRpbmdOYW1lPSIiIElnbm9yZUh0dHBTdGF0dXNDb2RlPSJGYWxzZSI+DQogICAgICA8SGVhZGVycz4NCiAgICAgICAgPEhlYWRlciBOYW1lPSJSZWZlcmVyIiBWYWx1ZT0iaHR0cDovL3d3dy5sb2dpbmRlbW8uY29tL1VzZXJzL1VzZXIvVXNlckxpc3QiIC8+DQogICAgICA8L0hlYWRlcnM+DQogICAgICA8UXVlcnlTdHJpbmdQYXJhbWV0ZXJzPg0KICAgICAgICA8UXVlcnlTdHJpbmdQYXJhbWV0ZXIgTmFtZT0idHJhbnNwb3J0IiBWYWx1ZT0ibG9uZ1BvbGxpbmciIFJlY29yZGVkVmFsdWU9ImxvbmdQb2xsaW5nIiBDb3JyZWxhdGlvbkJpbmRpbmc9IiIgVXJsRW5jb2RlPSJGYWxzZSIgVXNlVG9Hcm91cFJlc3VsdHM9IkZhbHNlIiAvPg0KICAgICAgICA8UXVlcnlTdHJpbmdQYXJhbWV0ZXIgTmFtZT0iY29ubmVjdGlvblRva2VuIiBWYWx1ZT0iQVFBQUFOQ01uZDhCRmRFUmpIb0F3RSUyRkNsJTJCc0JBQUFBSW9qT3AlMkJxc1ZFJTJCckYwdVVUN3RXZ0FBQUFBQUNBQUFBQUFBUVpnQUFBQUVBQUNBQUFBRFNvN3ZlbkpDZjhGSkkxZ2czMFJXWGtOaCUyQkQ0ekcxM2JaOEVXblIwWENYUUFBQUFBT2dBQUFBQUlBQUNBQUFBRGE5SmFZT054Mk9ES2QlMkZmN3ZWdVFrNkNIRU8zJTJGZ0R2OSUyQkF1WmJhYkpLc2pBQUFBQkJGQ1M2dlZ2YUdPJTJGUUZra1MlMkY5V0g5SzRkck9qdUdSTiUyQldrdG8ya0ZWWGoybkZpRzZITkw2MkVaRjJ0YzNOYTlBQUFBQXRPMDRlOEtoMGswa3ZEaUhaU3luUDV4SWgzdHJXclNReElBRnolMkY4JTJGcXB5ayUyRlNQdGtMTVRienlaSDJ2TTBCOFhBQm5Fb05NN1FvUTZ2JTJCWDloalB0TnclM0QlM0QiIFJlY29yZGVkVmFsdWU9IkFRQUFBTkNNbmQ4QkZkRVJqSG9Bd0UlMkZDbCUyQnNCQUFBQUlvak9wJTJCcXNWRSUyQnJGMHVVVDd0V2dBQUFBQUFDQUFBQUFBQVFaZ0FBQUFFQUFDQUFBQURTbzd2ZW5KQ2Y4RkpJMWdnMzBSV1hrTmglMkJENHpHMTNiWjhFV25SMFhDWFFBQUFBQU9nQUFBQUFJQUFDQUFBQURhOUphWU9OeDJPREtkJTJGZjd2VnVRazZDSEVPMyUyRmdEdjklMkJBdVpiYWJKS3NqQUFBQUJCRkNTNnZWdmFHTyUyRlFGa2tTJTJGOVdIOUs0ZHJPanVHUk4lMkJXa3RvMmtGVlhqMm5GaUc2SE5MNjJFWkYydGMzTmE5QUFBQUF0TzA0ZThLaDBrMGt2RGlIWlN5blA1eEloM3RyV3JTUXhJQUZ6JTJGOCUyRnFweWslMkZTUHRrTE1UYnp5Wkgydk0wQjhYQUJuRW9OTTdRb1E2diUyQlg5aGpQdE53JTNEJTNEIiBDb3JyZWxhdGlvbkJpbmRpbmc9IiIgVXJsRW5jb2RlPSJGYWxzZSIgVXNlVG9Hcm91cFJlc3VsdHM9IkZhbHNlIiAvPg0KICAgICAgICA8UXVlcnlTdHJpbmdQYXJhbWV0ZXIgTmFtZT0icmVxdWVzdFVybCIgVmFsdWU9Imh0dHAlM0ElMkYlMkZ3d3cubG9naW5kZW1vLmNvbSUyRlVzZXJzJTJGVXNlciUyRlVzZXJMaXN0IiBSZWNvcmRlZFZhbHVlPSJodHRwJTNBJTJGJTJGd3d3LmxvZ2luZGVtby5jb20lMkZVc2VycyUyRlVzZXIlMkZVc2VyTGlzdCIgQ29ycmVsYXRpb25CaW5kaW5nPSIiIFVybEVuY29kZT0iRmFsc2UiIFVzZVRvR3JvdXBSZXN1bHRzPSJGYWxzZSIgLz4NCiAgICAgICAgPFF1ZXJ5U3RyaW5nUGFyYW1ldGVyIE5hbWU9ImJyb3dzZXJOYW1lIiBWYWx1ZT0iSW50ZXJuZXRFeHBsb3JlciIgUmVjb3JkZWRWYWx1ZT0iSW50ZXJuZXRFeHBsb3JlciIgQ29ycmVsYXRpb25CaW5kaW5nPSIiIFVybEVuY29kZT0iRmFsc2UiIFVzZVRvR3JvdXBSZXN1bHRzPSJGYWxzZSIgLz4NCiAgICAgICAgPFF1ZXJ5U3RyaW5nUGFyYW1ldGVyIE5hbWU9ImNhbGxiYWNrIiBWYWx1ZT0ialF1ZXJ5MTgyMDE1MjQ3OTgxNTY1NTc0ODA4XzE0NDE4ODMyOTkzNjAiIFJlY29yZGVkVmFsdWU9ImpRdWVyeTE4MjAxNTI0Nzk4MTU2NTU3NDgwOF8xNDQxODgzMjk5MzYwIiBDb3JyZWxhdGlvbkJpbmRpbmc9IiIgVXJsRW5jb2RlPSJGYWxzZSIgVXNlVG9Hcm91cFJlc3VsdHM9IkZhbHNlIiAvPg0KICAgICAgICA8UXVlcnlTdHJpbmdQYXJhbWV0ZXIgTmFtZT0iZGF0YSIgVmFsdWU9IiU3QiUyMm5hbWUlMjIlM0ElMjJtaWNyb3NvZnQudmlzdWFsc3R1ZGlvLndlYi5icm93c2VybGluay5odG1sbWFwcGluZ2V4dGVuc2lvbmZhY3RvcnkucmVzb2x2ZVVybCUyMiUyQyUyMmFyZ3MlMjIlM0ElNUIlMjJ+JTJGX19icm93c2VyTGluayUyRnJlcXVlc3REYXRhJTJGZDkzZDNlY2U0YTI5NDY4MTkwYjMzMzliNGRjOTY5YWYlMjIlNUQlMkMlMjJjYWxsYmFja0lkJTIyJTNBMiU3RCIgUmVjb3JkZWRWYWx1ZT0iJTdCJTIybmFtZSUyMiUzQSUyMm1pY3Jvc29mdC52aXN1YWxzdHVkaW8ud2ViLmJyb3dzZXJsaW5rLmh0bWxtYXBwaW5nZXh0ZW5zaW9uZmFjdG9yeS5yZXNvbHZlVXJsJTIyJTJDJTIyYXJncyUyMiUzQSU1QiUyMn4lMkZfX2Jyb3dzZXJMaW5rJTJGcmVxdWVzdERhdGElMkZkOTNkM2VjZTRhMjk0NjgxOTBiMzMzOWI0ZGM5NjlhZiUyMiU1RCUyQyUyMmNhbGxiYWNrSWQlMjIlM0EyJTdEIiBDb3JyZWxhdGlvbkJpbmRpbmc9IiIgVXJsRW5jb2RlPSJGYWxzZSIgVXNlVG9Hcm91cFJlc3VsdHM9IkZhbHNlIiAvPg0KICAgICAgICA8UXVlcnlTdHJpbmdQYXJhbWV0ZXIgTmFtZT0iXyIgVmFsdWU9IjE0NDE4ODMyOTk3MjQiIFJlY29yZGVkVmFsdWU9IjE0NDE4ODMyOTk3MjQiIENvcnJlbGF0aW9uQmluZGluZz0iIiBVcmxFbmNvZGU9IkZhbHNlIiBVc2VUb0dyb3VwUmVzdWx0cz0iRmFsc2UiIC8+DQogICAgICA8L1F1ZXJ5U3RyaW5nUGFyYW1ldGVycz4NCiAgICA8L1JlcXVlc3Q+DQogICAgPFJlcXVlc3QgTWV0aG9kPSJHRVQiIEd1aWQ9ImI3MGRlNWU5LWMyNjgtNGQ0NC04MDFmLTEzMTcxM2I5MWRlZSIgVmVyc2lvbj0iMS4xIiBVcmw9Imh0dHA6Ly9sb2NhbGhvc3Q6MjYxNzEvNWVmM2ZmM2M5MzczNDUyYTgxMzM5ZjMwYWQ5Mjg3YjUvYXJ0ZXJ5U2lnbmFsUi9wb2xsIiBUaGlua1RpbWU9IjAiIFRpbWVvdXQ9IjMwMCIgUGFyc2VEZXBlbmRlbnRSZXF1ZXN0cz0iVHJ1ZSIgRm9sbG93UmVkaXJlY3RzPSJUcnVlIiBSZWNvcmRSZXN1bHQ9IlRydWUiIENhY2hlPSJGYWxzZSIgUmVzcG9uc2VUaW1lR29hbD0iMCIgRW5jb2Rpbmc9InV0Zi04IiBFeHBlY3RlZEh0dHBTdGF0dXNDb2RlPSIwIiBFeHBlY3RlZFJlc3BvbnNlVXJsPSIiIFJlcG9ydGluZ05hbWU9IiIgSWdub3JlSHR0cFN0YXR1c0NvZGU9IkZhbHNlIj4NCiAgICAgIDxIZWFkZXJzPg0KICAgICAgICA8SGVhZGVyIE5hbWU9IlJlZmVyZXIiIFZhbHVlPSJodHRwOi8vd3d3LmxvZ2luZGVtby5jb20vVXNlcnMvVXNlci9Vc2VyTGlzdCIgLz4NCiAgICAgIDwvSGVhZGVycz4NCiAgICAgIDxRdWVyeVN0cmluZ1BhcmFtZXRlcnM+DQogICAgICAgIDxRdWVyeVN0cmluZ1BhcmFtZXRlciBOYW1lPSJ0cmFuc3BvcnQiIFZhbHVlPSJsb25nUG9sbGluZyIgUmVjb3JkZWRWYWx1ZT0ibG9uZ1BvbGxpbmciIENvcnJlbGF0aW9uQmluZGluZz0iIiBVcmxFbmNvZGU9IkZhbHNlIiBVc2VUb0dyb3VwUmVzdWx0cz0iRmFsc2UiIC8+DQogICAgICAgIDxRdWVyeVN0cmluZ1BhcmFtZXRlciBOYW1lPSJjb25uZWN0aW9uVG9rZW4iIFZhbHVlPSJBUUFBQU5DTW5kOEJGZEVSakhvQXdFJTJGQ2wlMkJzQkFBQUFJb2pPcCUyQnFzVkUlMkJyRjB1VVQ3dFdnQUFBQUFBQ0FBQUFBQUFRWmdBQUFBRUFBQ0FBQUFEU283dmVuSkNmOEZKSTFnZzMwUldYa05oJTJCRDR6RzEzYlo4RVduUjBYQ1hRQUFBQUFPZ0FBQUFBSUFBQ0FBQUFEYTlKYVlPTngyT0RLZCUyRmY3dlZ1UWs2Q0hFTzMlMkZnRHY5JTJCQXVaYmFiSktzakFBQUFCQkZDUzZ2VnZhR08lMkZRRmtrUyUyRjlXSDlLNGRyT2p1R1JOJTJCV2t0bzJrRlZYajJuRmlHNkhOTDYyRVpGMnRjM05hOUFBQUFBdE8wNGU4S2gwazBrdkRpSFpTeW5QNXhJaDN0cldyU1F4SUFGeiUyRjglMkZxcHlrJTJGU1B0a0xNVGJ6eVpIMnZNMEI4WEFCbkVvTk03UW9RNnYlMkJYOWhqUHROdyUzRCUzRCIgUmVjb3JkZWRWYWx1ZT0iQVFBQUFOQ01uZDhCRmRFUmpIb0F3RSUyRkNsJTJCc0JBQUFBSW9qT3AlMkJxc1ZFJTJCckYwdVVUN3RXZ0FBQUFBQUNBQUFBQUFBUVpnQUFBQUVBQUNBQUFBRFNvN3ZlbkpDZjhGSkkxZ2czMFJXWGtOaCUyQkQ0ekcxM2JaOEVXblIwWENYUUFBQUFBT2dBQUFBQUlBQUNBQUFBRGE5SmFZT054Mk9ES2QlMkZmN3ZWdVFrNkNIRU8zJTJGZ0R2OSUyQkF1WmJhYkpLc2pBQUFBQkJGQ1M2dlZ2YUdPJTJGUUZra1MlMkY5V0g5SzRkck9qdUdSTiUyQldrdG8ya0ZWWGoybkZpRzZITkw2MkVaRjJ0YzNOYTlBQUFBQXRPMDRlOEtoMGswa3ZEaUhaU3luUDV4SWgzdHJXclNReElBRnolMkY4JTJGcXB5ayUyRlNQdGtMTVRienlaSDJ2TTBCOFhBQm5Fb05NN1FvUTZ2JTJCWDloalB0TnclM0QlM0QiIENvcnJlbGF0aW9uQmluZGluZz0iIiBVcmxFbmNvZGU9IkZhbHNlIiBVc2VUb0dyb3VwUmVzdWx0cz0iRmFsc2UiIC8+DQogICAgICAgIDxRdWVyeVN0cmluZ1BhcmFtZXRlciBOYW1lPSJtZXNzYWdlSWQiIFZhbHVlPSJkLTY2NDVFRDA4LUIlMkMwJTdDTSUyQzIlN0NOJTJDMCIgUmVjb3JkZWRWYWx1ZT0iZC02NjQ1RUQwOC1CJTJDMCU3Q00lMkMyJTdDTiUyQzAiIENvcnJlbGF0aW9uQmluZGluZz0iIiBVcmxFbmNvZGU9IkZhbHNlIiBVc2VUb0dyb3VwUmVzdWx0cz0iRmFsc2UiIC8+DQogICAgICAgIDxRdWVyeVN0cmluZ1BhcmFtZXRlciBOYW1lPSJyZXF1ZXN0VXJsIiBWYWx1ZT0iaHR0cCUzQSUyRiUyRnd3dy5sb2dpbmRlbW8uY29tJTJGVXNlcnMlMkZVc2VyJTJGVXNlckxpc3QiIFJlY29yZGVkVmFsdWU9Imh0dHAlM0ElMkYlMkZ3d3cubG9naW5kZW1vLmNvbSUyRlVzZXJzJTJGVXNlciUyRlVzZXJMaXN0IiBDb3JyZWxhdGlvbkJpbmRpbmc9IiIgVXJsRW5jb2RlPSJGYWxzZSIgVXNlVG9Hcm91cFJlc3VsdHM9IkZhbHNlIiAvPg0KICAgICAgICA8UXVlcnlTdHJpbmdQYXJhbWV0ZXIgTmFtZT0iYnJvd3Nlck5hbWUiIFZhbHVlPSJJbnRlcm5ldEV4cGxvcmVyIiBSZWNvcmRlZFZhbHVlPSJJbnRlcm5ldEV4cGxvcmVyIiBDb3JyZWxhdGlvbkJpbmRpbmc9IiIgVXJsRW5jb2RlPSJGYWxzZSIgVXNlVG9Hcm91cFJlc3VsdHM9IkZhbHNlIiAvPg0KICAgICAgICA8UXVlcnlTdHJpbmdQYXJhbWV0ZXIgTmFtZT0idGlkIiBWYWx1ZT0iMSIgUmVjb3JkZWRWYWx1ZT0iMSIgQ29ycmVsYXRpb25CaW5kaW5nPSIiIFVybEVuY29kZT0iRmFsc2UiIFVzZVRvR3JvdXBSZXN1bHRzPSJGYWxzZSIgLz4NCiAgICAgICAgPFF1ZXJ5U3RyaW5nUGFyYW1ldGVyIE5hbWU9ImNhbGxiYWNrIiBWYWx1ZT0ialF1ZXJ5MTgyMDE1MjQ3OTgxNTY1NTc0ODA4XzE0NDE4ODMyOTkzNTkiIFJlY29yZGVkVmFsdWU9ImpRdWVyeTE4MjAxNTI0Nzk4MTU2NTU3NDgwOF8xNDQxODgzMjk5MzU5IiBDb3JyZWxhdGlvbkJpbmRpbmc9IiIgVXJsRW5jb2RlPSJGYWxzZSIgVXNlVG9Hcm91cFJlc3VsdHM9IkZhbHNlIiAvPg0KICAgICAgICA8UXVlcnlTdHJpbmdQYXJhbWV0ZXIgTmFtZT0iXyIgVmFsdWU9IjE0NDE4ODMyOTk3MjYiIFJlY29yZGVkVmFsdWU9IjE0NDE4ODMyOTk3MjYiIENvcnJlbGF0aW9uQmluZGluZz0iIiBVcmxFbmNvZGU9IkZhbHNlIiBVc2VUb0dyb3VwUmVzdWx0cz0iRmFsc2UiIC8+DQogICAgICA8L1F1ZXJ5U3RyaW5nUGFyYW1ldGVycz4NCiAgICA8L1JlcXVlc3Q+DQogIDwvSXRlbXM+DQogIDxWYWxpZGF0aW9uUnVsZXM+DQogICAgPFZhbGlkYXRpb25SdWxlIENsYXNzbmFtZT0iTWljcm9zb2Z0LlZpc3VhbFN0dWRpby5UZXN0VG9vbHMuV2ViVGVzdGluZy5SdWxlcy5WYWxpZGF0ZVJlc3BvbnNlVXJsLCBNaWNyb3NvZnQuVmlzdWFsU3R1ZGlvLlF1YWxpdHlUb29scy5XZWJUZXN0RnJhbWV3b3JrLCBWZXJzaW9uPTEwLjAuMC4wLCBDdWx0dXJlPW5ldXRyYWwsIFB1YmxpY0tleVRva2VuPWIwM2Y1ZjdmMTFkNTBhM2EiIERpc3BsYXlOYW1lPSLlk43lupQgVVJMIiBEZXNjcmlwdGlvbj0i6aqM6K+B5Zyo5omn6KGM6YeN5a6a5ZCR5LmL5ZCO5ZON5bqUIFVSTCDmmK/lkKbkuI7miYDorrDlvZXnmoTlk43lupQgVVJMIOebuOWQjOOAgiAgUXVlcnlTdHJpbmcg5Y+C5pWw5bCG6KKr5b+955Wl44CCIiBMZXZlbD0iTG93IiBFeGVjdHVpb25PcmRlcj0iQmVmb3JlRGVwZW5kZW50cyIgLz4NCiAgICA8VmFsaWRhdGlvblJ1bGUgQ2xhc3NuYW1lPSJNaWNyb3NvZnQuVmlzdWFsU3R1ZGlvLlRlc3RUb29scy5XZWJUZXN0aW5nLlJ1bGVzLlZhbGlkYXRpb25SdWxlUmVzcG9uc2VUaW1lR29hbCwgTWljcm9zb2Z0LlZpc3VhbFN0dWRpby5RdWFsaXR5VG9vbHMuV2ViVGVzdEZyYW1ld29yaywgVmVyc2lvbj0xMC4wLjAuMCwgQ3VsdHVyZT1uZXV0cmFsLCBQdWJsaWNLZXlUb2tlbj1iMDNmNWY3ZjExZDUwYTNhIiBEaXNwbGF5TmFtZT0i5ZON5bqU5pe26Ze055uu5qCHIiBEZXNjcmlwdGlvbj0i56Gu6K6k6K+35rGC55qE5ZON5bqU5pe26Ze05bCP5LqO5oiW562J5LqO5a+56K+35rGC5oyH5a6a55qE5ZON5bqU5pe26Ze055uu5qCH44CCICDlsIblv73nlaXlk43lupTml7bpl7Tnm67moIfpm7bjgIIiIExldmVsPSJMb3ciIEV4ZWN0dWlvbk9yZGVyPSJBZnRlckRlcGVuZGVudHMiPg0KICAgICAgPFJ1bGVQYXJhbWV0ZXJzPg0KICAgICAgICA8UnVsZVBhcmFtZXRlciBOYW1lPSJUb2xlcmFuY2UiIFZhbHVlPSIwIiAvPg0KICAgICAgPC9SdWxlUGFyYW1ldGVycz4NCiAgICA8L1ZhbGlkYXRpb25SdWxlPg0KICA8L1ZhbGlkYXRpb25SdWxlcz4NCjwvV2ViVGVzdD4=">
      <Execution id="66d3a28b-ab91-4e67-a956-0d2495b13a0e" />
    </WebTest>
  </TestDefinitions>
  <TestLists>
    <TestList name="列表中未列出的结果" id="8c84fa94-04c1-424b-9868-57a2d4851a1d" />
    <TestList name="所有已加载的结果" id="19431567-8539-422a-85d7-44ee4e166bda" />
  </TestLists>
  <TestEntries>
    <TestEntry isTransparent="false" testId="8d274bfb-7f23-4a76-9359-8d14cb3dd4c0" executionId="66d3a28b-ab91-4e67-a956-0d2495b13a0e" testListId="8c84fa94-04c1-424b-9868-57a2d4851a1d" />
  </TestEntries>
  <Results>
    <WebTestResult executionId="66d3a28b-ab91-4e67-a956-0d2495b13a0e" testId="8d274bfb-7f23-4a76-9359-8d14cb3dd4c0" testName="WebTest2" computerName="WINDOWS-NET012" duration="00:01:25.6406075" startTime="2015-09-10T19:08:25.4884035+08:00" endTime="2015-09-10T19:10:01.7449090+08:00" testType="4e7599fa-5ecb-43e9-a887-cd63cf72d207" outcome="Passed" testListId="8c84fa94-04c1-424b-9868-57a2d4851a1d" relativeResultsDirectory="66d3a28b-ab91-4e67-a956-0d2495b13a0e">
      <ResultFiles>
        <ResultFile path="WebTest2.webtestResult" />
      </ResultFiles>
      <TestSettings name="本地" id="c6ce192d-70fe-4e52-ba5a-da7ab56ebd22">
        <Description>这些设置为本地测试运行的默认测试设置。</Description>
        <Execution>
          <TestTypeSpecific>
            <WebTestRunConfiguration testTypeId="4e7599fa-5ecb-43e9-a887-cd63cf72d207">
              <Browser name="Internet Explorer 9.0" MaxConnections="6">
                <Headers>
                  <Header name="User-Agent" value="Mozilla/5.0 (compatible; MSIE 9.0; Windows NT 6.1; Trident/5.0)" />
                  <Header name="Accept" value="*/*" />
                  <Header name="Accept-Language" value="{{$IEAcceptLanguage}}" />
                  <Header name="Accept-Encoding" value="GZIP" />
                </Headers>
              </Browser>
            </WebTestRunConfiguration>
          </TestTypeSpecific>
          <AgentRule name="Execution Agents">
          </AgentRule>
        </Execution>
        <Deployment runDeploymentRoot="Administrator_WINDOWS-NET012 2015-09-10 19_08_25" />
        <Properties />
      </TestSettings>
      <WebTestResultFilePath>Administrator_WINDOWS-NET012 2015-09-10 19_08_25\In\66d3a28b-ab91-4e67-a956-0d2495b13a0e\WebTest2.webtestResult</WebTestResultFilePath>
    </WebTestResult>
  </Results>
</TestRun>